#
# A fatal error has been detected by the Java Runtime Environment:
#
#  EXCEPTION_ACCESS_VIOLATION (0xc0000005) at pc=0x0000018fba4a3404, pid=5484, tid=2284
#
# JRE version: Java(TM) SE Runtime Environment (20.0+36) (build 20+36-2344)
# Java VM: Java HotSpot(TM) 64-Bit Server VM (20+36-2344, mixed mode, emulated-client, sharing, tiered, compressed oops, compressed class ptrs, g1 gc, windows-amd64)
# Problematic frame:
# v  ~BufferBlob::MethodHandles adapters 0x0000018fba4a3404
#
# No core dump will be written. Minidumps are not enabled by default on client versions of Windows
#
# If you would like to submit a bug report, please visit:
#   https://bugreport.java.com/bugreport/crash.jsp
#

---------------  S U M M A R Y ------------

Command Line: -XX:+ShowCodeDetailsInExceptionMessages -agentlib:jdwp=transport=dt_socket,suspend=y,address=localhost:63142 -Dcom.sun.management.jmxremote -Dcom.sun.management.jmxremote.port=63141 -Dcom.sun.management.jmxremote.authenticate=false -Dcom.sun.management.jmxremote.ssl=false -Djava.rmi.server.hostname=localhost -Dspring.jmx.enabled=true -Dmanagement.endpoints.jmx.exposure.include=* -Dspring.application.admin.enabled=true -XX:TieredStopAtLevel=1 -Dspring.boot.project.name=helpdesk -javaagent:C:\sts-4.20.0.RELEASE\configuration\org.eclipse.osgi\262\0\.cp\lib\javaagent-shaded.jar -Dfile.encoding=UTF-8 -Dstdout.encoding=UTF-8 -Dstderr.encoding=UTF-8 com.Daniel.helpdesk.HelpdeskApplication --spring.output.ansi.enabled=always

Host: Intel(R) Core(TM) i5-8250U CPU @ 1.60GHz, 8 cores, 7G,  Windows 11 , 64 bit Build 22621 (10.0.22621.2428)
Time: Wed Oct 25 00:16:41 2023 Hora Padrão de Caracas elapsed time: 1544.853528 seconds (0d 0h 25m 44s)

---------------  T H R E A D  ---------------

Current thread (0x0000018fc9ff1b40):  JavaThread "http-nio-8080-exec-2" daemon [_thread_in_Java, id=2284, stack(0x00000015f2100000,0x00000015f2200000)]

Stack: [0x00000015f2100000,0x00000015f2200000],  sp=0x00000015f21fd188,  free space=1012k
Native frames: (J=compiled Java code, j=interpreted, Vv=VM code, C=native code)
C  0x0000018fba4a3404


siginfo: EXCEPTION_ACCESS_VIOLATION (0xc0000005), reading address 0xffffffffffffffff


Registers:
RAX=0x0000018fba46ebb6, RBX=0x00000000853b6e98, RCX=0x00000015f21fd198, RDX=0x0000000000000003
RSP=0x00000015f21fd188, RBP=0x00000015f21fd1e0, RSI=0x0000018fc7bf1b88, RDI=0x0000018fca483aa0
R8 =0x0000000000000004, R9 =0x0000000000000004, R10=0x00000008c38e0a8b, R11=0x8279e380853b6ec0
R12=0x0000000000000000, R13=0x00000015f21fd188, R14=0x00000015f21fd208, R15=0x0000018fc9ff1b40
RIP=0x0000018fba4a3404, EFLAGS=0x0000000000010206


Register to memory mapping:

RIP=0x0000018fba4a3404 is at begin+45 in a stub
MethodHandle::interpreter_entry::_linkToVirtual [0x0000018fba4a33d7, 0x0000018fba4a342a] (83 bytes)
RAX=0x0000018fba46ebb6 is at code_begin+4278 in an Interpreter codelet
return entry points  [0x0000018fba46db00, 0x0000018fba46f888]  7560 bytes
RBX=0x00000000853b6e98 is an oop: com.Daniel.helpdesk.service.exception.DataIntegrityViolationException 
{0x00000000853b6e98} - klass: 'com/Daniel/helpdesk/service/exception/DataIntegrityViolationException'
 - ---- fields (total size 5 words):
 - private transient 'depth' 'I' @12  51 (0x00000033)
 - private transient 'backtrace' 'Ljava/lang/Object;' @16  a 'java/lang/Object'[7] {0x00000000853b6ec0} (0x853b6ec0)
 - private 'detailMessage' 'Ljava/lang/String;' @20  "CPF já cadastrado"{0x000000008279e380} (0x8279e380)
 - private 'cause' 'Ljava/lang/Throwable;' @24  a 'com/Daniel/helpdesk/service/exception/DataIntegrityViolationException'{0x00000000853b6e98} (0x853b6e98)
 - private 'stackTrace' '[Ljava/lang/StackTraceElement;' @28  a 'java/lang/StackTraceElement'[0] {0x0000000081891ae0} (0x81891ae0)
 - private 'suppressedExceptions' 'Ljava/util/List;' @32  a 'java/util/Collections$EmptyList'{0x0000000081a232f8} (0x81a232f8)
RCX=0x00000015f21fd198 is pointing into the stack for thread: 0x0000018fc9ff1b40
RDX=0x0000000000000003 is an unknown value
RSP=0x00000015f21fd188 is pointing into the stack for thread: 0x0000018fc9ff1b40
RBP=0x00000015f21fd1e0 is pointing into the stack for thread: 0x0000018fc9ff1b40
RSI=0x0000018fc7bf1b88 points into unknown readable memory: 0x88002703871dba7f | 7f ba 1d 87 03 27 00 88
RDI=0x0000018fca483aa0 points into unknown readable memory: 0x0000002000000070 | 70 00 00 00 20 00 00 00
R8 =0x0000000000000004 is an unknown value
R9 =0x0000000000000004 is an unknown value
R10=0x00000008c38e0a8b is an unknown value
R11=0x8279e380853b6ec0 is an unknown value
R12=0x0 is NULL
R13=0x00000015f21fd188 is pointing into the stack for thread: 0x0000018fc9ff1b40
R14=0x00000015f21fd208 is pointing into the stack for thread: 0x0000018fc9ff1b40
R15=0x0000018fc9ff1b40 is a thread


Top of Stack: (sp=0x00000015f21fd188)
0x00000015f21fd188:   0000018fba46ebb6 0000000083de5018
0x00000015f21fd198:   00000015f21fd198 0000018fc38e0a8b
0x00000015f21fd1a8:   00000015f21fd208 0000018fc38e0bb8
0x00000015f21fd1b8:   0000000081a56d48 0000000081e25358
0x00000015f21fd1c8:   0000018fc38e0a98 00000015f21fd188
0x00000015f21fd1d8:   00000015f21fd210 00000015f21fd550
0x00000015f21fd1e8:   0000018fbb228861 0000000085081c98
0x00000015f21fd1f8:   00000000853b6e98 0000000083de5018
0x00000015f21fd208:   0000000085081e00 00000000830247b8
0x00000015f21fd218:   0000018fba6e2d1e 00000008001a6d80
0x00000015f21fd228:   00000015f21fd280 0000000085082110
0x00000015f21fd238:   0000000083de5018 00000000850820c0
0x00000015f21fd248:   00000000853b6e98 00000000853b6e98
0x00000015f21fd258:   0000000085081fc8 0000000085081e00
0x00000015f21fd268:   0000000083de5018 0000018fbb2287a4
0x00000015f21fd278:   0000000000000100 00000015f21fd550
0x00000015f21fd288:   0000018fbac3daad 0000000000000000
0x00000015f21fd298:   0000000000000000 0000000000000000
0x00000015f21fd2a8:   0000000000000000 0000018fc9ff1b40
0x00000015f21fd2b8:   00000015f21fd3d0 000000008507da88
0x00000015f21fd2c8:   00000015f21fd340 0000000800042538
0x00000015f21fd2d8:   0000018fba68c486 0000000000000000
0x00000015f21fd2e8:   0000000083d489f0 0000000000000000
0x00000015f21fd2f8:   00007ffdb7827440 0000000083d489f0
0x00000015f21fd308:   0000018fc9ff1b40 00000015f21fd390
0x00000015f21fd318:   0000000000000000 0000018fba473cf4
0x00000015f21fd328:   0000000000000001 0000018fc9ff1b40
0x00000015f21fd338:   00000015f21fd550 00000015f21fd4a8
0x00000015f21fd348:   0000018fba71f77c 0000018fc9ff1b40
0x00000015f21fd358:   0000000000000001 00000015f21fd3c0
0x00000015f21fd368:   0000018fba46ebb6 0000000083d754b0
0x00000015f21fd378:   0000000083de5018 0000000085081b28 

Instructions: (pc=0x0000018fba4a3404)
0x0000018fba4a3304:   00 00 00 00 01 00 00 00 00 00 00 00 80 25 f4 b7
0x0000018fba4a3314:   fd 7f 00 00 80 33 4a ba 8f 01 00 00 00 44 4a ba
0x0000018fba4a3324:   8f 01 00 00 80 33 4a ba 8f 01 00 00 00 44 4a ba
0x0000018fba4a3334:   8f 01 00 00 70 33 4a ba 8f 01 00 00 70 33 4a ba
0x0000018fba4a3344:   8f 01 00 00 00 00 00 00 00 00 00 00 18 26 f4 b7
0x0000018fba4a3354:   fd 7f 00 00 f0 10 00 00 60 00 00 00 ff ff ff ff
0x0000018fba4a3364:   f0 10 00 00 00 00 00 00 00 00 00 00 00 00 00 00
0x0000018fba4a3374:   00 00 00 00 00 00 00 00 00 00 00 00 f4 66 66 66
0x0000018fba4a3384:   0f 1f 84 00 00 00 00 00 66 66 66 90 66 66 66 0f
0x0000018fba4a3394:   1f 84 00 00 00 00 00 66 66 66 90 90 48 8b 53 08
0x0000018fba4a33a4:   0f b7 52 2c 48 8b 0c d4 8b 59 14 8b 5b 28 8b 5b
0x0000018fba4a33b4:   24 48 8b 5b 10 48 85 db 0f 84 10 00 00 00 41 80
0x0000018fba4a33c4:   bf 08 05 00 00 00 74 03 ff 63 38 ff 63 50 e9 a9
0x0000018fba4a33d4:   16 00 00 66 0f 1f 84 00 00 00 00 00 48 8b 53 08
0x0000018fba4a33e4:   0f b7 52 2c 48 8b 0c d4 58 5b 50 44 8b 51 08 49
0x0000018fba4a33f4:   bb 00 00 00 00 08 00 00 00 4d 03 d3 4c 8b 5b 10
0x0000018fba4a3404:   4b 8b 9c da c0 01 00 00 48 85 db 0f 84 10 00 00
0x0000018fba4a3414:   00 41 80 bf 08 05 00 00 00 74 03 ff 63 38 ff 63
0x0000018fba4a3424:   50 e9 56 16 00 00 66 66 66 0f 1f 84 00 00 00 00
0x0000018fba4a3434:   00 66 66 66 90 0f 1f 80 00 00 00 00 58 5b 50 8b
0x0000018fba4a3444:   5b 24 48 8b 5b 10 48 85 db 0f 84 10 00 00 00 41
0x0000018fba4a3454:   80 bf 08 05 00 00 00 74 03 ff 63 38 ff 63 50 e9
0x0000018fba4a3464:   18 16 00 00 66 66 66 0f 1f 84 00 00 00 00 00 66
0x0000018fba4a3474:   66 66 90 66 0f 1f 84 00 00 00 00 00 48 8b 53 08
0x0000018fba4a3484:   0f b7 52 2c 48 8b 0c d4 58 5b 50 48 3b 01 8b 5b
0x0000018fba4a3494:   24 48 8b 5b 10 48 85 db 0f 84 10 00 00 00 41 80
0x0000018fba4a34a4:   bf 08 05 00 00 00 74 03 ff 63 38 ff 63 50 e9 c9
0x0000018fba4a34b4:   15 00 00 66 0f 1f 84 00 00 00 00 00 48 8b 53 08
0x0000018fba4a34c4:   0f b7 52 2c 48 8b 0c d4 58 5b 50 44 8b 51 08 49
0x0000018fba4a34d4:   bb 00 00 00 00 08 00 00 00 4d 03 d3 8b 43 18 48
0x0000018fba4a34e4:   8b 40 10 48 8b 5b 10 45 8b 9a a0 00 00 00 4f 8d
0x0000018fba4a34f4:   9c da c0 01 00 00 4d 8d 14 da 49 8b 1b 48 3b c3 


Stack slot to memory mapping:
stack at sp + 0 slots: 0x0000018fba46ebb6 is at code_begin+4278 in an Interpreter codelet
return entry points  [0x0000018fba46db00, 0x0000018fba46f888]  7560 bytes
stack at sp + 1 slots: 0x0000000083de5018 is an oop: com.Daniel.helpdesk.controller.exceptions.ControllerExceptionHendler 
{0x0000000083de5018} - klass: 'com/Daniel/helpdesk/controller/exceptions/ControllerExceptionHendler'
 - ---- fields (total size 2 words):
stack at sp + 2 slots: 0x00000015f21fd198 is pointing into the stack for thread: 0x0000018fc9ff1b40
stack at sp + 3 slots: 0x0000018fc38e0a8b is pointing into metadata
stack at sp + 4 slots: 0x00000015f21fd208 is pointing into the stack for thread: 0x0000018fc9ff1b40
stack at sp + 5 slots: 0x0000018fc38e0bb8 is pointing into metadata
stack at sp + 6 slots: 0x0000000081a56d48 is an oop: jdk.internal.reflect.ReflectionFactory 
{0x0000000081a56d48} - klass: 'jdk/internal/reflect/ReflectionFactory'
 - ---- fields (total size 2 words):
 - private final 'langReflectAccess' 'Ljdk/internal/access/JavaLangReflectAccess;' @12  a 'java/lang/reflect/ReflectAccess'{0x0000000081a56d58} (0x81a56d58)
stack at sp + 7 slots: 0x0000000081e25358 is an oop: java.lang.Class 
{0x0000000081e25358} - klass: 'java/lang/Class'
 - ---- fields (total size 15 words):
 - private volatile transient 'classRedefinedCount' 'I' @12  0 (0x00000000)
 - abstract internal 'klass' 'J' @16  34377766912 (0x0000000801131800)
 - abstract internal 'array_klass' 'J' @24  0 (0x0000000000000000)
 - abstract internal 'oop_size' 'I' @32  15 (0x0000000f)
 - abstract internal 'static_oop_field_count' 'I' @36  1 (0x00000001)
 - private volatile transient 'cachedConstructor' 'Ljava/lang/reflect/Constructor;' @40  NULL (0x00000000)
 - private transient 'name' 'Ljava/lang/String;' @44  NULL (0x00000000)
 - private transient 'module' 'Ljava/lang/Module;' @48  a 'java/lang/Module'{0x0000000081a4a228} (0x81a4a228)
 - private final 'classLoader' 'Ljava/lang/ClassLoader;' @52  NULL (0x00000000)
 - private transient 'classData' 'Ljava/lang/Object;' @56  a 'java/lang/invoke/LambdaForm'{0x0000000081e4faf0} => a 'java/lang/invoke/MemberName'{0x0000000081e4fc20} = {method} {0x0000018fc38e0aa0} 'invokeVirtual' '(Ljava/lang/Object;Ljava/lang/Object;Ljava/lang/Object;)Ljava/lang/Object;' in 'java/lang/invoke/LambdaForm$DMH+0x0000000801131800' (0x81e4faf0)
 - private transient 'packageName' 'Ljava/lang/String;' @60  NULL (0x00000000)
 - private final 'componentType' 'Ljava/lang/Class;' @64  NULL (0x00000000)
 - private volatile transient 'reflectionData' 'Ljava/lang/ref/SoftReference;' @68  NULL (0x00000000)
 - private volatile transient 'genericInfo' 'Lsun/reflect/generics/repository/ClassRepository;' @72  NULL (0x00000000)
 - private volatile transient 'enumConstants' '[Ljava/lang/Object;' @76  NULL (0x00000000)
 - private volatile transient 'enumConstantDirectory' 'Ljava/util/Map;' @80  NULL (0x00000000)
 - private volatile transient 'annotationData' 'Ljava/lang/Class$AnnotationData;' @84  NULL (0x00000000)
 - private volatile transient 'annotationType' 'Lsun/reflect/annotation/AnnotationType;' @88  NULL (0x00000000)
 - transient 'classValueMap' 'Ljava/lang/ClassValue$ClassValueMap;' @92  NULL (0x00000000)
 - abstract internal 'protection_domain' 'Ljava/lang/Object;' @96  NULL (0x00000000)
 - abstract internal 'signers_name' 'Ljava/lang/Object;' @100  NULL (0x00000000)
 - abstract internal 'source_file' 'Ljava/lang/Object;' @104  NULL (0x00000000)
 - signature: Ljava/lang/invoke/LambdaForm$DMH+0x0000000801131800;
 - ---- static fields (1):
 - static final '_D_0' 'Ljava/lang/invoke/LambdaForm;' @112  a 'java/lang/invoke/LambdaForm'{0x0000000081e4faf0} => a 'java/lang/invoke/MemberName'{0x0000000081e4fc20} = {method} {0x0000018fc38e0aa0} 'invokeVirtual' '(Ljava/lang/Object;Ljava/lang/Object;Ljava/lang/Object;)Ljava/lang/Object;' in 'java/lang/invoke/LambdaForm$DMH+0x0000000801131800' (0x81e4faf0)

MethodHandle::interpreter_entry::_linkToVirtual [0x0000018fba4a33d7, 0x0000018fba4a342a] (83 bytes)
[MachCode]
  0x0000018fba4a33d7: 660f 1f84 | 0000 0000 | 0048 8b53 | 080f b752 | 2c48 8b0c | d458 5b50 | 448b 5108 | 49bb 0000 
  0x0000018fba4a33f7: 0000 0800 | 0000 4d03 | d34c 8b5b | 104b 8b9c | dac0 0100 | 0048 85db | 0f84 1000 | 0000 4180 
  0x0000018fba4a3417: bf08 0500 | 0000 7403 | ff63 38ff | 6350 e956 | 
[/MachCode]

---------------  P R O C E S S  ---------------

Threads class SMR info:
_java_thread_list=0x0000018fcab06db0, length=30, elements={
0x0000018fc2bdb9d0, 0x0000018fc2bdc7d0, 0x0000018fc2be10f0, 0x0000018fc2be2300,
0x0000018fc2be5c50, 0x0000018fc2bec780, 0x0000018fc2beee70, 0x0000018fc70c6710,
0x0000018fc713bb90, 0x0000018fc71485b0, 0x0000018fc714dee0, 0x0000018fc70c6c60,
0x0000018fc70c4730, 0x0000018fc70c4c80, 0x0000018fc70c3c90, 0x0000018fc70c5720,
0x0000018fc70c61c0, 0x0000018fc80cbd10, 0x0000018fc80cb7c0, 0x0000018fc9ff4070,
0x0000018fc9ff0600, 0x0000018fc9ff3080, 0x0000018fc9ff10a0, 0x0000018fc80cd7a0,
0x0000018fc9ff2b30, 0x0000018fc9ff00b0, 0x0000018fc9fee620, 0x0000018fc9ff15f0,
0x0000018fc9ff1b40, 0x0000018fc80cc260
}

Java Threads: ( => current thread )
  0x0000018fc2bdb9d0 JavaThread "Reference Handler" daemon [_thread_blocked, id=7476, stack(0x00000015efa00000,0x00000015efb00000)]
  0x0000018fc2bdc7d0 JavaThread "Finalizer" daemon [_thread_blocked, id=1732, stack(0x00000015efb00000,0x00000015efc00000)]
  0x0000018fc2be10f0 JavaThread "Signal Dispatcher" daemon [_thread_blocked, id=16844, stack(0x00000015efc00000,0x00000015efd00000)]
  0x0000018fc2be2300 JavaThread "Attach Listener" daemon [_thread_blocked, id=17132, stack(0x00000015efd00000,0x00000015efe00000)]
  0x0000018fc2be5c50 JavaThread "Service Thread" daemon [_thread_blocked, id=13192, stack(0x00000015efe00000,0x00000015eff00000)]
  0x0000018fc2bec780 JavaThread "Monitor Deflation Thread" daemon [_thread_blocked, id=18876, stack(0x00000015eff00000,0x00000015f0000000)]
  0x0000018fc2beee70 JavaThread "C1 CompilerThread0" daemon [_thread_blocked, id=16624, stack(0x00000015f0000000,0x00000015f0100000)]
  0x0000018fc70c6710 JavaThread "Common-Cleaner" daemon [_thread_blocked, id=2616, stack(0x00000015f0100000,0x00000015f0200000)]
  0x0000018fc713bb90 JavaThread "JDWP Transport Listener: dt_socket" daemon [_thread_blocked, id=11904, stack(0x00000015f0300000,0x00000015f0400000)]
  0x0000018fc71485b0 JavaThread "JDWP Event Helper Thread" daemon [_thread_blocked, id=9656, stack(0x00000015f0400000,0x00000015f0500000)]
  0x0000018fc714dee0 JavaThread "JDWP Command Reader" daemon [_thread_in_native, id=7636, stack(0x00000015f0500000,0x00000015f0600000)]
  0x0000018fc70c6c60 JavaThread "Notification Thread" daemon [_thread_blocked, id=7968, stack(0x00000015f0600000,0x00000015f0700000)]
  0x0000018fc70c4730 JavaThread "RMI TCP Accept-0" daemon [_thread_in_native, id=18216, stack(0x00000015f0900000,0x00000015f0a00000)]
  0x0000018fc70c4c80 JavaThread "RMI TCP Accept-63141" daemon [_thread_in_native, id=7012, stack(0x00000015f0a00000,0x00000015f0b00000)]
  0x0000018fc70c3c90 JavaThread "RMI TCP Accept-0" daemon [_thread_in_native, id=18500, stack(0x00000015f0b00000,0x00000015f0c00000)]
  0x0000018fc70c5720 JavaThread "RMI Scheduler(0)" daemon [_thread_blocked, id=14372, stack(0x00000015f1500000,0x00000015f1600000)]
  0x0000018fc70c61c0 JavaThread "JMX server connection timeout 38" daemon [_thread_blocked, id=12232, stack(0x00000015f1700000,0x00000015f1800000)]
  0x0000018fc80cbd10 JavaThread "mysql-cj-abandoned-connection-cleanup" daemon [_thread_blocked, id=18564, stack(0x00000015f1a00000,0x00000015f1b00000)]
  0x0000018fc80cb7c0 JavaThread "Live Reload Server" daemon [_thread_in_native, id=18020, stack(0x00000015f2300000,0x00000015f2400000)]
  0x0000018fc9ff4070 JavaThread "DestroyJavaVM" [_thread_blocked, id=11292, stack(0x00000015ef300000,0x00000015ef400000)]
  0x0000018fc9ff0600 JavaThread "RMI TCP Connection(idle)" daemon [_thread_blocked, id=3672, stack(0x00000015f2b00000,0x00000015f2c00000)]
  0x0000018fc9ff3080 JavaThread "RMI TCP Connection(idle)" daemon [_thread_blocked, id=8080, stack(0x00000015f2c00000,0x00000015f2d00000)]
  0x0000018fc9ff10a0 JavaThread "RMI TCP Connection(idle)" daemon [_thread_blocked, id=10976, stack(0x00000015f0200000,0x00000015f0300000)]
  0x0000018fc80cd7a0 JavaThread "RMI TCP Connection(idle)" daemon [_thread_blocked, id=8452, stack(0x00000015f2e00000,0x00000015f2f00000)]
  0x0000018fc9ff2b30 JavaThread "HikariPool-17 housekeeper" daemon [_thread_blocked, id=17844, stack(0x00000015f1400000,0x00000015f1500000)]
  0x0000018fc9ff00b0 JavaThread "Catalina-utility-1" [_thread_blocked, id=7376, stack(0x00000015f1600000,0x00000015f1700000)]
  0x0000018fc9fee620 JavaThread "Catalina-utility-2" [_thread_blocked, id=16684, stack(0x00000015f1800000,0x00000015f1900000)]
  0x0000018fc9ff15f0 JavaThread "container-0" [_thread_blocked, id=18204, stack(0x00000015f1900000,0x00000015f1a00000)]
=>0x0000018fc9ff1b40 JavaThread "http-nio-8080-exec-2" daemon [_thread_in_Java, id=2284, stack(0x00000015f2100000,0x00000015f2200000)]
  0x0000018fc80cc260 JavaThread "Thread-68" [_thread_blocked, id=12672, stack(0x00000015ef200000,0x00000015ef300000)]

Other Threads:
  0x0000018fc2bbc400 VMThread "VM Thread" [stack: 0x00000015ef900000,0x00000015efa00000] [id=2552]
  0x0000018fc7b38360 WatcherThread "VM Periodic Task Thread" [stack: 0x00000015f0c00000,0x00000015f0d00000] [id=18508]
  0x0000018fb2407680 WorkerThread "GC Thread#0" [stack: 0x00000015ef400000,0x00000015ef500000] [id=11424]
  0x0000018fc7b3af30 WorkerThread "GC Thread#1" [stack: 0x00000015f0d00000,0x00000015f0e00000] [id=18976]
  0x0000018fc7a44bf0 WorkerThread "GC Thread#2" [stack: 0x00000015f0e00000,0x00000015f0f00000] [id=6824]
  0x0000018fc7b48210 WorkerThread "GC Thread#3" [stack: 0x00000015f0f00000,0x00000015f1000000] [id=11396]
  0x0000018fc7b5a770 WorkerThread "GC Thread#4" [stack: 0x00000015f1000000,0x00000015f1100000] [id=12060]
  0x0000018fc7accfc0 WorkerThread "GC Thread#5" [stack: 0x00000015f1100000,0x00000015f1200000] [id=19436]
  0x0000018fc7ace3c0 WorkerThread "GC Thread#6" [stack: 0x00000015f1200000,0x00000015f1300000] [id=11944]
  0x0000018fc7acef00 WorkerThread "GC Thread#7" [stack: 0x00000015f1300000,0x00000015f1400000] [id=10684]
  0x0000018fb2418c10 ConcurrentGCThread "G1 Main Marker" [stack: 0x00000015ef500000,0x00000015ef600000] [id=7084]
  0x0000018fb2419640 WorkerThread "G1 Conc#0" [stack: 0x00000015ef600000,0x00000015ef700000] [id=7840]
  0x0000018fc7ace960 WorkerThread "G1 Conc#1" [stack: 0x00000015f1b00000,0x00000015f1c00000] [id=18124]
  0x0000018fb245ec40 ConcurrentGCThread "G1 Refine#0" [stack: 0x00000015ef700000,0x00000015ef800000] [id=18408]
  0x0000018fc2a6d480 ConcurrentGCThread "G1 Service" [stack: 0x00000015ef800000,0x00000015ef900000] [id=17012]

Threads with active compile tasks:

VM state: not at safepoint (normal execution)

VM Mutex/Monitor currently owned by a thread: None

Heap address: 0x0000000081600000, size: 2026 MB, Compressed Oops mode: 32-bit

CDS archive(s) mapped at: [0x0000000800000000-0x0000000800c60000-0x0000000800c60000), size 12976128, SharedBaseAddress: 0x0000000800000000, ArchiveRelocationMode: 0.
Compressed class space mapped at: 0x0000000801000000-0x0000000841000000, reserved size: 1073741824
Narrow klass base: 0x0000000800000000, Narrow klass shift: 0, Narrow klass range: 0x100000000

GC Precious Log:
 CardTable entry size: 512
 Card Set container configuration: InlinePtr #cards 5 size 8 Array Of Cards #cards 12 size 40 Howl #buckets 4 coarsen threshold 1843 Howl Bitmap #cards 512 size 80 coarsen threshold 460 Card regions per heap region 1 cards per card region 2048
 CPUs: 8 total, 8 available
 Memory: 8101M
 Large Page Support: Disabled
 NUMA Support: Disabled
 Compressed Oops: Enabled (32-bit)
 Heap Region Size: 1M
 Heap Min Capacity: 8M
 Heap Initial Capacity: 128M
 Heap Max Capacity: 2026M
 Pre-touch: Disabled
 Parallel Workers: 8
 Concurrent Workers: 2
 Concurrent Refinement Workers: 8
 Periodic GC: Disabled

Heap:
 garbage-first heap   total 73728K, used 45313K [0x0000000081600000, 0x0000000100000000)
  region size 1024K, 17 young (17408K), 2 survivors (2048K)
 Metaspace       used 77862K, committed 78784K, reserved 1179648K
  class space    used 10562K, committed 11008K, reserved 1048576K

Heap Regions: E=young(eden), S=young(survivor), O=old, HS=humongous(starts), HC=humongous(continues), CS=collection set, F=free, OA=open archive, CA=closed archive, TAMS=top-at-mark-start, PB=parsable bottom
|   0|0x0000000081600000, 0x0000000081700000, 0x0000000081700000|100%|HS|  |TAMS 0x0000000081600000| PB 0x0000000081600000| Complete 
|   1|0x0000000081700000, 0x00000000817ff388, 0x0000000081800000| 99%| O|  |TAMS 0x0000000081700000| PB 0x0000000081700000| Untracked 
|   2|0x0000000081800000, 0x0000000081900000, 0x0000000081900000|100%| O|  |TAMS 0x0000000081800000| PB 0x0000000081800000| Untracked 
|   3|0x0000000081900000, 0x0000000081a00000, 0x0000000081a00000|100%| O|  |TAMS 0x0000000081900000| PB 0x0000000081900000| Untracked 
|   4|0x0000000081a00000, 0x0000000081afff98, 0x0000000081b00000| 99%| O|  |TAMS 0x0000000081a00000| PB 0x0000000081a00000| Untracked 
|   5|0x0000000081b00000, 0x0000000081bfffd0, 0x0000000081c00000| 99%| O|  |TAMS 0x0000000081b00000| PB 0x0000000081b00000| Untracked 
|   6|0x0000000081c00000, 0x0000000081d00000, 0x0000000081d00000|100%| O|  |TAMS 0x0000000081c00000| PB 0x0000000081c00000| Untracked 
|   7|0x0000000081d00000, 0x0000000081dffff0, 0x0000000081e00000| 99%| O|  |TAMS 0x0000000081d00000| PB 0x0000000081d00000| Untracked 
|   8|0x0000000081e00000, 0x0000000081efffe0, 0x0000000081f00000| 99%| O|  |TAMS 0x0000000081e00000| PB 0x0000000081e00000| Untracked 
|   9|0x0000000081f00000, 0x0000000081fffff8, 0x0000000082000000| 99%| O|  |TAMS 0x0000000081f00000| PB 0x0000000081f00000| Untracked 
|  10|0x0000000082000000, 0x00000000820ffff0, 0x0000000082100000| 99%| O|  |TAMS 0x0000000082000000| PB 0x0000000082000000| Untracked 
|  11|0x0000000082100000, 0x00000000821fffd8, 0x0000000082200000| 99%| O|  |TAMS 0x0000000082100000| PB 0x0000000082100000| Untracked 
|  12|0x0000000082200000, 0x0000000082300000, 0x0000000082300000|100%| O|  |TAMS 0x0000000082200000| PB 0x0000000082200000| Untracked 
|  13|0x0000000082300000, 0x0000000082400000, 0x0000000082400000|100%| O|  |TAMS 0x0000000082300000| PB 0x0000000082300000| Untracked 
|  14|0x0000000082400000, 0x0000000082500000, 0x0000000082500000|100%| O|  |TAMS 0x0000000082400000| PB 0x0000000082400000| Untracked 
|  15|0x0000000082500000, 0x00000000825fffb8, 0x0000000082600000| 99%| O|  |TAMS 0x0000000082500000| PB 0x0000000082500000| Untracked 
|  16|0x0000000082600000, 0x00000000826ffff0, 0x0000000082700000| 99%| O|  |TAMS 0x0000000082600000| PB 0x0000000082600000| Untracked 
|  17|0x0000000082700000, 0x00000000827fffd8, 0x0000000082800000| 99%| O|  |TAMS 0x0000000082700000| PB 0x0000000082700000| Untracked 
|  18|0x0000000082800000, 0x00000000828ffff8, 0x0000000082900000| 99%| O|  |TAMS 0x0000000082800000| PB 0x0000000082800000| Untracked 
|  19|0x0000000082900000, 0x00000000829ffff0, 0x0000000082a00000| 99%| O|  |TAMS 0x0000000082900000| PB 0x0000000082900000| Untracked 
|  20|0x0000000082a00000, 0x0000000082affff0, 0x0000000082b00000| 99%| O|  |TAMS 0x0000000082a00000| PB 0x0000000082a00000| Untracked 
|  21|0x0000000082b00000, 0x0000000082ba22f0, 0x0000000082c00000| 63%| O|  |TAMS 0x0000000082b00000| PB 0x0000000082b00000| Untracked 
|  22|0x0000000082c00000, 0x0000000082c90f78, 0x0000000082d00000| 56%| O|  |TAMS 0x0000000082c00000| PB 0x0000000082c00000| Untracked 
|  23|0x0000000082d00000, 0x0000000082df9108, 0x0000000082e00000| 97%| O|  |TAMS 0x0000000082d00000| PB 0x0000000082d00000| Untracked 
|  24|0x0000000082e00000, 0x0000000082effff0, 0x0000000082f00000| 99%| O|  |TAMS 0x0000000082e00000| PB 0x0000000082e00000| Untracked 
|  25|0x0000000082f00000, 0x0000000082fa6878, 0x0000000083000000| 65%| O|  |TAMS 0x0000000082f00000| PB 0x0000000082f00000| Untracked 
|  26|0x0000000083000000, 0x0000000083100000, 0x0000000083100000|100%| O|  |TAMS 0x0000000083000000| PB 0x0000000083000000| Untracked 
|  27|0x0000000083100000, 0x0000000083200000, 0x0000000083200000|100%| O|  |TAMS 0x0000000083100000| PB 0x0000000083100000| Untracked 
|  28|0x0000000083200000, 0x0000000083300000, 0x0000000083300000|100%| O|  |TAMS 0x0000000083200000| PB 0x0000000083200000| Untracked 
|  29|0x0000000083300000, 0x00000000833421f8, 0x0000000083400000| 25%| O|  |TAMS 0x0000000083300000| PB 0x0000000083300000| Complete 
|  30|0x0000000083400000, 0x0000000083432600, 0x0000000083500000| 19%| O|  |TAMS 0x0000000083400000| PB 0x0000000083400000| Untracked 
|  31|0x0000000083500000, 0x0000000083500000, 0x0000000083600000|  0%| F|  |TAMS 0x0000000083500000| PB 0x0000000083500000| Untracked 
|  32|0x0000000083600000, 0x0000000083600000, 0x0000000083700000|  0%| F|  |TAMS 0x0000000083600000| PB 0x0000000083600000| Untracked 
|  33|0x0000000083700000, 0x0000000083700000, 0x0000000083800000|  0%| F|  |TAMS 0x0000000083700000| PB 0x0000000083700000| Untracked 
|  34|0x0000000083800000, 0x0000000083800000, 0x0000000083900000|  0%| F|  |TAMS 0x0000000083800000| PB 0x0000000083800000| Untracked 
|  35|0x0000000083900000, 0x0000000083900000, 0x0000000083a00000|  0%| F|  |TAMS 0x0000000083900000| PB 0x0000000083900000| Untracked 
|  36|0x0000000083a00000, 0x0000000083a00000, 0x0000000083b00000|  0%| F|  |TAMS 0x0000000083a00000| PB 0x0000000083a00000| Untracked 
|  37|0x0000000083b00000, 0x0000000083b00000, 0x0000000083c00000|  0%| F|  |TAMS 0x0000000083b00000| PB 0x0000000083b00000| Untracked 
|  38|0x0000000083c00000, 0x0000000083cfa1a0, 0x0000000083d00000| 97%| S|CS|TAMS 0x0000000083c00000| PB 0x0000000083c00000| Complete 
|  39|0x0000000083d00000, 0x0000000083e00000, 0x0000000083e00000|100%| S|CS|TAMS 0x0000000083d00000| PB 0x0000000083d00000| Complete 
|  40|0x0000000083e00000, 0x0000000083e00000, 0x0000000083f00000|  0%| F|  |TAMS 0x0000000083e00000| PB 0x0000000083e00000| Untracked 
|  41|0x0000000083f00000, 0x0000000083f00000, 0x0000000084000000|  0%| F|  |TAMS 0x0000000083f00000| PB 0x0000000083f00000| Untracked 
|  42|0x0000000084000000, 0x0000000084000000, 0x0000000084100000|  0%| F|  |TAMS 0x0000000084000000| PB 0x0000000084000000| Untracked 
|  43|0x0000000084100000, 0x0000000084100000, 0x0000000084200000|  0%| F|  |TAMS 0x0000000084100000| PB 0x0000000084100000| Untracked 
|  44|0x0000000084200000, 0x0000000084200000, 0x0000000084300000|  0%| F|  |TAMS 0x0000000084200000| PB 0x0000000084200000| Untracked 
|  45|0x0000000084300000, 0x0000000084300000, 0x0000000084400000|  0%| F|  |TAMS 0x0000000084300000| PB 0x0000000084300000| Untracked 
|  46|0x0000000084400000, 0x0000000084400000, 0x0000000084500000|  0%| F|  |TAMS 0x0000000084400000| PB 0x0000000084400000| Untracked 
|  47|0x0000000084500000, 0x0000000084500000, 0x0000000084600000|  0%| F|  |TAMS 0x0000000084500000| PB 0x0000000084500000| Untracked 
|  48|0x0000000084600000, 0x0000000084600000, 0x0000000084700000|  0%| F|  |TAMS 0x0000000084600000| PB 0x0000000084600000| Untracked 
|  49|0x0000000084700000, 0x0000000084700000, 0x0000000084800000|  0%| F|  |TAMS 0x0000000084700000| PB 0x0000000084700000| Untracked 
|  50|0x0000000084800000, 0x0000000084800000, 0x0000000084900000|  0%| F|  |TAMS 0x0000000084800000| PB 0x0000000084800000| Untracked 
|  51|0x0000000084900000, 0x0000000084900000, 0x0000000084a00000|  0%| F|  |TAMS 0x0000000084900000| PB 0x0000000084900000| Untracked 
|  52|0x0000000084a00000, 0x0000000084a00000, 0x0000000084b00000|  0%| F|  |TAMS 0x0000000084a00000| PB 0x0000000084a00000| Untracked 
|  53|0x0000000084b00000, 0x0000000084b00000, 0x0000000084c00000|  0%| F|  |TAMS 0x0000000084b00000| PB 0x0000000084b00000| Untracked 
|  54|0x0000000084c00000, 0x0000000084c00000, 0x0000000084d00000|  0%| F|  |TAMS 0x0000000084c00000| PB 0x0000000084c00000| Untracked 
|  55|0x0000000084d00000, 0x0000000084d00000, 0x0000000084e00000|  0%| F|  |TAMS 0x0000000084d00000| PB 0x0000000084d00000| Untracked 
|  56|0x0000000084e00000, 0x0000000084e00000, 0x0000000084f00000|  0%| F|  |TAMS 0x0000000084e00000| PB 0x0000000084e00000| Untracked 
|  57|0x0000000084f00000, 0x0000000084ff94c8, 0x0000000085000000| 97%| E|  |TAMS 0x0000000084f00000| PB 0x0000000084f00000| Complete 
|  58|0x0000000085000000, 0x0000000085100000, 0x0000000085100000|100%| E|CS|TAMS 0x0000000085000000| PB 0x0000000085000000| Complete 
|  59|0x0000000085100000, 0x0000000085200000, 0x0000000085200000|100%| E|CS|TAMS 0x0000000085100000| PB 0x0000000085100000| Complete 
|  60|0x0000000085200000, 0x0000000085300000, 0x0000000085300000|100%| E|CS|TAMS 0x0000000085200000| PB 0x0000000085200000| Complete 
|  61|0x0000000085300000, 0x0000000085400000, 0x0000000085400000|100%| E|CS|TAMS 0x0000000085300000| PB 0x0000000085300000| Complete 
|  62|0x0000000085400000, 0x0000000085500000, 0x0000000085500000|100%| E|CS|TAMS 0x0000000085400000| PB 0x0000000085400000| Complete 
|  63|0x0000000085500000, 0x0000000085600000, 0x0000000085600000|100%| E|CS|TAMS 0x0000000085500000| PB 0x0000000085500000| Complete 
|  64|0x0000000085600000, 0x0000000085700000, 0x0000000085700000|100%| E|CS|TAMS 0x0000000085600000| PB 0x0000000085600000| Complete 
| 105|0x0000000087f00000, 0x0000000088000000, 0x0000000088000000|100%| E|CS|TAMS 0x0000000087f00000| PB 0x0000000087f00000| Complete 
| 106|0x0000000088000000, 0x0000000088100000, 0x0000000088100000|100%| E|CS|TAMS 0x0000000088000000| PB 0x0000000088000000| Complete 
| 107|0x0000000088100000, 0x0000000088200000, 0x0000000088200000|100%| E|CS|TAMS 0x0000000088100000| PB 0x0000000088100000| Complete 
| 108|0x0000000088200000, 0x0000000088300000, 0x0000000088300000|100%| E|CS|TAMS 0x0000000088200000| PB 0x0000000088200000| Complete 
| 109|0x0000000088300000, 0x0000000088400000, 0x0000000088400000|100%| E|CS|TAMS 0x0000000088300000| PB 0x0000000088300000| Complete 
| 126|0x0000000089400000, 0x0000000089500000, 0x0000000089500000|100%| E|CS|TAMS 0x0000000089400000| PB 0x0000000089400000| Complete 
| 127|0x0000000089500000, 0x0000000089600000, 0x0000000089600000|100%| E|CS|TAMS 0x0000000089500000| PB 0x0000000089500000| Complete 

Card table byte_map: [0x0000018fbd960000,0x0000018fbdd60000] _byte_map_base: 0x0000018fbd555000

Marking Bits: (CMBitMap*) 0x0000018fb2407cb0
 Bits: [0x0000018fbe160000, 0x0000018fc0108000)

Polling page: 0x0000018fb04f0000

Metaspace:

Usage:
  Non-class:     65.72 MB used.
      Class:     10.31 MB used.
       Both:     76.04 MB used.

Virtual space:
  Non-class space:      128.00 MB reserved,      66.19 MB ( 52%) committed,  2 nodes.
      Class space:        1.00 GB reserved,      10.75 MB (  1%) committed,  1 nodes.
             Both:        1.12 GB reserved,      76.94 MB (  7%) committed. 

Chunk freelists:
   Non-Class:  1.20 MB
       Class:  1.31 MB
        Both:  2.51 MB

MaxMetaspaceSize: unlimited
CompressedClassSpaceSize: 1.00 GB
Initial GC threshold: 21.00 MB
Current GC threshold: 127.44 MB
CDS: on
MetaspaceReclaimPolicy: balanced
 - commit_granule_bytes: 65536.
 - commit_granule_words: 8192.
 - virtual_space_node_default_size: 8388608.
 - enlarge_chunks_in_place: 1.
 - new_chunks_are_fully_committed: 0.
 - uncommit_free_chunks: 1.
 - use_allocation_guard: 0.


Internal statistics:

num_allocs_failed_limit: 6.
num_arena_births: 1912.
num_arena_deaths: 1012.
num_vsnodes_births: 3.
num_vsnodes_deaths: 0.
num_space_committed: 1231.
num_space_uncommitted: 0.
num_chunks_returned_to_freelist: 1258.
num_chunks_taken_from_freelist: 5428.
num_chunk_merges: 211.
num_chunk_splits: 3208.
num_chunks_enlarged: 2381.
num_inconsistent_stats: 0.

CodeCache: size=49152Kb used=20572Kb max_used=22236Kb free=28579Kb
 bounds [0x0000018fba450000, 0x0000018fbba40000, 0x0000018fbd450000]
 total_blobs=10663 nmethods=9939 adapters=647
 compilation: enabled
              stopped_count=0, restarted_count=0
 full_count=0

Compilation events (20 events):
Event: 1522.931 Thread 0x0000018fc7dd8690 nmethod 14580 0x0000018fbb5e9290 code [0x0000018fbb5e9420, 0x0000018fbb5e9518]
Event: 1522.931 Thread 0x0000018fc2beee70 nmethod 14581 0x0000018fbb5f6790 code [0x0000018fbb5f6900, 0x0000018fbb5f69a8]
Event: 1522.931 Thread 0x0000018fc2beee70 14582       1       org.springframework.web.context.request.ServletRequestAttributes::<init> (28 bytes)
Event: 1522.931 Thread 0x0000018fc7dd8690 14583       1       org.springframework.web.context.request.AbstractRequestAttributes::<init> (23 bytes)
Event: 1522.931 Thread 0x0000018fc7dd8690 nmethod 14583 0x0000018fbb8bc290 code [0x0000018fbb8bc440, 0x0000018fbb8bc618]
Event: 1522.931 Thread 0x0000018fc2beee70 nmethod 14582 0x0000018fbb8bba90 code [0x0000018fbb8bbc80, 0x0000018fbb8bc0a0]
Event: 1539.812 Thread 0x0000018fc2beee70 14584       1       org.springframework.boot.devtools.autoconfigure.LocalDevToolsAutoConfiguration$LiveReloadServerEventListener::supportsEventType (35 bytes)
Event: 1539.812 Thread 0x0000018fc2beee70 nmethod 14584 0x0000018fbb8bb610 code [0x0000018fbb8bb7c0, 0x0000018fbb8bb958]
Event: 1539.812 Thread 0x0000018fc2beee70 14585       1       org.springframework.boot.admin.SpringApplicationAdminMXBeanRegistrar::supportsEventType (35 bytes)
Event: 1539.813 Thread 0x0000018fc2beee70 nmethod 14585 0x0000018fbb8bb190 code [0x0000018fbb8bb340, 0x0000018fbb8bb4d8]
Event: 1539.824 Thread 0x0000018fc2beee70 14586       1       java.net.InetAddress$InetAddressHolder::init (21 bytes)
Event: 1539.824 Thread 0x0000018fc2beee70 nmethod 14586 0x0000018fbb8bae10 code [0x0000018fbb8bafa0, 0x0000018fbb8bb110]
Event: 1539.824 Thread 0x0000018fc2beee70 14587       1       java.net.Inet6Address$Inet6AddressHolder::<init> (13 bytes)
Event: 1539.824 Thread 0x0000018fc2beee70 nmethod 14587 0x0000018fbb8baa10 code [0x0000018fbb8baba0, 0x0000018fbb8bad50]
Event: 1539.824 Thread 0x0000018fc2beee70 14588       1       java.net.Inet6Address::<init> (25 bytes)
Event: 1539.824 Thread 0x0000018fc2beee70 nmethod 14588 0x0000018fbb8ba390 code [0x0000018fbb8ba520, 0x0000018fbb8ba8f8]
Event: 1542.128 Thread 0x0000018fc2beee70 14589       1       java.lang.StackTraceElement::length (13 bytes)
Event: 1542.128 Thread 0x0000018fc2beee70 nmethod 14589 0x0000018fbb8ba010 code [0x0000018fbb8ba1a0, 0x0000018fbb8ba298]
Event: 1542.129 Thread 0x0000018fc2beee70 14590       1       java.util.concurrent.atomic.AtomicInteger::addAndGet (14 bytes)
Event: 1542.129 Thread 0x0000018fc2beee70 nmethod 14590 0x0000018fbb639b90 code [0x0000018fbb639d00, 0x0000018fbb639dd8]

GC Heap History (20 events):
Event: 1398.126 GC heap before
{Heap before GC invocations=79 (full 13):
 garbage-first heap   total 73728K, used 61854K [0x0000000081600000, 0x0000000100000000)
  region size 1024K, 36 young (36864K), 4 survivors (4096K)
 Metaspace       used 76649K, committed 77376K, reserved 1179648K
  class space    used 10441K, committed 10816K, reserved 1048576K
}
Event: 1398.129 GC heap after
{Heap after GC invocations=80 (full 13):
 garbage-first heap   total 73728K, used 30899K [0x0000000081600000, 0x0000000100000000)
  region size 1024K, 2 young (2048K), 2 survivors (2048K)
 Metaspace       used 76649K, committed 77376K, reserved 1179648K
  class space    used 10441K, committed 10816K, reserved 1048576K
}
Event: 1425.471 GC heap before
{Heap before GC invocations=80 (full 13):
 garbage-first heap   total 73728K, used 47283K [0x0000000081600000, 0x0000000100000000)
  region size 1024K, 19 young (19456K), 2 survivors (2048K)
 Metaspace       used 76667K, committed 77440K, reserved 1179648K
  class space    used 10445K, committed 10816K, reserved 1048576K
}
Event: 1425.523 GC heap after
{Heap after GC invocations=81 (full 14):
 garbage-first heap   total 73728K, used 26279K [0x0000000081600000, 0x0000000100000000)
  region size 1024K, 0 young (0K), 0 survivors (0K)
 Metaspace       used 76665K, committed 77440K, reserved 1179648K
  class space    used 10444K, committed 10816K, reserved 1048576K
}
Event: 1426.172 GC heap before
{Heap before GC invocations=81 (full 14):
 garbage-first heap   total 73728K, used 62119K [0x0000000081600000, 0x0000000100000000)
  region size 1024K, 36 young (36864K), 0 survivors (0K)
 Metaspace       used 76749K, committed 77504K, reserved 1179648K
  class space    used 10455K, committed 10816K, reserved 1048576K
}
Event: 1426.175 GC heap after
{Heap after GC invocations=82 (full 14):
 garbage-first heap   total 73728K, used 29940K [0x0000000081600000, 0x0000000100000000)
  region size 1024K, 4 young (4096K), 4 survivors (4096K)
 Metaspace       used 76749K, committed 77504K, reserved 1179648K
  class space    used 10455K, committed 10816K, reserved 1048576K
}
Event: 1426.519 GC heap before
{Heap before GC invocations=83 (full 14):
 garbage-first heap   total 73728K, used 62708K [0x0000000081600000, 0x0000000100000000)
  region size 1024K, 36 young (36864K), 4 survivors (4096K)
 Metaspace       used 77037K, committed 77824K, reserved 1179648K
  class space    used 10479K, committed 10880K, reserved 1048576K
}
Event: 1426.523 GC heap after
{Heap after GC invocations=84 (full 14):
 garbage-first heap   total 73728K, used 31505K [0x0000000081600000, 0x0000000100000000)
  region size 1024K, 2 young (2048K), 2 survivors (2048K)
 Metaspace       used 77037K, committed 77824K, reserved 1179648K
  class space    used 10479K, committed 10880K, reserved 1048576K
}
Event: 1490.610 GC heap before
{Heap before GC invocations=84 (full 14):
 garbage-first heap   total 73728K, used 46865K [0x0000000081600000, 0x0000000100000000)
  region size 1024K, 18 young (18432K), 2 survivors (2048K)
 Metaspace       used 77041K, committed 77824K, reserved 1179648K
  class space    used 10480K, committed 10880K, reserved 1048576K
}
Event: 1490.659 GC heap after
{Heap after GC invocations=85 (full 15):
 garbage-first heap   total 73728K, used 25689K [0x0000000081600000, 0x0000000100000000)
  region size 1024K, 0 young (0K), 0 survivors (0K)
 Metaspace       used 77038K, committed 77824K, reserved 1179648K
  class space    used 10479K, committed 10880K, reserved 1048576K
}
Event: 1491.179 GC heap before
{Heap before GC invocations=85 (full 15):
 garbage-first heap   total 73728K, used 60505K [0x0000000081600000, 0x0000000100000000)
  region size 1024K, 35 young (35840K), 0 survivors (0K)
 Metaspace       used 77117K, committed 77888K, reserved 1179648K
  class space    used 10489K, committed 10880K, reserved 1048576K
}
Event: 1491.182 GC heap after
{Heap after GC invocations=86 (full 15):
 garbage-first heap   total 73728K, used 29055K [0x0000000081600000, 0x0000000100000000)
  region size 1024K, 4 young (4096K), 4 survivors (4096K)
 Metaspace       used 77117K, committed 77888K, reserved 1179648K
  class space    used 10489K, committed 10880K, reserved 1048576K
}
Event: 1491.508 GC heap before
{Heap before GC invocations=87 (full 15):
 garbage-first heap   total 73728K, used 60799K [0x0000000081600000, 0x0000000100000000)
  region size 1024K, 35 young (35840K), 4 survivors (4096K)
 Metaspace       used 77354K, committed 78080K, reserved 1179648K
  class space    used 10509K, committed 10880K, reserved 1048576K
}
Event: 1491.511 GC heap after
{Heap after GC invocations=88 (full 15):
 garbage-first heap   total 73728K, used 31016K [0x0000000081600000, 0x0000000100000000)
  region size 1024K, 3 young (3072K), 3 survivors (3072K)
 Metaspace       used 77354K, committed 78080K, reserved 1179648K
  class space    used 10509K, committed 10880K, reserved 1048576K
}
Event: 1515.790 GC heap before
{Heap before GC invocations=88 (full 15):
 garbage-first heap   total 73728K, used 48424K [0x0000000081600000, 0x0000000100000000)
  region size 1024K, 21 young (21504K), 3 survivors (3072K)
 Metaspace       used 77457K, committed 78272K, reserved 1179648K
  class space    used 10525K, committed 10944K, reserved 1048576K
}
Event: 1515.839 GC heap after
{Heap after GC invocations=89 (full 16):
 garbage-first heap   total 73728K, used 25679K [0x0000000081600000, 0x0000000100000000)
  region size 1024K, 0 young (0K), 0 survivors (0K)
 Metaspace       used 77436K, committed 78272K, reserved 1179648K
  class space    used 10522K, committed 10944K, reserved 1048576K
}
Event: 1516.448 GC heap before
{Heap before GC invocations=89 (full 16):
 garbage-first heap   total 73728K, used 61519K [0x0000000081600000, 0x0000000100000000)
  region size 1024K, 36 young (36864K), 0 survivors (0K)
 Metaspace       used 77525K, committed 78336K, reserved 1179648K
  class space    used 10534K, committed 10944K, reserved 1048576K
}
Event: 1516.451 GC heap after
{Heap after GC invocations=90 (full 16):
 garbage-first heap   total 73728K, used 29355K [0x0000000081600000, 0x0000000100000000)
  region size 1024K, 4 young (4096K), 4 survivors (4096K)
 Metaspace       used 77525K, committed 78336K, reserved 1179648K
  class space    used 10534K, committed 10944K, reserved 1048576K
}
Event: 1516.823 GC heap before
{Heap before GC invocations=91 (full 16):
 garbage-first heap   total 73728K, used 62123K [0x0000000081600000, 0x0000000100000000)
  region size 1024K, 36 young (36864K), 4 survivors (4096K)
 Metaspace       used 77806K, committed 78592K, reserved 1179648K
  class space    used 10555K, committed 10944K, reserved 1048576K
}
Event: 1516.827 GC heap after
{Heap after GC invocations=92 (full 16):
 garbage-first heap   total 73728K, used 30977K [0x0000000081600000, 0x0000000100000000)
  region size 1024K, 2 young (2048K), 2 survivors (2048K)
 Metaspace       used 77806K, committed 78592K, reserved 1179648K
  class space    used 10555K, committed 10944K, reserved 1048576K
}

Dll operation events (13 events):
Event: 0.025 Loaded shared library C:\Program Files\Java\jdk-20\bin\java.dll
Event: 0.038 Loaded shared library C:\Program Files\Java\jdk-20\bin\jsvml.dll
Event: 0.235 Loaded shared library C:\Program Files\Java\jdk-20\bin\zip.dll
Event: 0.237 Loaded shared library C:\Program Files\Java\jdk-20\bin\instrument.dll
Event: 0.244 Loaded shared library C:\Program Files\Java\jdk-20\bin\net.dll
Event: 0.245 Loaded shared library C:\Program Files\Java\jdk-20\bin\nio.dll
Event: 0.250 Loaded shared library C:\Program Files\Java\jdk-20\bin\zip.dll
Event: 0.385 Loaded shared library C:\Program Files\Java\jdk-20\bin\jimage.dll
Event: 0.440 Loaded shared library C:\Program Files\Java\jdk-20\bin\management.dll
Event: 0.452 Loaded shared library C:\Program Files\Java\jdk-20\bin\management_ext.dll
Event: 0.722 Loaded shared library C:\Program Files\Java\jdk-20\bin\extnet.dll
Event: 0.748 Loaded shared library C:\Program Files\Java\jdk-20\bin\verify.dll
Event: 3.611 Loaded shared library C:\Program Files\Java\jdk-20\bin\sunmscapi.dll

Deoptimization events (20 events):
Event: 1542.127 Thread 0x0000018fc80cc260 DEOPT PACKING pc=0x0000018fbac1b824 sp=0x00000015ef2fc4d0
Event: 1542.127 Thread 0x0000018fc80cc260 DEOPT UNPACKING pc=0x0000018fba4ba4c2 sp=0x00000015ef2fba90 mode 1
Event: 1542.129 Thread 0x0000018fc9fef0c0 DEOPT PACKING pc=0x0000018fba8114e4 sp=0x00000015f22ff180
Event: 1542.129 Thread 0x0000018fc9fef0c0 DEOPT UNPACKING pc=0x0000018fba4ba4c2 sp=0x00000015f22fe728 mode 1
Event: 1542.129 Thread 0x0000018fc9fefb60 DEOPT PACKING pc=0x0000018fba8114e4 sp=0x00000015f2afefe0
Event: 1542.129 Thread 0x0000018fc9fefb60 DEOPT UNPACKING pc=0x0000018fba4ba4c2 sp=0x00000015f2afe588 mode 1
Event: 1542.129 Thread 0x0000018fc9fef610 DEOPT PACKING pc=0x0000018fba8114e4 sp=0x00000015f24fed50
Event: 1542.129 Thread 0x0000018fc9fef610 DEOPT UNPACKING pc=0x0000018fba4ba4c2 sp=0x00000015f24fe2f8 mode 1
Event: 1542.129 Thread 0x0000018fc9ff4b10 DEOPT PACKING pc=0x0000018fba8114e4 sp=0x00000015f29ff0b0
Event: 1542.129 Thread 0x0000018fc9ff4b10 DEOPT UNPACKING pc=0x0000018fba4ba4c2 sp=0x00000015f29fe658 mode 1
Event: 1542.129 Thread 0x0000018fc9fedb80 DEOPT PACKING pc=0x0000018fba8114e4 sp=0x00000015f20fef20
Event: 1542.129 Thread 0x0000018fc9fedb80 DEOPT UNPACKING pc=0x0000018fba4ba4c2 sp=0x00000015f20fe4c8 mode 1
Event: 1542.129 Thread 0x0000018fc9ff2090 DEOPT PACKING pc=0x0000018fba8114e4 sp=0x00000015f27ff1b0
Event: 1542.129 Thread 0x0000018fc9ff2090 DEOPT UNPACKING pc=0x0000018fba4ba4c2 sp=0x00000015f27fe758 mode 1
Event: 1542.129 Thread 0x0000018fc9ff25e0 DEOPT PACKING pc=0x0000018fba8114e4 sp=0x00000015f28feb90
Event: 1542.129 Thread 0x0000018fc9ff25e0 DEOPT UNPACKING pc=0x0000018fba4ba4c2 sp=0x00000015f28fe138 mode 1
Event: 1542.130 Thread 0x0000018fc9ff45c0 DEOPT PACKING pc=0x0000018fba8114e4 sp=0x00000015f25ff140
Event: 1542.130 Thread 0x0000018fc9ff45c0 DEOPT UNPACKING pc=0x0000018fba4ba4c2 sp=0x00000015f25fe6e8 mode 1
Event: 1542.130 Thread 0x0000018fc9ff35d0 DEOPT PACKING pc=0x0000018fba8114e4 sp=0x00000015f26fee50
Event: 1542.130 Thread 0x0000018fc9ff35d0 DEOPT UNPACKING pc=0x0000018fba4ba4c2 sp=0x00000015f26fe3f8 mode 1

Classes loaded (20 events):
Event: 446.586 Loading class javax/management/ObjectName$PatternProperty
Event: 446.586 Loading class javax/management/ObjectName$PatternProperty done
Event: 446.860 Loading class java/lang/ref/Finalizer$2
Event: 446.860 Loading class java/lang/ref/Finalizer$2 done
Event: 446.861 Loading class java/lang/ref/Finalizer$1
Event: 446.861 Loading class java/lang/ref/Finalizer$1 done
Event: 447.870 Loading class java/time/DurationEditor
Event: 447.870 Loading class java/time/DurationEditor done
Event: 648.268 Loading class java/time/DurationEditor
Event: 648.268 Loading class java/time/DurationEditor done
Event: 1068.591 Loading class java/time/DurationEditor
Event: 1068.591 Loading class java/time/DurationEditor done
Event: 1147.644 Loading class java/lang/invoke/MethodHandleImpl$CountingWrapper$1
Event: 1147.644 Loading class java/lang/invoke/MethodHandleImpl$CountingWrapper$1 done
Event: 1148.257 Loading class java/time/DurationEditor
Event: 1148.257 Loading class java/time/DurationEditor done
Event: 1331.806 Loading class java/time/DurationEditor
Event: 1331.806 Loading class java/time/DurationEditor done
Event: 1491.548 Loading class java/time/DurationEditor
Event: 1491.548 Loading class java/time/DurationEditor done

Classes unloaded (20 events):
Event: 1491.227 Thread 0x0000018fc2bbc400 Unloading class 0x0000000801a66000 'jdk/internal/reflect/GeneratedSerializationConstructorAccessor88'
Event: 1491.227 Thread 0x0000018fc2bbc400 Unloading class 0x0000000801a65c00 'jdk/internal/reflect/GeneratedSerializationConstructorAccessor87'
Event: 1491.227 Thread 0x0000018fc2bbc400 Unloading class 0x0000000801a65800 'jdk/internal/reflect/GeneratedSerializationConstructorAccessor86'
Event: 1491.227 Thread 0x0000018fc2bbc400 Unloading class 0x0000000801a65400 'jdk/internal/reflect/GeneratedSerializationConstructorAccessor85'
Event: 1491.227 Thread 0x0000018fc2bbc400 Unloading class 0x0000000801a64c00 'java/lang/invoke/LambdaForm$MH+0x0000000801a64c00'
Event: 1491.227 Thread 0x0000018fc2bbc400 Unloading class 0x0000000801006c00 'java/lang/invoke/LambdaForm$MH+0x0000000801006c00'
Event: 1491.227 Thread 0x0000018fc2bbc400 Unloading class 0x00000008013d9000 'java/lang/invoke/LambdaForm$MH+0x00000008013d9000'
Event: 1491.227 Thread 0x0000018fc2bbc400 Unloading class 0x0000000801a3cc00 'java/lang/invoke/LambdaForm$MH+0x0000000801a3cc00'
Event: 1491.227 Thread 0x0000018fc2bbc400 Unloading class 0x0000000801a38c00 'java/lang/invoke/LambdaForm$MH+0x0000000801a38c00'
Event: 1491.227 Thread 0x0000018fc2bbc400 Unloading class 0x0000000801a48c00 'java/lang/invoke/LambdaForm$MH+0x0000000801a48c00'
Event: 1491.227 Thread 0x0000018fc2bbc400 Unloading class 0x0000000801a49400 'java/lang/invoke/LambdaForm$MH+0x0000000801a49400'
Event: 1491.227 Thread 0x0000018fc2bbc400 Unloading class 0x0000000801a49c00 'java/lang/invoke/LambdaForm$MH+0x0000000801a49c00'
Event: 1491.227 Thread 0x0000018fc2bbc400 Unloading class 0x0000000801525800 'java/lang/invoke/LambdaForm$MH+0x0000000801525800'
Event: 1515.805 Thread 0x0000018fc2bbc400 Unloading class 0x0000000801aa3000 'jdk/internal/reflect/GeneratedSerializationConstructorAccessor111'
Event: 1515.805 Thread 0x0000018fc2bbc400 Unloading class 0x0000000801aa2800 'jdk/internal/reflect/GeneratedSerializationConstructorAccessor110'
Event: 1515.805 Thread 0x0000018fc2bbc400 Unloading class 0x0000000801aa1c00 'jdk/internal/reflect/GeneratedSerializationConstructorAccessor107'
Event: 1515.805 Thread 0x0000018fc2bbc400 Unloading class 0x0000000801aa0400 'jdk/internal/reflect/GeneratedSerializationConstructorAccessor101'
Event: 1515.805 Thread 0x0000018fc2bbc400 Unloading class 0x0000000801a9fc00 'jdk/internal/reflect/GeneratedSerializationConstructorAccessor99'
Event: 1515.805 Thread 0x0000018fc2bbc400 Unloading class 0x0000000801a9f400 'jdk/internal/reflect/GeneratedSerializationConstructorAccessor97'
Event: 1515.805 Thread 0x0000018fc2bbc400 Unloading class 0x0000000801a8e400 'org/apache/catalina/loader/JdbcLeakPrevention'

Classes redefined (0 events):
No events

Internal exceptions (20 events):
Event: 1491.045 Thread 0x0000018fc9fed630 Exception <a 'java/lang/NoClassDefFoundError'{0x0000000084750318}: org/flywaydb/core/Flyway> (0x0000000084750318) 
thrown [s\open\src\hotspot\share\oops\constantPool.cpp, line 848]
Event: 1491.046 Thread 0x0000018fc9fed630 Exception <a 'java/lang/NoClassDefFoundError'{0x0000000084750978}: liquibase/integration/spring/SpringLiquibase> (0x0000000084750978) 
thrown [s\open\src\hotspot\share\oops\constantPool.cpp, line 848]
Event: 1491.051 Thread 0x0000018fc9fed630 Exception <a 'java/lang/NoClassDefFoundError'{0x00000000847a6fb0}: org/jooq/DSLContext> (0x00000000847a6fb0) 
thrown [s\open\src\hotspot\share\oops\constantPool.cpp, line 848]
Event: 1491.052 Thread 0x0000018fc9fed630 Exception <a 'java/lang/NoClassDefFoundError'{0x00000000847b6130}: org/springframework/batch/core/repository/JobRepository> (0x00000000847b6130) 
thrown [s\open\src\hotspot\share\oops\constantPool.cpp, line 848]
Event: 1491.053 Thread 0x0000018fc9fed630 Exception <a 'java/lang/NoClassDefFoundError'{0x00000000847b6788}: org/quartz/Scheduler> (0x00000000847b6788) 
thrown [s\open\src\hotspot\share\oops\constantPool.cpp, line 848]
Event: 1491.054 Thread 0x0000018fc9fed630 Exception <a 'java/lang/NoClassDefFoundError'{0x00000000847b6e08}: org/springframework/session/jdbc/JdbcIndexedSessionRepository> (0x00000000847b6e08) 
thrown [s\open\src\hotspot\share\oops\constantPool.cpp, line 848]
Event: 1491.118 Thread 0x0000018fc9fed630 Exception <a 'java/io/FileNotFoundException'{0x0000000084022438}> (0x0000000084022438) 
thrown [s\open\src\hotspot\share\prims\jni.cpp, line 519]
Event: 1491.163 Thread 0x0000018fc9fed630 Exception <a 'java/io/FileNotFoundException'{0x0000000083cf3e78}> (0x0000000083cf3e78) 
thrown [s\open\src\hotspot\share\prims\jni.cpp, line 519]
Event: 1491.549 Thread 0x0000018fc9fed630 Exception <a 'java/lang/NoSuchMethodError'{0x00000000883b53b0}: 'void java.lang.invoke.DelegatingMethodHandle$Holder.reinvoke_L(java.lang.Object, java.lang.Object, int)'> (0x00000000883b53b0) 
thrown [s\open\src\hotspot\share\interpreter\linkResolver.cpp, line 773]
Event: 1491.700 Thread 0x0000018fc9ff3080 Exception <a 'java/lang/NoSuchMethodError'{0x0000000084e99a70}: static [B.<clinit>()V> (0x0000000084e99a70) 
thrown [s\open\src\hotspot\share\prims\jni.cpp, line 1105]
Event: 1515.576 Thread 0x0000018fc9fef610 Exception <a 'java/lang/InterruptedException'{0x0000000084c88520}: sleep interrupted> (0x0000000084c88520) 
thrown [s\open\src\hotspot\share\prims\jvm.cpp, line 3086]
Event: 1515.864 Thread 0x0000018fc9fee0d0 Exception <a 'sun/nio/fs/WindowsException'{0x0000000089583768}> (0x0000000089583768) 
thrown [s\open\src\hotspot\share\prims\jni.cpp, line 519]
Event: 1516.290 Thread 0x0000018fc9fee0d0 Exception <a 'java/lang/NoClassDefFoundError'{0x000000008473f818}: org/flywaydb/core/Flyway> (0x000000008473f818) 
thrown [s\open\src\hotspot\share\oops\constantPool.cpp, line 848]
Event: 1516.291 Thread 0x0000018fc9fee0d0 Exception <a 'java/lang/NoClassDefFoundError'{0x000000008473fe78}: liquibase/integration/spring/SpringLiquibase> (0x000000008473fe78) 
thrown [s\open\src\hotspot\share\oops\constantPool.cpp, line 848]
Event: 1516.297 Thread 0x0000018fc9fee0d0 Exception <a 'java/lang/NoClassDefFoundError'{0x00000000847964f0}: org/jooq/DSLContext> (0x00000000847964f0) 
thrown [s\open\src\hotspot\share\oops\constantPool.cpp, line 848]
Event: 1516.299 Thread 0x0000018fc9fee0d0 Exception <a 'java/lang/NoClassDefFoundError'{0x00000000847a5648}: org/springframework/batch/core/repository/JobRepository> (0x00000000847a5648) 
thrown [s\open\src\hotspot\share\oops\constantPool.cpp, line 848]
Event: 1516.300 Thread 0x0000018fc9fee0d0 Exception <a 'java/lang/NoClassDefFoundError'{0x00000000847a5ca0}: org/quartz/Scheduler> (0x00000000847a5ca0) 
thrown [s\open\src\hotspot\share\oops\constantPool.cpp, line 848]
Event: 1516.301 Thread 0x0000018fc9fee0d0 Exception <a 'java/lang/NoClassDefFoundError'{0x00000000847a6320}: org/springframework/session/jdbc/JdbcIndexedSessionRepository> (0x00000000847a6320) 
thrown [s\open\src\hotspot\share\oops\constantPool.cpp, line 848]
Event: 1516.371 Thread 0x0000018fc9fee0d0 Exception <a 'java/io/FileNotFoundException'{0x00000000841fcb40}> (0x00000000841fcb40) 
thrown [s\open\src\hotspot\share\prims\jni.cpp, line 519]
Event: 1516.408 Thread 0x0000018fc9fee0d0 Exception <a 'java/io/FileNotFoundException'{0x0000000083cccc98}> (0x0000000083cccc98) 
thrown [s\open\src\hotspot\share\prims\jni.cpp, line 519]

VM Operations (20 events):
Event: 1543.987 Executing VM operation: ChangeBreakpoints
Event: 1543.990 Executing VM operation: ChangeBreakpoints done
Event: 1543.994 Executing VM operation: ChangeBreakpoints
Event: 1543.997 Executing VM operation: ChangeBreakpoints done
Event: 1544.000 Executing VM operation: ChangeBreakpoints
Event: 1544.005 Executing VM operation: ChangeBreakpoints done
Event: 1544.008 Executing VM operation: ChangeBreakpoints
Event: 1544.011 Executing VM operation: ChangeBreakpoints done
Event: 1544.014 Executing VM operation: ChangeBreakpoints
Event: 1544.017 Executing VM operation: ChangeBreakpoints done
Event: 1544.020 Executing VM operation: ChangeBreakpoints
Event: 1544.023 Executing VM operation: ChangeBreakpoints done
Event: 1544.026 Executing VM operation: ChangeBreakpoints
Event: 1544.030 Executing VM operation: ChangeBreakpoints done
Event: 1544.033 Executing VM operation: ChangeBreakpoints
Event: 1544.035 Executing VM operation: ChangeBreakpoints done
Event: 1544.038 Executing VM operation: ChangeBreakpoints
Event: 1544.041 Executing VM operation: ChangeBreakpoints done
Event: 1544.044 Executing VM operation: ChangeBreakpoints
Event: 1544.047 Executing VM operation: ChangeBreakpoints done

Events (20 events):
Event: 1521.660 Thread 0x0000018fc9ff0b50 Thread exited: 0x0000018fc9ff0b50
Event: 1521.870 Thread 0x0000018fc7dd5a10 Thread exited: 0x0000018fc7dd5a10
Event: 1521.875 Thread 0x0000018fc7dd8c20 Thread added: 0x0000018fc7dd8c20
Event: 1521.885 Thread 0x0000018fc7dd5a10 Thread added: 0x0000018fc7dd5a10
Event: 1522.926 Thread 0x0000018fc7dd5a10 Thread exited: 0x0000018fc7dd5a10
Event: 1522.926 Thread 0x0000018fc7dd8c20 Thread exited: 0x0000018fc7dd8c20
Event: 1527.937 Thread 0x0000018fc7dd8690 Thread exited: 0x0000018fc7dd8690
Event: 1539.812 Thread 0x0000018fc80cc260 Thread added: 0x0000018fc80cc260
Event: 1539.812 Thread 0x0000018fc9feeb70 Thread exited: 0x0000018fc9feeb70
Event: 1539.825 Thread 0x0000018fc9fed0e0 Thread exited: 0x0000018fc9fed0e0
Event: 1542.129 Thread 0x0000018fc9ff3b20 Thread exited: 0x0000018fc9ff3b20
Event: 1542.129 Thread 0x0000018fc9fefb60 Thread exited: 0x0000018fc9fefb60
Event: 1542.129 Thread 0x0000018fc9fedb80 Thread exited: 0x0000018fc9fedb80
Event: 1542.129 Thread 0x0000018fc9fef0c0 Thread exited: 0x0000018fc9fef0c0
Event: 1542.129 Thread 0x0000018fc9ff4b10 Thread exited: 0x0000018fc9ff4b10
Event: 1542.129 Thread 0x0000018fc9fef610 Thread exited: 0x0000018fc9fef610
Event: 1542.130 Thread 0x0000018fc9ff2090 Thread exited: 0x0000018fc9ff2090
Event: 1542.130 Thread 0x0000018fc9ff25e0 Thread exited: 0x0000018fc9ff25e0
Event: 1542.130 Thread 0x0000018fc9ff45c0 Thread exited: 0x0000018fc9ff45c0
Event: 1542.130 Thread 0x0000018fc9ff35d0 Thread exited: 0x0000018fc9ff35d0


Dynamic libraries:
0x00007ff75a450000 - 0x00007ff75a460000 	C:\Program Files\Java\jdk-20\bin\javaw.exe
0x00007ffe05cd0000 - 0x00007ffe05ee7000 	C:\WINDOWS\SYSTEM32\ntdll.dll
0x00007ffe050d0000 - 0x00007ffe05194000 	C:\WINDOWS\System32\KERNEL32.DLL
0x00007ffe03490000 - 0x00007ffe03836000 	C:\WINDOWS\System32\KERNELBASE.dll
0x00007ffe03300000 - 0x00007ffe03411000 	C:\WINDOWS\System32\ucrtbase.dll
0x00007ffdfd1c0000 - 0x00007ffdfd1db000 	C:\Program Files\Java\jdk-20\bin\VCRUNTIME140.dll
0x00007ffdfc930000 - 0x00007ffdfc949000 	C:\Program Files\Java\jdk-20\bin\jli.dll
0x00007ffe04480000 - 0x00007ffe04530000 	C:\WINDOWS\System32\ADVAPI32.dll
0x00007ffe03b50000 - 0x00007ffe03bf7000 	C:\WINDOWS\System32\msvcrt.dll
0x00007ffe03f90000 - 0x00007ffe04036000 	C:\WINDOWS\System32\sechost.dll
0x00007ffe05b70000 - 0x00007ffe05c87000 	C:\WINDOWS\System32\RPCRT4.dll
0x00007ffe059c0000 - 0x00007ffe05b6d000 	C:\WINDOWS\System32\USER32.dll
0x00007ffde2220000 - 0x00007ffde24b3000 	C:\WINDOWS\WinSxS\amd64_microsoft.windows.common-controls_6595b64144ccf1df_6.0.22621.2361_none_2712ced57382f843\COMCTL32.dll
0x00007ffe03050000 - 0x00007ffe03076000 	C:\WINDOWS\System32\win32u.dll
0x00007ffe043c0000 - 0x00007ffe043e9000 	C:\WINDOWS\System32\GDI32.dll
0x00007ffe03080000 - 0x00007ffe03198000 	C:\WINDOWS\System32\gdi32full.dll
0x00007ffe03260000 - 0x00007ffe032fa000 	C:\WINDOWS\System32\msvcp_win.dll
0x00007ffdf9d00000 - 0x00007ffdf9d0a000 	C:\WINDOWS\SYSTEM32\VERSION.dll
0x00007ffe03a30000 - 0x00007ffe03a61000 	C:\WINDOWS\System32\IMM32.DLL
0x00007ffe002c0000 - 0x00007ffe002cc000 	C:\Program Files\Java\jdk-20\bin\vcruntime140_1.dll
0x00007ffdd45f0000 - 0x00007ffdd467e000 	C:\Program Files\Java\jdk-20\bin\msvcp140.dll
0x00007ffdb75e0000 - 0x00007ffdb8277000 	C:\Program Files\Java\jdk-20\bin\server\jvm.dll
0x00007ffdfbfc0000 - 0x00007ffdfbff4000 	C:\WINDOWS\SYSTEM32\WINMM.dll
0x00007ffdeb9b0000 - 0x00007ffdeb9b9000 	C:\WINDOWS\SYSTEM32\WSOCK32.dll
0x00007ffe04400000 - 0x00007ffe04471000 	C:\WINDOWS\System32\WS2_32.dll
0x00007ffe02030000 - 0x00007ffe02048000 	C:\WINDOWS\SYSTEM32\kernel.appcore.dll
0x00007ffdfe560000 - 0x00007ffdfe56a000 	C:\Program Files\Java\jdk-20\bin\jimage.dll
0x00007ffde4bb0000 - 0x00007ffde4dde000 	C:\WINDOWS\SYSTEM32\DBGHELP.DLL
0x00007ffe03c00000 - 0x00007ffe03f8a000 	C:\WINDOWS\System32\combase.dll
0x00007ffe04ff0000 - 0x00007ffe050c7000 	C:\WINDOWS\System32\OLEAUT32.dll
0x00007ffde4a50000 - 0x00007ffde4a82000 	C:\WINDOWS\SYSTEM32\dbgcore.DLL
0x00007ffe039b0000 - 0x00007ffe03a2a000 	C:\WINDOWS\System32\bcryptPrimitives.dll
0x00007ffdeb1c0000 - 0x00007ffdeb1fc000 	C:\Program Files\Java\jdk-20\bin\jdwp.dll
0x00007ffdfd1b0000 - 0x00007ffdfd1be000 	C:\Program Files\Java\jdk-20\bin\instrument.dll
0x00007ffdfa140000 - 0x00007ffdfa166000 	C:\Program Files\Java\jdk-20\bin\java.dll
0x00007ffdc26f0000 - 0x00007ffdc27c7000 	C:\Program Files\Java\jdk-20\bin\jsvml.dll
0x00007ffe04540000 - 0x00007ffe04d98000 	C:\WINDOWS\System32\SHELL32.dll
0x00007ffe00fb0000 - 0x00007ffe018a2000 	C:\WINDOWS\SYSTEM32\windows.storage.dll
0x00007ffe00e70000 - 0x00007ffe00fae000 	C:\WINDOWS\SYSTEM32\wintypes.dll
0x00007ffe05620000 - 0x00007ffe05713000 	C:\WINDOWS\System32\SHCORE.dll
0x00007ffe03a70000 - 0x00007ffe03ace000 	C:\WINDOWS\System32\shlwapi.dll
0x00007ffe02f80000 - 0x00007ffe02fa6000 	C:\WINDOWS\SYSTEM32\profapi.dll
0x00007ffdfc920000 - 0x00007ffdfc92c000 	C:\Program Files\Java\jdk-20\bin\dt_socket.dll
0x00007ffe01b10000 - 0x00007ffe01b3d000 	C:\WINDOWS\SYSTEM32\IPHLPAPI.DLL
0x00007ffe02510000 - 0x00007ffe02579000 	C:\WINDOWS\system32\mswsock.dll
0x00007ffe01b80000 - 0x00007ffe01c79000 	C:\WINDOWS\SYSTEM32\DNSAPI.dll
0x00007ffe043f0000 - 0x00007ffe043f9000 	C:\WINDOWS\System32\NSI.dll
0x00007ffdf3030000 - 0x00007ffdf303a000 	C:\Windows\System32\rasadhlp.dll
0x00007ffdfa2b0000 - 0x00007ffdfa334000 	C:\WINDOWS\System32\fwpuclnt.dll
0x00007ffdf1cb0000 - 0x00007ffdf1cc8000 	C:\Program Files\Java\jdk-20\bin\zip.dll
0x00007ffde1990000 - 0x00007ffde19a3000 	C:\Program Files\Java\jdk-20\bin\net.dll
0x00007ffdfbd80000 - 0x00007ffdfbeb7000 	C:\WINDOWS\SYSTEM32\WINHTTP.dll
0x00007ffddd5e0000 - 0x00007ffddd5f6000 	C:\Program Files\Java\jdk-20\bin\nio.dll
0x00007ffdf34f0000 - 0x00007ffdf34fa000 	C:\Program Files\Java\jdk-20\bin\management.dll
0x00007ffdf2e60000 - 0x00007ffdf2e6b000 	C:\Program Files\Java\jdk-20\bin\management_ext.dll
0x00007ffe04f70000 - 0x00007ffe04f78000 	C:\WINDOWS\System32\PSAPI.DLL
0x00007ffe00330000 - 0x00007ffe00347000 	C:\WINDOWS\system32\napinsp.dll
0x00007ffe00310000 - 0x00007ffe0032b000 	C:\WINDOWS\system32\pnrpnsp.dll
0x00007ffdfd180000 - 0x00007ffdfd191000 	C:\WINDOWS\System32\winrnr.dll
0x00007ffdfae20000 - 0x00007ffdfae35000 	C:\WINDOWS\system32\wshbth.dll
0x00007ffda6c80000 - 0x00007ffda6ca1000 	C:\WINDOWS\system32\nlansp_c.dll
0x00007ffe02760000 - 0x00007ffe0277b000 	C:\WINDOWS\SYSTEM32\CRYPTSP.dll
0x00007ffe01ff0000 - 0x00007ffe02025000 	C:\WINDOWS\system32\rsaenh.dll
0x00007ffe02600000 - 0x00007ffe0262c000 	C:\WINDOWS\SYSTEM32\USERENV.dll
0x00007ffe02920000 - 0x00007ffe02948000 	C:\WINDOWS\SYSTEM32\bcrypt.dll
0x00007ffe02780000 - 0x00007ffe0278c000 	C:\WINDOWS\SYSTEM32\CRYPTBASE.dll
0x00007ffdfc010000 - 0x00007ffdfc029000 	C:\WINDOWS\SYSTEM32\dhcpcsvc6.DLL
0x00007ffdfba90000 - 0x00007ffdfbaaf000 	C:\WINDOWS\SYSTEM32\dhcpcsvc.DLL
0x00007ffdf2300000 - 0x00007ffdf2307000 	C:\Program Files\Java\jdk-20\bin\extnet.dll
0x00007ffdf18a0000 - 0x00007ffdf18b0000 	C:\Program Files\Java\jdk-20\bin\verify.dll
0x00007ffdf1430000 - 0x00007ffdf143e000 	C:\Program Files\Java\jdk-20\bin\sunmscapi.dll
0x00007ffe03840000 - 0x00007ffe039a6000 	C:\WINDOWS\System32\CRYPT32.dll
0x00007ffe028f0000 - 0x00007ffe0291d000 	C:\WINDOWS\SYSTEM32\ncrypt.dll
0x00007ffe028b0000 - 0x00007ffe028e7000 	C:\WINDOWS\SYSTEM32\NTASN1.dll
0x00007ffdeffc0000 - 0x00007ffdeffc8000 	C:\WINDOWS\system32\wshunix.dll

dbghelp: loaded successfully - version: 4.0.5 - missing functions: none
symbol engine: initialized successfully - sym options: 0x614 - pdb path: .;C:\Program Files\Java\jdk-20\bin;C:\WINDOWS\SYSTEM32;C:\WINDOWS\WinSxS\amd64_microsoft.windows.common-controls_6595b64144ccf1df_6.0.22621.2361_none_2712ced57382f843;C:\Program Files\Java\jdk-20\bin\server

VM Arguments:
jvm_args: -XX:+ShowCodeDetailsInExceptionMessages -agentlib:jdwp=transport=dt_socket,suspend=y,address=localhost:63142 -Dcom.sun.management.jmxremote -Dcom.sun.management.jmxremote.port=63141 -Dcom.sun.management.jmxremote.authenticate=false -Dcom.sun.management.jmxremote.ssl=false -Djava.rmi.server.hostname=localhost -Dspring.jmx.enabled=true -Dmanagement.endpoints.jmx.exposure.include=* -Dspring.application.admin.enabled=true -XX:TieredStopAtLevel=1 -Dspring.boot.project.name=helpdesk -javaagent:C:\sts-4.20.0.RELEASE\configuration\org.eclipse.osgi\262\0\.cp\lib\javaagent-shaded.jar -Dfile.encoding=UTF-8 -Dstdout.encoding=UTF-8 -Dstderr.encoding=UTF-8 
java_command: com.Daniel.helpdesk.HelpdeskApplication --spring.output.ansi.enabled=always
java_class_path (initial): C:\Users\User\Área de Trabalho\helpdesk\target\classes;C:\Users\User\.m2\repository\org\springframework\boot\spring-boot-starter-data-jpa\3.1.3\spring-boot-starter-data-jpa-3.1.3.jar;C:\Users\User\.m2\repository\org\springframework\boot\spring-boot-starter-aop\3.1.3\spring-boot-starter-aop-3.1.3.jar;C:\Users\User\.m2\repository\org\springframework\spring-aop\6.0.11\spring-aop-6.0.11.jar;C:\Users\User\.m2\repository\org\aspectj\aspectjweaver\1.9.20\aspectjweaver-1.9.20.jar;C:\Users\User\.m2\repository\org\springframework\boot\spring-boot-starter-jdbc\3.1.3\spring-boot-starter-jdbc-3.1.3.jar;C:\Users\User\.m2\repository\com\zaxxer\HikariCP\5.0.1\HikariCP-5.0.1.jar;C:\Users\User\.m2\repository\org\springframework\spring-jdbc\6.0.11\spring-jdbc-6.0.11.jar;C:\Users\User\.m2\repository\org\hibernate\orm\hibernate-core\6.2.7.Final\hibernate-core-6.2.7.Final.jar;C:\Users\User\.m2\repository\jakarta\persistence\jakarta.persistence-api\3.1.0\jakarta.persistence-api-3.1.0.jar;C:\Users\User\.m2\repository\jakarta\transaction\jakarta.transaction-api\2.0.1\jakarta.transaction-api-2.0.1.jar;C:\Users\User\.m2\repository\org\jboss\logging\jboss-logging\3.5.3.Final\jboss-logging-3.5.3.Final.jar;C:\Users\User\.m2\repository\org\hibernate\common\hibernate-commons-annotations\6.0.6.Final\hibernate-commons-annotations-6.0.6.Final.jar;C:\Users\User\.m2\repository\io\smallrye\jandex\3.0.5\jandex-3.0.5.jar;C:\Users\User\.m2\repository\com\fasterxml\classmate\1.5.1\classmate-1.5.1.jar;C:\Users\User\.m2\repository\net\bytebuddy\byte-buddy\1.14.6\byte-buddy-1.14.6.jar;C:\Users\User\.m2\repository\org\glassfish\jaxb\jaxb-runtime\4.0.3\jaxb-runtime-4.0.3.jar;C:\Users\User\.m2\repository\org\glassfish\jaxb\jaxb-core\4.0.3\jaxb-core-4.0.3.jar;C:\Users\User\.m2\repository\org\eclipse\angus\angus-activation\2.0.1\angus-activation-2.0.1.jar;C:\Users\User\.m2\repository\org\glassfish\jaxb\txw2\4.0.3\txw2-4.0.3.jar;C:\Users\User\.m2\repository\com\sun\istack\istack-commons-runtime\4.1.2\istack-commons-runtime-4.1.2.jar;C:\Users\User\.m2\repository\jakarta\inject\jakarta.inject-api\2.0.1\jakarta.inject-api-2.0.1.jar;C:\Users\User\.m2\repository\org\antlr\antlr4-runtime\4.10.1\antlr4-runtime-4.10.1.jar;C:\Users\User\.m2\repository\org\springframework\data\spring-data-jpa\3.1.3\spring-data-jpa-3.1.3.jar;C:\Users\User\.m2\repository\org\springframework\data\spring-data-commons\3.1.3\spring-data-commons-3.1.3.jar;C:\Users\User\.m2\repository\org\springframework\spring-orm\6.0.11\spring-orm-6.0.11.jar;C:\Users\User\.m2\repository\org\springframework\spring-context\6.0.11\spring-context-6.0.11.jar;C:\Users\User\.m2\repository\org\springframework\spring-tx\6.0.11\spring-tx-6.0.11.jar;C:\Users\User\.m2\repository\org\springframework\spring-beans\6.0.11\spring-beans-6.0.11.jar;C:\Users\User\.m2\repository\jakarta\annotation\jakarta.annotation-api\2.1.1\jakarta.annotation-api-2.1.1.jar;C:\Users\User\.m2\repository\org\slf4j\slf4j-api\2.0.7\slf4j-api-2.0.7.jar;C:\Users\User\.m2\repository\org\springframework\spring-aspects\6.0.11\spring-aspects-6.0.11.jar;C:\Users\User\.m2\repository\org\projectlombok\lombok\1.18.28\lombok-1.18.28.jar;C:\Users\User\.m2\repository\org\springframework\boot\spring-boot-starter-validation\3.1.3\spring-boot-starter-validation-3.1.3.jar;C:\Users\User\.m2\repository\org\springframework\boot\spring-boot-starter\3.1.3\spring-boot-starter-3.1.3.jar;C:\Users\User\.m2\repository\org\springframework\boot\spring-boot-starter-logging\3.1.3\spring-boot-starter-logging-3.1.3.jar;C:\Users\User\.m2\repository\ch\qos\logback\logback-classic\1.4.11\logback-classic-1.4.11.jar;C:\Users\User\.m2\repository\ch\qos\logback\logback-core\1.4.11\logback-core-1.4.11.jar;C:\Users\User\.m2\repository\org\apache\logging\log4j\log4j-to-slf4j\2.20.0\log4j-to-slf4j-2.20.0.jar;C:\Users\User\.m2\repository\org\apache\logging\log4j\log4j-api\2.20.0\log4j-api-2.20.0.jar;C:\Users\User\.m2\repository\org\slf4j\jul-to-slf4j\2.0.7\jul-to-slf4j-2.0.7.jar;C:\Users\User\.m2\repository\org\yaml\snakeyaml\1.33\snakeyaml-1.33.jar;C:\Users\User\.m2\repository\org\apache\tomcat\embed\tomcat-embed-el\10.1.12\tomcat-embed-el-10.1.12.jar;C:\Users\User\.m2\repository\org\hibernate\validator\hibernate-validator\8.0.1.Final\hibernate-validator-8.0.1.Final.jar;C:\Users\User\.m2\repository\jakarta\validation\jakarta.validation-api\3.0.2\jakarta.validation-api-3.0.2.jar;C:\Users\User\.m2\repository\org\springframework\boot\spring-boot-starter-web\3.1.3\spring-boot-starter-web-3.1.3.jar;C:\Users\User\.m2\repository\org\springframework\boot\spring-boot-starter-json\3.1.3\spring-boot-starter-json-3.1.3.jar;C:\Users\User\.m2\repository\com\fasterxml\jackson\core\jackson-databind\2.15.2\jackson-databind-2.15.2.jar;C:\Users\User\.m2\repository\com\fasterxml\jackson\core\jackson-annotations\2.15.2\jackson-annotations-2.15.2.jar;C:\Users\User\.m2\repository\com\fasterxml\jackson\core\jackson-core\2.15.2\jackson-core-2.15.2.jar;C:\Users\User\.m2\repository\com\fasterxml\jackson\datatype\jackson-datatype-jdk8\2.15.2\jackson-datatype-jdk8-2.15.2.jar;C:\Users\User\.m2\repository\com\fasterxml\jackson\datatype\jackson-datatype-jsr310\2.15.2\jackson-datatype-jsr310-2.15.2.jar;C:\Users\User\.m2\repository\com\fasterxml\jackson\module\jackson-module-parameter-names\2.15.2\jackson-module-parameter-names-2.15.2.jar;C:\Users\User\.m2\repository\org\springframework\boot\spring-boot-starter-tomcat\3.1.3\spring-boot-starter-tomcat-3.1.3.jar;C:\Users\User\.m2\repository\org\apache\tomcat\embed\tomcat-embed-core\10.1.12\tomcat-embed-core-10.1.12.jar;C:\Users\User\.m2\repository\org\apache\tomcat\embed\tomcat-embed-websocket\10.1.12\tomcat-embed-websocket-10.1.12.jar;C:\Users\User\.m2\repository\org\springframework\spring-web\6.0.11\spring-web-6.0.11.jar;C:\Users\User\.m2\repository\io\micrometer\micrometer-observation\1.11.3\micrometer-observation-1.11.3.jar;C:\Users\User\.m2\repository\io\micrometer\micrometer-commons\1.11.3\micrometer-commons-1.11.3.jar;C:\Users\User\.m2\repository\org\springframework\spring-webmvc\6.0.11\spring-webmvc-6.0.11.jar;C:\Users\User\.m2\repository\org\springframework\spring-expression\6.0.11\spring-expression-6.0.11.jar;C:\Users\User\.m2\repository\org\springframework\boot\spring-boot-devtools\3.1.3\spring-boot-devtools-3.1.3.jar;C:\Users\User\.m2\repository\org\springframework\boot\spring-boot\3.1.3\spring-boot-3.1.3.jar;C:\Users\User\.m2\repository\org\springframework\boot\spring-boot-autoconfigure\3.1.3\spring-boot-autoconfigure-3.1.3.jar;C:\Users\User\.m2\repository\com\h2database\h2\2.1.214\h2-2.1.214.jar;C:\Users\User\.m2\repository\com\mysql\mysql-connector-j\8.0.33\mysql-connector-j-8.0.33.jar;C:\Users\User\.m2\repository\jakarta\xml\bind\jakarta.xml.bind-api\4.0.0\jakarta.xml.bind-api-4.0.0.jar;C:\Users\User\.m2\repository\jakarta\activation\jakarta.activation-api\2.1.2\jakarta.activation-api-2.1.2.jar;C:\Users\User\.m2\repository\org\springframework\spring-core\6.0.11\spring-core-6.0.11.jar;C:\Users\User\.m2\repository\org\springframework\spring-jcl\6.0.11\spring-jcl-6.0.11.jar
Launcher Type: SUN_STANDARD

[Global flags]
     intx CICompilerCount                          = 4                                         {product} {ergonomic}
     uint ConcGCThreads                            = 2                                         {product} {ergonomic}
     uint G1ConcRefinementThreads                  = 8                                         {product} {ergonomic}
   size_t G1HeapRegionSize                         = 1048576                                   {product} {ergonomic}
    uintx GCDrainStackTargetSize                   = 64                                        {product} {ergonomic}
   size_t InitialHeapSize                          = 134217728                                 {product} {ergonomic}
     bool ManagementServer                         = true                                      {product} {command line}
   size_t MarkStackSize                            = 4194304                                   {product} {ergonomic}
   size_t MaxHeapSize                              = 2124414976                                {product} {ergonomic}
   size_t MaxNewSize                               = 1274019840                                {product} {ergonomic}
   size_t MinHeapDeltaBytes                        = 1048576                                   {product} {ergonomic}
   size_t MinHeapSize                              = 8388608                                   {product} {ergonomic}
    uintx NonProfiledCodeHeapSize                  = 0                                      {pd product} {ergonomic}
     bool ProfileInterpreter                       = false                                  {pd product} {command line}
    uintx ProfiledCodeHeapSize                     = 0                                      {pd product} {ergonomic}
     bool ShowCodeDetailsInExceptionMessages       = true                                   {manageable} {command line}
   size_t SoftMaxHeapSize                          = 2124414976                             {manageable} {ergonomic}
     intx TieredStopAtLevel                        = 1                                         {product} {command line}
     bool UseCompressedClassPointers               = true                           {product lp64_product} {ergonomic}
     bool UseCompressedOops                        = true                           {product lp64_product} {ergonomic}
     bool UseG1GC                                  = true                                      {product} {ergonomic}
     bool UseLargePagesIndividualAllocation        = false                                  {pd product} {ergonomic}

Logging:
Log output configuration:
 #0: stdout all=warning uptime,level,tags foldmultilines=false
 #1: stderr all=off uptime,level,tags foldmultilines=false

Environment Variables:
JAVA_HOME=C:\Program Files\Java\jdk-20
PATH=C:/sts-4.20.0.RELEASE//plugins/org.eclipse.justj.openjdk.hotspot.jre.full.win32.x86_64_17.0.8.v20230831-1047/jre/bin/server;C:/sts-4.20.0.RELEASE//plugins/org.eclipse.justj.openjdk.hotspot.jre.full.win32.x86_64_17.0.8.v20230831-1047/jre/bin;C:\Program Files\Common Files\Oracle\Java\javapath;C:\Program Files\Java\jdk-20\bin;C:\WINDOWS\system32;C:\WINDOWS;C:\WINDOWS\System32\Wbem;C:\WINDOWS\System32\WindowsPowerShell\v1.0\;C:\WINDOWS\System32\OpenSSH\;C:\Program Files\nodejs\;C:\Program Files\Git\cmd;C:\Program Files (x86)\Microsoft SQL Server\150\Tools\Binn\;C:\Program Files\Microsoft SQL Server\150\Tools\Binn\;C:\Program Files (x86)\Microsoft SQL Server\150\DTS\Binn\;C:\Program Files\Microsoft SQL Server\150\DTS\Binn\;C:\Program Files\Microsoft SQL Server\Client SDK\ODBC\170\Tools\Binn\;C:\Program Files (x86)\Microsoft SQL Server\160\DTS\Binn\;C:\apache-maven-3.9.1\bin;C:\Program Files\dotnet\;C:\Users\User\AppData\Local\Microsoft\WindowsApps;;C:\Users\User\AppData\Local\Programs\Microsoft VS Code\bin;C:\Users\User\AppData\Roaming\npm;C:\Program Files\Azure Data Studio\bin;C:\Users\User\.dotnet\tools;C:\sts-4.20.0.RELEASE;
USERNAME=User
OS=Windows_NT
PROCESSOR_IDENTIFIER=Intel64 Family 6 Model 142 Stepping 10, GenuineIntel
TMP=C:\Users\User\AppData\Local\Temp
TEMP=C:\Users\User\AppData\Local\Temp




---------------  S Y S T E M  ---------------

OS:
 Windows 11 , 64 bit Build 22621 (10.0.22621.2428)
OS uptime: 8 days 5:27 hours

CPU: total 8 (initial active 8) (4 cores per cpu, 2 threads per core) family 6 model 142 stepping 10 microcode 0xea, cx8, cmov, fxsr, ht, mmx, 3dnowpref, sse, sse2, sse3, ssse3, sse4.1, sse4.2, popcnt, lzcnt, tsc, tscinvbit, avx, avx2, aes, erms, clmul, bmi1, bmi2, adx, fma, vzeroupper, clflush, clflushopt, rdtscp, f16c

Memory: 4k page, system-wide physical 8101M (988M free)
TotalPageFile size 20389M (AvailPageFile size 9214M)
current process WorkingSet (physical memory assigned to process): 255M, peak: 256M
current process commit charge ("private bytes"): 296M, peak: 311M

vm_info: Java HotSpot(TM) 64-Bit Server VM (20+36-2344) for windows-amd64 JRE (20+36-2344), built on 2023-02-10T19:30:15Z by "mach5one" with MS VC++ 17.1 (VS2022)

END.
