#
# A fatal error has been detected by the Java Runtime Environment:
#
#  EXCEPTION_ACCESS_VIOLATION (0xc0000005) at pc=0x00007ffbc7aaccfe, pid=12356, tid=2116
#
# JRE version: Java(TM) SE Runtime Environment (20.0+36) (build 20+36-2344)
# Java VM: Java HotSpot(TM) 64-Bit Server VM (20+36-2344, mixed mode, emulated-client, sharing, tiered, compressed oops, compressed class ptrs, g1 gc, windows-amd64)
# Problematic frame:
# V  [jvm.dll+0x31ccfe]
#
# No core dump will be written. Minidumps are not enabled by default on client versions of Windows
#
# If you would like to submit a bug report, please visit:
#   https://bugreport.java.com/bugreport/crash.jsp
#

---------------  S U M M A R Y ------------

Command Line: -XX:+ShowCodeDetailsInExceptionMessages -agentlib:jdwp=transport=dt_socket,suspend=y,address=localhost:52970 -Dcom.sun.management.jmxremote -Dcom.sun.management.jmxremote.port=52969 -Dcom.sun.management.jmxremote.authenticate=false -Dcom.sun.management.jmxremote.ssl=false -Djava.rmi.server.hostname=localhost -Dspring.jmx.enabled=true -Dmanagement.endpoints.jmx.exposure.include=* -Dspring.application.admin.enabled=true -XX:TieredStopAtLevel=1 -Dspring.boot.project.name=helpdesk -javaagent:C:\sts-4.20.0.RELEASE\configuration\org.eclipse.osgi\262\0\.cp\lib\javaagent-shaded.jar -Dfile.encoding=UTF-8 -Dstdout.encoding=UTF-8 -Dstderr.encoding=UTF-8 com.Daniel.helpdesk.HelpdeskApplication --spring.output.ansi.enabled=always

Host: Intel(R) Core(TM) i5-8250U CPU @ 1.60GHz, 8 cores, 7G,  Windows 11 , 64 bit Build 22621 (10.0.22621.3085)
Time: Tue Feb 27 00:14:42 2024 Hora Padrão de Caracas elapsed time: 947.476820 seconds (0d 0h 15m 47s)

---------------  T H R E A D  ---------------

Current thread (0x0000014fc5f21930):  WorkerThread "GC Thread#6" [stack: 0x0000001b4a100000,0x0000001b4a200000] [id=2116]

Stack: [0x0000001b4a100000,0x0000001b4a200000],  sp=0x0000001b4a1fe290,  free space=1016k
Native frames: (J=compiled Java code, j=interpreted, Vv=VM code, C=native code)
V  [jvm.dll+0x31ccfe]
V  [jvm.dll+0x344e7a]
V  [jvm.dll+0x344da2]
V  [jvm.dll+0x31781d]
V  [jvm.dll+0x31725d]
V  [jvm.dll+0x3f19b5]
V  [jvm.dll+0x7f4c86]
V  [jvm.dll+0x7fe811]
V  [jvm.dll+0x36ca1a]
V  [jvm.dll+0x36cad4]
V  [jvm.dll+0x349123]
V  [jvm.dll+0x875777]
V  [jvm.dll+0x7f4906]
V  [jvm.dll+0x6ba5cb]
C  [ucrtbase.dll+0x29363]
C  [KERNEL32.DLL+0x1257d]
C  [ntdll.dll+0x5aa58]

JavaThread 0x0000014fc79d0590 (nid = 2568) was being processed
Java frames: (J=compiled Java code, j=interpreted, Vv=VM code)
j  java.lang.invoke.LambdaForm$DMH+0x0000000801318c00.invokeVirtual(Ljava/lang/Object;Ljava/lang/Object;Ljava/lang/Object;Ljava/lang/Object;)Ljava/lang/Object;+14 java.base@20
j  java.lang.invoke.LambdaForm$MH+0x0000000801a50800.invoke(Ljava/lang/Object;Ljava/lang/Object;Ljava/lang/Object;Ljava/lang/Object;)Ljava/lang/Object;+73 java.base@20
J 4483 c1 java.lang.reflect.Method.invoke(Ljava/lang/Object;[Ljava/lang/Object;)Ljava/lang/Object; java.base@20 (108 bytes) @ 0x0000014fb93774cc [0x0000014fb9376c60+0x000000000000086c]
j  org.springframework.web.method.support.InvocableHandlerMethod.doInvoke([Ljava/lang/Object;)Ljava/lang/Object;+29
j  org.springframework.web.method.support.InvocableHandlerMethod.invokeForRequest(Lorg/springframework/web/context/request/NativeWebRequest;Lorg/springframework/web/method/support/ModelAndViewContainer;[Ljava/lang/Object;)Ljava/lang/Object;+41
j  org.springframework.web.servlet.mvc.method.annotation.ServletInvocableHandlerMethod.invokeAndHandle(Lorg/springframework/web/context/request/ServletWebRequest;Lorg/springframework/web/method/support/ModelAndViewContainer;[Ljava/lang/Object;)V+4
j  org.springframework.web.servlet.mvc.method.annotation.ExceptionHandlerExceptionResolver.doResolveHandlerMethodException(Ljakarta/servlet/http/HttpServletRequest;Ljakarta/servlet/http/HttpServletResponse;Lorg/springframework/web/method/HandlerMethod;Ljava/lang/Exception;)Lorg/springframework/web/servlet/ModelAndView;+184
j  org.springframework.web.servlet.handler.AbstractHandlerMethodExceptionResolver.doResolveException(Ljakarta/servlet/http/HttpServletRequest;Ljakarta/servlet/http/HttpServletResponse;Ljava/lang/Object;Ljava/lang/Exception;)Lorg/springframework/web/servlet/ModelAndView;+28
j  org.springframework.web.servlet.handler.AbstractHandlerExceptionResolver.resolveException(Ljakarta/servlet/http/HttpServletRequest;Ljakarta/servlet/http/HttpServletResponse;Ljava/lang/Object;Ljava/lang/Exception;)Lorg/springframework/web/servlet/ModelAndView;+22
j  org.springframework.web.servlet.handler.HandlerExceptionResolverComposite.resolveException(Ljakarta/servlet/http/HttpServletRequest;Ljakarta/servlet/http/HttpServletResponse;Ljava/lang/Object;Ljava/lang/Exception;)Lorg/springframework/web/servlet/ModelAndView;+47
j  org.springframework.web.servlet.DispatcherServlet.processHandlerException(Ljakarta/servlet/http/HttpServletRequest;Ljakarta/servlet/http/HttpServletResponse;Ljava/lang/Object;Ljava/lang/Exception;)Lorg/springframework/web/servlet/ModelAndView;+59
j  org.springframework.web.servlet.DispatcherServlet.processDispatchResult(Ljakarta/servlet/http/HttpServletRequest;Ljakarta/servlet/http/HttpServletResponse;Lorg/springframework/web/servlet/HandlerExecutionChain;Lorg/springframework/web/servlet/ModelAndView;Ljava/lang/Exception;)V+68
j  org.springframework.web.servlet.DispatcherServlet.doDispatch(Ljakarta/servlet/http/HttpServletRequest;Ljakarta/servlet/http/HttpServletResponse;)V+365
j  org.springframework.web.servlet.DispatcherServlet.doService(Ljakarta/servlet/http/HttpServletRequest;Ljakarta/servlet/http/HttpServletResponse;)V+242
j  org.springframework.web.servlet.FrameworkServlet.processRequest(Ljakarta/servlet/http/HttpServletRequest;Ljakarta/servlet/http/HttpServletResponse;)V+70
j  org.springframework.web.servlet.FrameworkServlet.doPost(Ljakarta/servlet/http/HttpServletRequest;Ljakarta/servlet/http/HttpServletResponse;)V+3
j  jakarta.servlet.http.HttpServlet.service(Ljakarta/servlet/http/HttpServletRequest;Ljakarta/servlet/http/HttpServletResponse;)V+150
j  org.springframework.web.servlet.FrameworkServlet.service(Ljakarta/servlet/http/HttpServletRequest;Ljakarta/servlet/http/HttpServletResponse;)V+20
j  jakarta.servlet.http.HttpServlet.service(Ljakarta/servlet/ServletRequest;Ljakarta/servlet/ServletResponse;)V+37
j  org.apache.catalina.core.ApplicationFilterChain.internalDoFilter(Ljakarta/servlet/ServletRequest;Ljakarta/servlet/ServletResponse;)V+305
j  org.apache.catalina.core.ApplicationFilterChain.doFilter(Ljakarta/servlet/ServletRequest;Ljakarta/servlet/ServletResponse;)V+99
j  org.apache.tomcat.websocket.server.WsFilter.doFilter(Ljakarta/servlet/ServletRequest;Ljakarta/servlet/ServletResponse;Ljakarta/servlet/FilterChain;)V+21
j  org.apache.catalina.core.ApplicationFilterChain.internalDoFilter(Ljakarta/servlet/ServletRequest;Ljakarta/servlet/ServletResponse;)V+135
j  org.apache.catalina.core.ApplicationFilterChain.doFilter(Ljakarta/servlet/ServletRequest;Ljakarta/servlet/ServletResponse;)V+99
j  org.springframework.web.filter.RequestContextFilter.doFilterInternal(Ljakarta/servlet/http/HttpServletRequest;Ljakarta/servlet/http/HttpServletResponse;Ljakarta/servlet/FilterChain;)V+21
j  org.springframework.web.filter.OncePerRequestFilter.doFilter(Ljakarta/servlet/ServletRequest;Ljakarta/servlet/ServletResponse;Ljakarta/servlet/FilterChain;)V+150
j  org.apache.catalina.core.ApplicationFilterChain.internalDoFilter(Ljakarta/servlet/ServletRequest;Ljakarta/servlet/ServletResponse;)V+135
j  org.apache.catalina.core.ApplicationFilterChain.doFilter(Ljakarta/servlet/ServletRequest;Ljakarta/servlet/ServletResponse;)V+99
j  org.springframework.web.filter.FormContentFilter.doFilterInternal(Ljakarta/servlet/http/HttpServletRequest;Ljakarta/servlet/http/HttpServletResponse;Ljakarta/servlet/FilterChain;)V+38
j  org.springframework.web.filter.OncePerRequestFilter.doFilter(Ljakarta/servlet/ServletRequest;Ljakarta/servlet/ServletResponse;Ljakarta/servlet/FilterChain;)V+150
j  org.apache.catalina.core.ApplicationFilterChain.internalDoFilter(Ljakarta/servlet/ServletRequest;Ljakarta/servlet/ServletResponse;)V+135
j  org.apache.catalina.core.ApplicationFilterChain.doFilter(Ljakarta/servlet/ServletRequest;Ljakarta/servlet/ServletResponse;)V+99
j  org.springframework.web.filter.CharacterEncodingFilter.doFilterInternal(Ljakarta/servlet/http/HttpServletRequest;Ljakarta/servlet/http/HttpServletResponse;Ljakarta/servlet/FilterChain;)V+53
j  org.springframework.web.filter.OncePerRequestFilter.doFilter(Ljakarta/servlet/ServletRequest;Ljakarta/servlet/ServletResponse;Ljakarta/servlet/FilterChain;)V+150
j  org.apache.catalina.core.ApplicationFilterChain.internalDoFilter(Ljakarta/servlet/ServletRequest;Ljakarta/servlet/ServletResponse;)V+135
j  org.apache.catalina.core.ApplicationFilterChain.doFilter(Ljakarta/servlet/ServletRequest;Ljakarta/servlet/ServletResponse;)V+99
j  org.apache.catalina.core.StandardWrapperValve.invoke(Lorg/apache/catalina/connector/Request;Lorg/apache/catalina/connector/Response;)V+514
j  org.apache.catalina.core.StandardContextValve.invoke(Lorg/apache/catalina/connector/Request;Lorg/apache/catalina/connector/Response;)V+169
j  org.apache.catalina.authenticator.AuthenticatorBase.invoke(Lorg/apache/catalina/connector/Request;Lorg/apache/catalina/connector/Response;)V+221
j  org.apache.catalina.core.StandardHostValve.invoke(Lorg/apache/catalina/connector/Request;Lorg/apache/catalina/connector/Response;)V+131
j  org.apache.catalina.valves.ErrorReportValve.invoke(Lorg/apache/catalina/connector/Request;Lorg/apache/catalina/connector/Response;)V+6
j  org.apache.catalina.core.StandardEngineValve.invoke(Lorg/apache/catalina/connector/Request;Lorg/apache/catalina/connector/Response;)V+59
j  org.apache.catalina.connector.CoyoteAdapter.service(Lorg/apache/coyote/Request;Lorg/apache/coyote/Response;)V+188
j  org.apache.coyote.http11.Http11Processor.service(Lorg/apache/tomcat/util/net/SocketWrapperBase;)Lorg/apache/tomcat/util/net/AbstractEndpoint$Handler$SocketState;+795
j  org.apache.coyote.AbstractProcessorLight.process(Lorg/apache/tomcat/util/net/SocketWrapperBase;Lorg/apache/tomcat/util/net/SocketEvent;)Lorg/apache/tomcat/util/net/AbstractEndpoint$Handler$SocketState;+155
j  org.apache.coyote.AbstractProtocol$ConnectionHandler.process(Lorg/apache/tomcat/util/net/SocketWrapperBase;Lorg/apache/tomcat/util/net/SocketEvent;)Lorg/apache/tomcat/util/net/AbstractEndpoint$Handler$SocketState;+482
j  org.apache.tomcat.util.net.NioEndpoint$SocketProcessor.doRun()V+249
j  org.apache.tomcat.util.net.SocketProcessorBase.run()V+32
j  org.apache.tomcat.util.threads.ThreadPoolExecutor.runWorker(Lorg/apache/tomcat/util/threads/ThreadPoolExecutor$Worker;)V+92
j  org.apache.tomcat.util.threads.ThreadPoolExecutor$Worker.run()V+5
j  org.apache.tomcat.util.threads.TaskThread$WrappingRunnable.run()V+4
j  java.lang.Thread.runWith(Ljava/lang/Object;Ljava/lang/Runnable;)V+5 java.base@20
j  java.lang.Thread.run()V+19 java.base@20
v  ~StubRoutines::call_stub 0x0000014fb892100d

siginfo: EXCEPTION_ACCESS_VIOLATION (0xc0000005), reading address 0x00000150278a3f48


Registers:
RAX=0x0000014fbc630000, RBX=0x0000014fb08de820, RCX=0x000000000000002a, RDX=0x0000000000000001
RSP=0x0000001b4a1fe290, RBP=0x0000001b4a1fe430, RSI=0x0000001b4a1fe610, RDI=0x000000035939fa6a
R8 =0x00000150278a3f48, R9 =0x0000014fc2828038, R10=0x0000014fb8920000, R11=0x0000001b4a1fe4b8
R12=0x0000000000000000, R13=0x00000000000003d8, R14=0x0000000000000003, R15=0x0000014fc5e9b240
RIP=0x00007ffbc7aaccfe, EFLAGS=0x0000000000010202


Register to memory mapping:

RIP=0x00007ffbc7aaccfe jvm.dll
RAX=0x0000014fbc630000 points into unknown readable memory: 0x0000000000000001 | 01 00 00 00 00 00 00 00
RBX=0x0000014fb08de820 points into unknown readable memory: 0x00007ffbc8111200 | 00 12 11 c8 fb 7f 00 00
RCX=0x000000000000002a is an unknown value
RDX=0x0000000000000001 is an unknown value
RSP=0x0000001b4a1fe290 points into unknown readable memory: 0x00007ffbc838164a | 4a 16 38 c8 fb 7f 00 00
RBP=0x0000001b4a1fe430 points into unknown readable memory: 0x0000000800017f58 | 58 7f 01 00 08 00 00 00
RSI=0x0000001b4a1fe610 points into unknown readable memory: 0x0000001b4b2fd338 | 38 d3 2f 4b 1b 00 00 00
RDI=0x000000035939fa6a is an unknown value
R8 =0x00000150278a3f48 is an unknown value
R9 =0x0000014fc2828038 is pointing into metadata
R10=0x0000014fb8920000 points into unknown readable memory: 0x0000000000000006 | 06 00 00 00 00 00 00 00
R11=0x0000001b4a1fe4b8 points into unknown readable memory: 0x00007ffbc7aa725d | 5d 72 aa c7 fb 7f 00 00
R12=0x0 is NULL
R13=0x00000000000003d8 is an unknown value
R14=0x0000000000000003 is an unknown value
R15=0x0000014fc5e9b240 points into unknown readable memory: 0x0000000000000002 | 02 00 00 00 00 00 00 00


Top of Stack: (sp=0x0000001b4a1fe290)
0x0000001b4a1fe290:   00007ffbc838164a 00007ffbc7ec52e2
0x0000001b4a1fe2a0:   0000000081e00708 0000005220c41311
0x0000001b4a1fe2b0:   0000014fc6d1ea90 00007ffbc7ad4e7a
0x0000001b4a1fe2c0:   0000001b4b2fd350 00007ffbc7ec52e2
0x0000001b4a1fe2d0:   0000000000000000 0000001b4a1fe610
0x0000001b4a1fe2e0:   0000000000000010 00007ffbc7e3a999
0x0000001b4a1fe2f0:   0000014fc6d1ea90 00007ffbc7ad4da2
0x0000001b4a1fe300:   0000001b4a1fe3c8 0000001b4b2fd350
0x0000001b4a1fe310:   0000000800480090 0000000000000000
0x0000001b4a1fe320:   0000000000000005 00007ffbc7aa781d
0x0000001b4a1fe330:   0000014fc6d1f040 0000000000000005
0x0000001b4a1fe340:   0000014fc6d1f040 0000001b4a1fe610
0x0000001b4a1fe350:   0000000ec6d1ea01 0000014fc28282a0
0x0000001b4a1fe360:   0000014fc5f21930 000000080053f268
0x0000001b4a1fe370:   0000014fc577f9b0 00000000000003d8
0x0000001b4a1fe380:   0000014fc577f9c0 0000014fc577fd98
0x0000001b4a1fe390:   0000014fc282828e 00007ffb000000b8
0x0000001b4a1fe3a0:   0000014fc28282a0 00007ffbc810cd00
0x0000001b4a1fe3b0:   0000001b4a1fe610 0000014fc6d1f040
0x0000001b4a1fe3c0:   0000000400000003 000000080053f268
0x0000001b4a1fe3d0:   0000001300000001 0000000000000067
0x0000001b4a1fe3e0:   000000010000000c 0000000800480090
0x0000001b4a1fe3f0:   0000000000000000 0000014f00000000
0x0000001b4a1fe400:   0000014fb99df700 0000000000000000
0x0000001b4a1fe410:   0000014fc6d1ea90 00007ffbc7ad4e7a
0x0000001b4a1fe420:   0000000081e00588 00007ffbc78c947a
0x0000001b4a1fe430:   0000000800017f58 000000064a1f0013
0x0000001b4a1fe440:   00005d3400000000 0000000000000015
0x0000001b4a1fe450:   0000014fc6d1ea90 00007ffbc7ad4da2
0x0000001b4a1fe460:   0000000000000000 0000000081e00588
0x0000001b4a1fe470:   00005d34761965f2 0000014fc577fd98
0x0000001b4a1fe480:   0000000000000000 0000014fc6d1f040 

Instructions: (pc=0x00007ffbc7aaccfe)
0x00007ffbc7aacbfe:   38 f0 4c 0f c1 04 c8 48 c7 42 08 00 00 00 00 44
0x00007ffbc7aacc0e:   89 12 49 ff 41 58 4c 01 5a 08 e9 49 ff ff ff 49
0x00007ffbc7aacc1e:   ff 41 50 4c 01 5a 08 e9 3c ff ff ff cc cc cc cc
0x00007ffbc7aacc2e:   cc cc 48 89 5c 24 08 57 48 83 ec 20 48 8b 01 48
0x00007ffbc7aacc3e:   8b fa 48 8b d9 ff 50 08 4c 8b c8 48 85 c0 74 66
0x00007ffbc7aacc4e:   4c 8b 40 10 4c 2b 00 48 c7 40 28 00 00 00 00 4c
0x00007ffbc7aacc5e:   89 43 18 48 8b 50 10 48 8b 48 08 48 8b c7 48 2b
0x00007ffbc7aacc6e:   ca 48 c1 e9 03 48 3b cf 48 0f 42 c1 48 3b c7 72
0x00007ffbc7aacc7e:   1e 48 8d 04 c2 49 89 41 10 90 ff 43 10 48 8b c2
0x00007ffbc7aacc8e:   4c 89 4b 08 48 8b 5c 24 30 48 83 c4 20 5f c3 33
0x00007ffbc7aacc9e:   d2 90 ff 43 10 8b c2 4c 89 4b 08 48 8b 5c 24 30
0x00007ffbc7aaccae:   48 83 c4 20 5f c3 48 8b 5c 24 30 48 83 c4 20 5f
0x00007ffbc7aaccbe:   c3 cc 48 89 5c 24 08 57 48 83 ec 20 48 8b 01 48
0x00007ffbc7aaccce:   8b fa 48 8b d9 ff 10 48 2b 7b 08 8b 4b 18 48 8b
0x00007ffbc7aaccde:   43 20 48 c1 ef 03 48 d3 ef 40 0f b6 cf 48 8b d7
0x00007ffbc7aaccee:   48 c1 ea 06 80 e1 3f 4c 8d 04 d0 ba 01 00 00 00
0x00007ffbc7aaccfe:   49 8b 00 48 d3 e2 48 8b c8 48 0b ca 48 3b c8 74
0x00007ffbc7aacd0e:   13 90 f0 49 0f b1 08 74 18 48 8b c8 48 0b ca 48
0x00007ffbc7aacd1e:   3b c8 75 ee 32 c0 48 8b 5c 24 30 48 83 c4 20 5f
0x00007ffbc7aacd2e:   c3 48 8b 5c 24 30 b0 01 48 83 c4 20 5f c3 cc cc
0x00007ffbc7aacd3e:   cc cc 48 89 5c 24 08 57 48 83 ec 20 4c 8b 41 30
0x00007ffbc7aacd4e:   48 8b da 48 8b f9 45 8b 88 80 00 00 00 41 8b 80
0x00007ffbc7aacd5e:   00 01 00 00 41 8b d1 2b d0 81 e2 ff ff 01 00 81
0x00007ffbc7aacd6e:   fa fe ff 01 00 73 26 49 8b 80 80 01 00 00 4a 89
0x00007ffbc7aacd7e:   1c c8 41 8d 41 01 25 ff ff 01 00 41 89 80 80 00
0x00007ffbc7aacd8e:   00 00 48 8b 5c 24 30 48 83 c4 20 5f c3 e8 90 9d
0x00007ffbc7aacd9e:   01 00 48 8b 57 30 44 8b 82 80 00 00 00 8b 82 00
0x00007ffbc7aacdae:   01 00 00 41 8b c8 2b c8 81 e1 ff ff 01 00 81 f9
0x00007ffbc7aacdbe:   fe ff 01 00 73 1a 48 8b 82 80 01 00 00 4a 89 1c
0x00007ffbc7aacdce:   c0 41 8d 40 01 25 ff ff 01 00 89 82 80 00 00 00
0x00007ffbc7aacdde:   48 8b 5c 24 30 48 83 c4 20 5f c3 cc cc cc cc cc
0x00007ffbc7aacdee:   cc cc 48 89 5c 24 08 57 48 83 ec 20 48 8b 79 08 


Stack slot to memory mapping:
stack at sp + 0 slots: 0x00007ffbc838164a jvm.dll
stack at sp + 1 slots: 0x00007ffbc7ec52e2 jvm.dll
stack at sp + 2 slots: 0x0000000081e00708 is an oop: java.util.concurrent.ThreadPoolExecutor$Worker 
{0x0000000081e00708} - klass: 'java/util/concurrent/ThreadPoolExecutor$Worker'
 - ---- fields (total size 6 words):
 - private transient 'exclusiveOwnerThread' 'Ljava/lang/Thread;' @12  NULL (0x00000000)
 - private volatile 'state' 'I' @16  0 (0x00000000)
 - private volatile transient 'head' 'Ljava/util/concurrent/locks/AbstractQueuedSynchronizer$Node;' @20  NULL (0x00000000)
 - private volatile transient 'tail' 'Ljava/util/concurrent/locks/AbstractQueuedSynchronizer$Node;' @24  NULL (0x00000000)
 - final 'thread' 'Ljava/lang/Thread;' @28  a 'java/lang/Thread'{0x0000000081e00588} (0x81e00588)
 - volatile 'completedTasks' 'J' @32  16 (0x0000000000000010)
 - 'firstTask' 'Ljava/lang/Runnable;' @40  NULL (0x00000000)
 - final synthetic 'this$0' 'Ljava/util/concurrent/ThreadPoolExecutor;' @44  a 'java/util/concurrent/ThreadPoolExecutor'{0x00000000818ddaa0} (0x818ddaa0)
stack at sp + 3 slots: 0x0000005220c41311 is an unknown value
stack at sp + 4 slots: 0x0000014fc6d1ea90 points into unknown readable memory: 0x0000001b489fef20 | 20 ef 9f 48 1b 00 00 00
stack at sp + 5 slots: 0x00007ffbc7ad4e7a jvm.dll
stack at sp + 6 slots: 0x0000001b4b2fd350 is pointing into the stack for thread: 0x0000014fc79d0590
stack at sp + 7 slots: 0x00007ffbc7ec52e2 jvm.dll


---------------  P R O C E S S  ---------------

Threads class SMR info:
_java_thread_list=0x0000014fc8829520, length=25, elements={
0x0000014fc1033650, 0x0000014fc1034450, 0x0000014fc103afd0, 0x0000014fc103c920,
0x0000014fc1041310, 0x0000014fc1045070, 0x0000014fc1049ec0, 0x0000014fc0ffd390,
0x0000014fc5555a40, 0x0000014fc555a3e0, 0x0000014fc555c8c0, 0x0000014fc5c85fb0,
0x0000014fc5e79e20, 0x0000014fc5e7fb30, 0x0000014fc5e82360, 0x0000014fc60eb600,
0x0000014fc65a59d0, 0x0000014fc65b2ae0, 0x0000014fc65b2590, 0x0000014fc79ce5b0,
0x0000014fc79d5540, 0x0000014fc79d3010, 0x0000014fc79cf050, 0x0000014fc79d0590,
0x0000014fc65b1050
}

Java Threads: ( => current thread )
  0x0000014fc1033650 JavaThread "Reference Handler" daemon [_thread_blocked, id=14832, stack(0x0000001b48a00000,0x0000001b48b00000)]
  0x0000014fc1034450 JavaThread "Finalizer" daemon [_thread_blocked, id=14500, stack(0x0000001b48b00000,0x0000001b48c00000)]
  0x0000014fc103afd0 JavaThread "Signal Dispatcher" daemon [_thread_blocked, id=9352, stack(0x0000001b48c00000,0x0000001b48d00000)]
  0x0000014fc103c920 JavaThread "Attach Listener" daemon [_thread_blocked, id=6308, stack(0x0000001b48d00000,0x0000001b48e00000)]
  0x0000014fc1041310 JavaThread "Service Thread" daemon [_thread_blocked, id=10104, stack(0x0000001b48e00000,0x0000001b48f00000)]
  0x0000014fc1045070 JavaThread "Monitor Deflation Thread" daemon [_thread_blocked, id=8752, stack(0x0000001b48f00000,0x0000001b49000000)]
  0x0000014fc1049ec0 JavaThread "C1 CompilerThread0" daemon [_thread_blocked, id=296, stack(0x0000001b49000000,0x0000001b49100000)]
  0x0000014fc0ffd390 JavaThread "Common-Cleaner" daemon [_thread_blocked, id=8244, stack(0x0000001b49100000,0x0000001b49200000)]
  0x0000014fc5555a40 JavaThread "JDWP Transport Listener: dt_socket" daemon [_thread_blocked, id=9764, stack(0x0000001b49400000,0x0000001b49500000)]
  0x0000014fc555a3e0 JavaThread "JDWP Event Helper Thread" daemon [_thread_blocked, id=6344, stack(0x0000001b49500000,0x0000001b49600000)]
  0x0000014fc555c8c0 JavaThread "JDWP Command Reader" daemon [_thread_blocked, id=292, stack(0x0000001b49600000,0x0000001b49700000)]
  0x0000014fc5c85fb0 JavaThread "Notification Thread" daemon [_thread_blocked, id=112, stack(0x0000001b49700000,0x0000001b49800000)]
  0x0000014fc5e79e20 JavaThread "RMI TCP Accept-0" daemon [_thread_in_native, id=668, stack(0x0000001b49800000,0x0000001b49900000)]
  0x0000014fc5e7fb30 JavaThread "RMI TCP Accept-52969" daemon [_thread_in_native, id=14892, stack(0x0000001b49900000,0x0000001b49a00000)]
  0x0000014fc5e82360 JavaThread "RMI TCP Accept-0" daemon [_thread_in_native, id=1744, stack(0x0000001b49a00000,0x0000001b49b00000)]
  0x0000014fc60eb600 JavaThread "RMI TCP Connection(idle)" daemon [_thread_blocked, id=2580, stack(0x0000001b4a500000,0x0000001b4a600000)]
  0x0000014fc65a59d0 JavaThread "RMI Scheduler(0)" daemon [_thread_blocked, id=5472, stack(0x0000001b4a600000,0x0000001b4a700000)]
  0x0000014fc65b2ae0 JavaThread "JMX server connection timeout 41" daemon [_thread_blocked, id=6476, stack(0x0000001b4a800000,0x0000001b4a900000)]
  0x0000014fc65b2590 JavaThread "mysql-cj-abandoned-connection-cleanup" daemon [_thread_blocked, id=5524, stack(0x0000001b4a900000,0x0000001b4aa00000)]
  0x0000014fc79ce5b0 JavaThread "Live Reload Server" daemon [_thread_in_native, id=12076, stack(0x0000001b4b300000,0x0000001b4b400000)]
  0x0000014fc79d5540 JavaThread "DestroyJavaVM" [_thread_blocked, id=14244, stack(0x0000001b48300000,0x0000001b48400000)]
  0x0000014fc79d3010 JavaThread "File Watcher" daemon [_thread_blocked, id=13180, stack(0x0000001b48200000,0x0000001b48300000)]
  0x0000014fc79cf050 JavaThread "File Watcher" daemon [_thread_blocked, id=4284, stack(0x0000001b49200000,0x0000001b49300000)]
  0x0000014fc79d0590 JavaThread "http-nio-8080-exec-2" daemon [_thread_blocked, id=2568, stack(0x0000001b4b200000,0x0000001b4b300000)]
  0x0000014fc65b1050 JavaThread "Thread-50" [_thread_blocked, id=12480, stack(0x0000001b48000000,0x0000001b48100000)]

Other Threads:
  0x0000014fc1011620 VMThread "VM Thread" [stack: 0x0000001b48900000,0x0000001b48a00000] [id=14324]
  0x0000014fc5e83be0 WatcherThread "VM Periodic Task Thread" [stack: 0x0000001b49b00000,0x0000001b49c00000] [id=12560]
  0x0000014fb08de1f0 WorkerThread "GC Thread#0" [stack: 0x0000001b48400000,0x0000001b48500000] [id=9676]
  0x0000014fc5ef6300 WorkerThread "GC Thread#1" [stack: 0x0000001b49c00000,0x0000001b49d00000] [id=1568]
  0x0000014fc5ef65d0 WorkerThread "GC Thread#2" [stack: 0x0000001b49d00000,0x0000001b49e00000] [id=15140]
  0x0000014fc5f1f040 WorkerThread "GC Thread#3" [stack: 0x0000001b49e00000,0x0000001b49f00000] [id=10580]
  0x0000014fc5f1f310 WorkerThread "GC Thread#4" [stack: 0x0000001b49f00000,0x0000001b4a000000] [id=8828]
  0x0000014fc5f1f5e0 WorkerThread "GC Thread#5" [stack: 0x0000001b4a000000,0x0000001b4a100000] [id=5516]
=>0x0000014fc5f21930 WorkerThread "GC Thread#6" [stack: 0x0000001b4a100000,0x0000001b4a200000] [id=2116]
  0x0000014fc5f20b20 WorkerThread "GC Thread#7" [stack: 0x0000001b4a200000,0x0000001b4a300000] [id=14960]
  0x0000014fb08eefe0 ConcurrentGCThread "G1 Main Marker" [stack: 0x0000001b48500000,0x0000001b48600000] [id=14940]
  0x0000014fb08f01b0 WorkerThread "G1 Conc#0" [stack: 0x0000001b48600000,0x0000001b48700000] [id=14456]
  0x0000014fc5f21390 WorkerThread "G1 Conc#1" [stack: 0x0000001b4ac00000,0x0000001b4ad00000] [id=5564]
  0x0000014fc0ec4570 ConcurrentGCThread "G1 Refine#0" [stack: 0x0000001b48700000,0x0000001b48800000] [id=8756]
  0x0000014fc0ec4e20 ConcurrentGCThread "G1 Service" [stack: 0x0000001b48800000,0x0000001b48900000] [id=13652]

Threads with active compile tasks:

VM state: at safepoint (normal execution)

VM Mutex/Monitor currently owned by a thread:  ([mutex/lock_event])
[0x0000014fb087cba0] Threads_lock - owner thread: 0x0000014fc1011620
[0x0000014fb087cd50] Heap_lock - owner thread: 0x0000014fc65b1050

Heap address: 0x0000000081600000, size: 2026 MB, Compressed Oops mode: 32-bit

CDS archive(s) mapped at: [0x0000000800000000-0x0000000800c60000-0x0000000800c60000), size 12976128, SharedBaseAddress: 0x0000000800000000, ArchiveRelocationMode: 0.
Compressed class space mapped at: 0x0000000801000000-0x0000000841000000, reserved size: 1073741824
Narrow klass base: 0x0000000800000000, Narrow klass shift: 0, Narrow klass range: 0x100000000

GC Precious Log:
 CardTable entry size: 512
 Card Set container configuration: InlinePtr #cards 5 size 8 Array Of Cards #cards 12 size 40 Howl #buckets 4 coarsen threshold 1843 Howl Bitmap #cards 512 size 80 coarsen threshold 460 Card regions per heap region 1 cards per card region 2048
 CPUs: 8 total, 8 available
 Memory: 8101M
 Large Page Support: Disabled
 NUMA Support: Disabled
 Compressed Oops: Enabled (32-bit)
 Heap Region Size: 1M
 Heap Min Capacity: 8M
 Heap Initial Capacity: 128M
 Heap Max Capacity: 2026M
 Pre-touch: Disabled
 Parallel Workers: 8
 Concurrent Workers: 2
 Concurrent Refinement Workers: 8
 Periodic GC: Disabled

Heap:
 garbage-first heap   total 92160K, used 53180K [0x0000000081600000, 0x0000000100000000)
  region size 1024K, 24 young (24576K), 2 survivors (2048K)
 Metaspace       used 75329K, committed 76032K, reserved 1179648K
  class space    used 10347K, committed 10624K, reserved 1048576K

Heap Regions: E=young(eden), S=young(survivor), O=old, HS=humongous(starts), HC=humongous(continues), CS=collection set, F=free, OA=open archive, CA=closed archive, TAMS=top-at-mark-start, PB=parsable bottom
|   0|0x0000000081600000, 0x0000000081700000, 0x0000000081700000|100%|HS|  |TAMS 0x0000000081600000| PB 0x0000000081600000| Complete 
|   1|0x0000000081700000, 0x00000000817fffe8, 0x0000000081800000| 99%| O|  |TAMS 0x0000000081700000| PB 0x0000000081700000| Untracked 
|   2|0x0000000081800000, 0x0000000081900000, 0x0000000081900000|100%| O|  |TAMS 0x0000000081800000| PB 0x0000000081800000| Untracked 
|   3|0x0000000081900000, 0x0000000081a00000, 0x0000000081a00000|100%| O|  |TAMS 0x0000000081900000| PB 0x0000000081900000| Untracked 
|   4|0x0000000081a00000, 0x0000000081affe18, 0x0000000081b00000| 99%| O|  |TAMS 0x0000000081a00000| PB 0x0000000081a00000| Untracked 
|   5|0x0000000081b00000, 0x0000000081c00000, 0x0000000081c00000|100%| O|  |TAMS 0x0000000081b00000| PB 0x0000000081b00000| Untracked 
|   6|0x0000000081c00000, 0x0000000081d00000, 0x0000000081d00000|100%| O|  |TAMS 0x0000000081c00000| PB 0x0000000081c00000| Untracked 
|   7|0x0000000081d00000, 0x0000000081dfffe0, 0x0000000081e00000| 99%| O|  |TAMS 0x0000000081d00000| PB 0x0000000081d00000| Untracked 
|   8|0x0000000081e00000, 0x0000000081effff8, 0x0000000081f00000| 99%| O|  |TAMS 0x0000000081e00000| PB 0x0000000081e00000| Untracked 
|   9|0x0000000081f00000, 0x0000000082000000, 0x0000000082000000|100%| O|  |TAMS 0x0000000081f00000| PB 0x0000000081f00000| Untracked 
|  10|0x0000000082000000, 0x00000000820ffff8, 0x0000000082100000| 99%| O|  |TAMS 0x0000000082000000| PB 0x0000000082000000| Untracked 
|  11|0x0000000082100000, 0x0000000082200000, 0x0000000082200000|100%| O|  |TAMS 0x0000000082100000| PB 0x0000000082100000| Untracked 
|  12|0x0000000082200000, 0x0000000082300000, 0x0000000082300000|100%| O|  |TAMS 0x0000000082200000| PB 0x0000000082200000| Untracked 
|  13|0x0000000082300000, 0x00000000823fffc8, 0x0000000082400000| 99%| O|  |TAMS 0x0000000082300000| PB 0x0000000082300000| Untracked 
|  14|0x0000000082400000, 0x00000000824ffff8, 0x0000000082500000| 99%| O|  |TAMS 0x0000000082400000| PB 0x0000000082400000| Untracked 
|  15|0x0000000082500000, 0x0000000082600000, 0x0000000082600000|100%| O|  |TAMS 0x0000000082500000| PB 0x0000000082500000| Untracked 
|  16|0x0000000082600000, 0x00000000826ffff8, 0x0000000082700000| 99%| O|  |TAMS 0x0000000082600000| PB 0x0000000082600000| Untracked 
|  17|0x0000000082700000, 0x00000000827ffff0, 0x0000000082800000| 99%| O|  |TAMS 0x0000000082700000| PB 0x0000000082700000| Untracked 
|  18|0x0000000082800000, 0x00000000828ffff0, 0x0000000082900000| 99%| O|  |TAMS 0x0000000082800000| PB 0x0000000082800000| Untracked 
|  19|0x0000000082900000, 0x00000000829fffd0, 0x0000000082a00000| 99%| O|  |TAMS 0x0000000082900000| PB 0x0000000082900000| Untracked 
|  20|0x0000000082a00000, 0x0000000082afffc0, 0x0000000082b00000| 99%| O|  |TAMS 0x0000000082a00000| PB 0x0000000082a00000| Untracked 
|  21|0x0000000082b00000, 0x0000000082bffff0, 0x0000000082c00000| 99%| O|  |TAMS 0x0000000082b00000| PB 0x0000000082b00000| Untracked 
|  22|0x0000000082c00000, 0x0000000082cdef48, 0x0000000082d00000| 87%| O|  |TAMS 0x0000000082c00000| PB 0x0000000082c00000| Untracked 
|  23|0x0000000082d00000, 0x0000000082d508a8, 0x0000000082e00000| 31%| O|  |TAMS 0x0000000082d00000| PB 0x0000000082d00000| Complete 
|  24|0x0000000082e00000, 0x0000000082eb9a58, 0x0000000082f00000| 72%| O|  |TAMS 0x0000000082e00000| PB 0x0000000082e00000| Untracked 
|  25|0x0000000082f00000, 0x0000000082fc1b88, 0x0000000083000000| 75%| O|  |TAMS 0x0000000082f00000| PB 0x0000000082f00000| Untracked 
|  26|0x0000000083000000, 0x0000000083078748, 0x0000000083100000| 47%| O|  |TAMS 0x0000000083000000| PB 0x0000000083000000| Untracked 
|  27|0x0000000083100000, 0x0000000083200000, 0x0000000083200000|100%| O|  |TAMS 0x0000000083100000| PB 0x0000000083100000| Untracked 
|  28|0x0000000083200000, 0x0000000083300000, 0x0000000083300000|100%| O|  |TAMS 0x0000000083200000| PB 0x0000000083200000| Untracked 
|  29|0x0000000083300000, 0x0000000083400000, 0x0000000083400000|100%| O|  |TAMS 0x0000000083300000| PB 0x0000000083300000| Untracked 
|  30|0x0000000083400000, 0x000000008348ac00, 0x0000000083500000| 54%| O|  |TAMS 0x0000000083400000| PB 0x0000000083400000| Untracked 
|  31|0x0000000083500000, 0x0000000083500000, 0x0000000083600000|  0%| F|  |TAMS 0x0000000083500000| PB 0x0000000083500000| Untracked 
|  32|0x0000000083600000, 0x0000000083600000, 0x0000000083700000|  0%| F|  |TAMS 0x0000000083600000| PB 0x0000000083600000| Untracked 
|  33|0x0000000083700000, 0x0000000083700000, 0x0000000083800000|  0%| F|  |TAMS 0x0000000083700000| PB 0x0000000083700000| Untracked 
|  34|0x0000000083800000, 0x0000000083800000, 0x0000000083900000|  0%| F|  |TAMS 0x0000000083800000| PB 0x0000000083800000| Untracked 
|  35|0x0000000083900000, 0x0000000083900000, 0x0000000083a00000|  0%| F|  |TAMS 0x0000000083900000| PB 0x0000000083900000| Untracked 
|  36|0x0000000083a00000, 0x0000000083a00000, 0x0000000083b00000|  0%| F|  |TAMS 0x0000000083a00000| PB 0x0000000083a00000| Untracked 
|  37|0x0000000083b00000, 0x0000000083b00000, 0x0000000083c00000|  0%| F|  |TAMS 0x0000000083b00000| PB 0x0000000083b00000| Untracked 
|  38|0x0000000083c00000, 0x0000000083c00000, 0x0000000083d00000|  0%| F|  |TAMS 0x0000000083c00000| PB 0x0000000083c00000| Untracked 
|  39|0x0000000083d00000, 0x0000000083d00000, 0x0000000083e00000|  0%| F|  |TAMS 0x0000000083d00000| PB 0x0000000083d00000| Untracked 
|  40|0x0000000083e00000, 0x0000000083e00000, 0x0000000083f00000|  0%| F|  |TAMS 0x0000000083e00000| PB 0x0000000083e00000| Untracked 
|  41|0x0000000083f00000, 0x0000000083f00000, 0x0000000084000000|  0%| F|  |TAMS 0x0000000083f00000| PB 0x0000000083f00000| Untracked 
|  42|0x0000000084000000, 0x0000000084100000, 0x0000000084100000|100%| S|  |TAMS 0x0000000084000000| PB 0x0000000084000000| Complete 
|  43|0x0000000084100000, 0x0000000084200000, 0x0000000084200000|100%| S|  |TAMS 0x0000000084100000| PB 0x0000000084100000| Complete 
|  44|0x0000000084200000, 0x0000000084200000, 0x0000000084300000|  0%| F|  |TAMS 0x0000000084200000| PB 0x0000000084200000| Untracked 
|  45|0x0000000084300000, 0x0000000084300000, 0x0000000084400000|  0%| F|  |TAMS 0x0000000084300000| PB 0x0000000084300000| Untracked 
|  46|0x0000000084400000, 0x0000000084400000, 0x0000000084500000|  0%| F|  |TAMS 0x0000000084400000| PB 0x0000000084400000| Untracked 
|  47|0x0000000084500000, 0x0000000084500000, 0x0000000084600000|  0%| F|  |TAMS 0x0000000084500000| PB 0x0000000084500000| Untracked 
|  48|0x0000000084600000, 0x0000000084600000, 0x0000000084700000|  0%| F|  |TAMS 0x0000000084600000| PB 0x0000000084600000| Untracked 
|  49|0x0000000084700000, 0x0000000084700000, 0x0000000084800000|  0%| F|  |TAMS 0x0000000084700000| PB 0x0000000084700000| Untracked 
|  50|0x0000000084800000, 0x0000000084800000, 0x0000000084900000|  0%| F|  |TAMS 0x0000000084800000| PB 0x0000000084800000| Untracked 
|  51|0x0000000084900000, 0x0000000084900000, 0x0000000084a00000|  0%| F|  |TAMS 0x0000000084900000| PB 0x0000000084900000| Untracked 
|  52|0x0000000084a00000, 0x0000000084a00000, 0x0000000084b00000|  0%| F|  |TAMS 0x0000000084a00000| PB 0x0000000084a00000| Untracked 
|  53|0x0000000084b00000, 0x0000000084b00000, 0x0000000084c00000|  0%| F|  |TAMS 0x0000000084b00000| PB 0x0000000084b00000| Untracked 
|  54|0x0000000084c00000, 0x0000000084c00000, 0x0000000084d00000|  0%| F|  |TAMS 0x0000000084c00000| PB 0x0000000084c00000| Untracked 
|  55|0x0000000084d00000, 0x0000000084d00000, 0x0000000084e00000|  0%| F|  |TAMS 0x0000000084d00000| PB 0x0000000084d00000| Untracked 
|  56|0x0000000084e00000, 0x0000000084e00000, 0x0000000084f00000|  0%| F|  |TAMS 0x0000000084e00000| PB 0x0000000084e00000| Untracked 
|  57|0x0000000084f00000, 0x0000000084f00000, 0x0000000085000000|  0%| F|  |TAMS 0x0000000084f00000| PB 0x0000000084f00000| Untracked 
|  58|0x0000000085000000, 0x0000000085000000, 0x0000000085100000|  0%| F|  |TAMS 0x0000000085000000| PB 0x0000000085000000| Untracked 
|  59|0x0000000085100000, 0x0000000085100000, 0x0000000085200000|  0%| F|  |TAMS 0x0000000085100000| PB 0x0000000085100000| Untracked 
|  60|0x0000000085200000, 0x0000000085200000, 0x0000000085300000|  0%| F|  |TAMS 0x0000000085200000| PB 0x0000000085200000| Untracked 
|  61|0x0000000085300000, 0x0000000085300000, 0x0000000085400000|  0%| F|  |TAMS 0x0000000085300000| PB 0x0000000085300000| Untracked 
|  62|0x0000000085400000, 0x0000000085400000, 0x0000000085500000|  0%| F|  |TAMS 0x0000000085400000| PB 0x0000000085400000| Untracked 
|  63|0x0000000085500000, 0x0000000085500000, 0x0000000085600000|  0%| F|  |TAMS 0x0000000085500000| PB 0x0000000085500000| Untracked 
|  64|0x0000000085600000, 0x0000000085600000, 0x0000000085700000|  0%| F|  |TAMS 0x0000000085600000| PB 0x0000000085600000| Untracked 
|  65|0x0000000085700000, 0x0000000085700000, 0x0000000085800000|  0%| F|  |TAMS 0x0000000085700000| PB 0x0000000085700000| Untracked 
|  66|0x0000000085800000, 0x0000000085800000, 0x0000000085900000|  0%| F|  |TAMS 0x0000000085800000| PB 0x0000000085800000| Untracked 
|  67|0x0000000085900000, 0x0000000085900000, 0x0000000085a00000|  0%| F|  |TAMS 0x0000000085900000| PB 0x0000000085900000| Untracked 
|  68|0x0000000085a00000, 0x0000000085a41350, 0x0000000085b00000| 25%| E|  |TAMS 0x0000000085a00000| PB 0x0000000085a00000| Complete 
|  69|0x0000000085b00000, 0x0000000085c00000, 0x0000000085c00000|100%| E|  |TAMS 0x0000000085b00000| PB 0x0000000085b00000| Complete 
|  70|0x0000000085c00000, 0x0000000085d00000, 0x0000000085d00000|100%| E|  |TAMS 0x0000000085c00000| PB 0x0000000085c00000| Complete 
|  71|0x0000000085d00000, 0x0000000085e00000, 0x0000000085e00000|100%| E|  |TAMS 0x0000000085d00000| PB 0x0000000085d00000| Complete 
|  72|0x0000000085e00000, 0x0000000085f00000, 0x0000000085f00000|100%| E|  |TAMS 0x0000000085e00000| PB 0x0000000085e00000| Complete 
|  73|0x0000000085f00000, 0x0000000086000000, 0x0000000086000000|100%| E|  |TAMS 0x0000000085f00000| PB 0x0000000085f00000| Complete 
|  74|0x0000000086000000, 0x0000000086100000, 0x0000000086100000|100%| E|  |TAMS 0x0000000086000000| PB 0x0000000086000000| Complete 
|  75|0x0000000086100000, 0x0000000086200000, 0x0000000086200000|100%| E|  |TAMS 0x0000000086100000| PB 0x0000000086100000| Complete 
|  76|0x0000000086200000, 0x0000000086300000, 0x0000000086300000|100%| E|  |TAMS 0x0000000086200000| PB 0x0000000086200000| Complete 
|  77|0x0000000086300000, 0x0000000086400000, 0x0000000086400000|100%| E|  |TAMS 0x0000000086300000| PB 0x0000000086300000| Complete 
|  78|0x0000000086400000, 0x0000000086500000, 0x0000000086500000|100%| E|  |TAMS 0x0000000086400000| PB 0x0000000086400000| Complete 
|  79|0x0000000086500000, 0x0000000086600000, 0x0000000086600000|100%| E|  |TAMS 0x0000000086500000| PB 0x0000000086500000| Complete 
|  80|0x0000000086600000, 0x0000000086700000, 0x0000000086700000|100%| E|  |TAMS 0x0000000086600000| PB 0x0000000086600000| Complete 
|  81|0x0000000086700000, 0x0000000086800000, 0x0000000086800000|100%| E|  |TAMS 0x0000000086700000| PB 0x0000000086700000| Complete 
|  82|0x0000000086800000, 0x0000000086900000, 0x0000000086900000|100%| E|  |TAMS 0x0000000086800000| PB 0x0000000086800000| Complete 
|  83|0x0000000086900000, 0x0000000086a00000, 0x0000000086a00000|100%| E|  |TAMS 0x0000000086900000| PB 0x0000000086900000| Complete 
|  84|0x0000000086a00000, 0x0000000086b00000, 0x0000000086b00000|100%| E|  |TAMS 0x0000000086a00000| PB 0x0000000086a00000| Complete 
|  85|0x0000000086b00000, 0x0000000086c00000, 0x0000000086c00000|100%| E|  |TAMS 0x0000000086b00000| PB 0x0000000086b00000| Complete 
|  86|0x0000000086c00000, 0x0000000086d00000, 0x0000000086d00000|100%| E|  |TAMS 0x0000000086c00000| PB 0x0000000086c00000| Complete 
|  87|0x0000000086d00000, 0x0000000086e00000, 0x0000000086e00000|100%| E|  |TAMS 0x0000000086d00000| PB 0x0000000086d00000| Complete 
|  88|0x0000000086e00000, 0x0000000086f00000, 0x0000000086f00000|100%| E|  |TAMS 0x0000000086e00000| PB 0x0000000086e00000| Complete 
|  89|0x0000000086f00000, 0x0000000087000000, 0x0000000087000000|100%| E|  |TAMS 0x0000000086f00000| PB 0x0000000086f00000| Complete 

Card table byte_map: [0x0000014fbbe30000,0x0000014fbc230000] _byte_map_base: 0x0000014fbba25000

Marking Bits: (CMBitMap*) 0x0000014fb08de820
 Bits: [0x0000014fbc630000, 0x0000014fbe5d8000)

Polling page: 0x0000014fae7f0000

Metaspace:

Usage:
  Non-class:     63.46 MB used.
      Class:     10.10 MB used.
       Both:     73.56 MB used.

Virtual space:
  Non-class space:      128.00 MB reserved,      63.88 MB ( 50%) committed,  2 nodes.
      Class space:        1.00 GB reserved,      10.38 MB (  1%) committed,  1 nodes.
             Both:        1.12 GB reserved,      74.25 MB (  6%) committed. 

Chunk freelists:
   Non-Class:  3.56 MB
       Class:  1.59 MB
        Both:  5.15 MB

MaxMetaspaceSize: unlimited
CompressedClassSpaceSize: 1.00 GB
Initial GC threshold: 21.00 MB
Current GC threshold: 123.56 MB
CDS: on
MetaspaceReclaimPolicy: balanced
 - commit_granule_bytes: 65536.
 - commit_granule_words: 8192.
 - virtual_space_node_default_size: 8388608.
 - enlarge_chunks_in_place: 1.
 - new_chunks_are_fully_committed: 0.
 - uncommit_free_chunks: 1.
 - use_allocation_guard: 0.


Internal statistics:

num_allocs_failed_limit: 6.
num_arena_births: 1630.
num_arena_deaths: 788.
num_vsnodes_births: 3.
num_vsnodes_deaths: 0.
num_space_committed: 1208.
num_space_uncommitted: 11.
num_chunks_returned_to_freelist: 1187.
num_chunks_taken_from_freelist: 5044.
num_chunk_merges: 227.
num_chunk_splits: 3056.
num_chunks_enlarged: 2344.
num_inconsistent_stats: 0.

CodeCache: size=49152Kb used=19227Kb max_used=20474Kb free=29924Kb
 bounds [0x0000014fb8920000, 0x0000014fb9d30000, 0x0000014fbb920000]
 total_blobs=10132 nmethods=9404 adapters=652
 compilation: enabled
              stopped_count=0, restarted_count=0
 full_count=0

Compilation events (20 events):
Event: 939.925 Thread 0x0000014fc1049ec0 12673       1       java.net.InetAddress::<init> (21 bytes)
Event: 939.925 Thread 0x0000014fc1049ec0 nmethod 12673 0x0000014fb9cf3890 code [0x0000014fb9cf3a20, 0x0000014fb9cf3bc8]
Event: 939.925 Thread 0x0000014fc1049ec0 12674       1       java.net.InetAddress$InetAddressHolder::<init> (5 bytes)
Event: 939.925 Thread 0x0000014fc1049ec0 nmethod 12674 0x0000014fb9cf3590 code [0x0000014fb9cf3700, 0x0000014fb9cf37c8]
Event: 939.926 Thread 0x0000014fc1049ec0 12675       1       java.lang.Thread::clearReferences (40 bytes)
Event: 939.926 Thread 0x0000014fc1049ec0 nmethod 12675 0x0000014fb9cf3110 code [0x0000014fb9cf32a0, 0x0000014fb9cf34e8]
Event: 942.234 Thread 0x0000014fc1049ec0 12676       1       java.lang.Exception::<init> (5 bytes)
Event: 942.235 Thread 0x0000014fc1049ec0 nmethod 12676 0x0000014fb9cf2c90 code [0x0000014fb9cf2e20, 0x0000014fb9cf3048]
Event: 947.242 Thread 0x0000014fc1049ec0 12682   !   1       org.h2.mvstore.db.MVTable::removeRow (93 bytes)
Event: 947.243 Thread 0x0000014fc1049ec0 nmethod 12682 0x0000014fb9cf1f90 code [0x0000014fb9cf2180, 0x0000014fb9cf25d0]
Event: 947.243 Thread 0x0000014fc1049ec0 12677   !   1       org.h2.engine.Database::removeSchemaObject (266 bytes)
Event: 947.244 Thread 0x0000014fc1049ec0 nmethod 12677 0x0000014fb9cefc10 code [0x0000014fb9ceffc0, 0x0000014fb9cf1010]
Event: 947.244 Thread 0x0000014fc1049ec0 12678       1       org.h2.engine.Database::findComment (28 bytes)
Event: 947.244 Thread 0x0000014fc1049ec0 nmethod 12678 0x0000014fb9cef410 code [0x0000014fb9cef600, 0x0000014fb9cef978]
Event: 947.245 Thread 0x0000014fc1049ec0 12679       1       org.h2.engine.Comment::getKey (32 bytes)
Event: 947.245 Thread 0x0000014fc1049ec0 nmethod 12679 0x0000014fb9ceee10 code [0x0000014fb9ceefe0, 0x0000014fb9cef240]
Event: 947.245 Thread 0x0000014fc1049ec0 12680       1       org.h2.engine.Comment::getTypeName (121 bytes)
Event: 947.245 Thread 0x0000014fc1049ec0 nmethod 12680 0x0000014fb9cee590 code [0x0000014fb9cee7c0, 0x0000014fb9ceec88]
Event: 947.245 Thread 0x0000014fc1049ec0 12681       1       org.h2.schema.Schema::remove (53 bytes)
Event: 947.245 Thread 0x0000014fc1049ec0 nmethod 12681 0x0000014fb9ced910 code [0x0000014fb9cedb40, 0x0000014fb9cee160]

GC Heap History (20 events):
Event: 531.713 GC heap after
{Heap after GC invocations=50 (full 7):
 garbage-first heap   total 86016K, used 29691K [0x0000000081600000, 0x0000000100000000)
  region size 1024K, 5 young (5120K), 5 survivors (5120K)
 Metaspace       used 73797K, committed 74560K, reserved 1114112K
  class space    used 10192K, committed 10560K, reserved 1048576K
}
Event: 556.335 GC heap before
{Heap before GC invocations=51 (full 7):
 garbage-first heap   total 86016K, used 71675K [0x0000000081600000, 0x0000000100000000)
  region size 1024K, 46 young (47104K), 5 survivors (5120K)
 Metaspace       used 74027K, committed 74752K, reserved 1114112K
  class space    used 10209K, committed 10560K, reserved 1048576K
}
Event: 556.339 GC heap after
{Heap after GC invocations=52 (full 7):
 garbage-first heap   total 86016K, used 31524K [0x0000000081600000, 0x0000000100000000)
  region size 1024K, 3 young (3072K), 3 survivors (3072K)
 Metaspace       used 74027K, committed 74752K, reserved 1114112K
  class space    used 10209K, committed 10560K, reserved 1048576K
}
Event: 572.338 GC heap before
{Heap before GC invocations=52 (full 7):
 garbage-first heap   total 86016K, used 34596K [0x0000000081600000, 0x0000000100000000)
  region size 1024K, 7 young (7168K), 3 survivors (3072K)
 Metaspace       used 74035K, committed 74752K, reserved 1114112K
  class space    used 10210K, committed 10560K, reserved 1048576K
}
Event: 572.377 GC heap after
{Heap after GC invocations=53 (full 8):
 garbage-first heap   total 86016K, used 25478K [0x0000000081600000, 0x0000000100000000)
  region size 1024K, 0 young (0K), 0 survivors (0K)
 Metaspace       used 74028K, committed 74752K, reserved 1114112K
  class space    used 10208K, committed 10560K, reserved 1048576K
}
Event: 572.868 GC heap before
{Heap before GC invocations=53 (full 8):
 garbage-first heap   total 86016K, used 73606K [0x0000000081600000, 0x0000000100000000)
  region size 1024K, 47 young (48128K), 0 survivors (0K)
 Metaspace       used 74299K, committed 75008K, reserved 1114112K
  class space    used 10238K, committed 10560K, reserved 1048576K
}
Event: 572.872 GC heap after
{Heap after GC invocations=54 (full 8):
 garbage-first heap   total 86016K, used 29837K [0x0000000081600000, 0x0000000100000000)
  region size 1024K, 5 young (5120K), 5 survivors (5120K)
 Metaspace       used 74299K, committed 75008K, reserved 1114112K
  class space    used 10238K, committed 10560K, reserved 1048576K
}
Event: 611.197 GC heap before
{Heap before GC invocations=55 (full 8):
 garbage-first heap   total 86016K, used 72845K [0x0000000081600000, 0x0000000100000000)
  region size 1024K, 47 young (48128K), 5 survivors (5120K)
 Metaspace       used 74472K, committed 75136K, reserved 1114112K
  class space    used 10255K, committed 10560K, reserved 1048576K
}
Event: 611.201 GC heap after
{Heap after GC invocations=56 (full 8):
 garbage-first heap   total 86016K, used 31280K [0x0000000081600000, 0x0000000100000000)
  region size 1024K, 3 young (3072K), 3 survivors (3072K)
 Metaspace       used 74472K, committed 75136K, reserved 1114112K
  class space    used 10255K, committed 10560K, reserved 1048576K
}
Event: 611.446 GC heap before
{Heap before GC invocations=56 (full 8):
 garbage-first heap   total 86016K, used 32304K [0x0000000081600000, 0x0000000100000000)
  region size 1024K, 5 young (5120K), 3 survivors (3072K)
 Metaspace       used 74475K, committed 75136K, reserved 1114112K
  class space    used 10255K, committed 10560K, reserved 1048576K
}
Event: 611.495 GC heap after
{Heap after GC invocations=57 (full 9):
 garbage-first heap   total 86016K, used 25471K [0x0000000081600000, 0x0000000100000000)
  region size 1024K, 0 young (0K), 0 survivors (0K)
 Metaspace       used 74462K, committed 75136K, reserved 1114112K
  class space    used 10252K, committed 10560K, reserved 1048576K
}
Event: 612.017 GC heap before
{Heap before GC invocations=57 (full 9):
 garbage-first heap   total 86016K, used 71551K [0x0000000081600000, 0x0000000100000000)
  region size 1024K, 46 young (47104K), 0 survivors (0K)
 Metaspace       used 74665K, committed 75392K, reserved 1114112K
  class space    used 10283K, committed 10624K, reserved 1048576K
}
Event: 612.021 GC heap after
{Heap after GC invocations=58 (full 9):
 garbage-first heap   total 132096K, used 29859K [0x0000000081600000, 0x0000000100000000)
  region size 1024K, 5 young (5120K), 5 survivors (5120K)
 Metaspace       used 74665K, committed 75392K, reserved 1114112K
  class space    used 10283K, committed 10624K, reserved 1048576K
}
Event: 653.750 GC heap before
{Heap before GC invocations=59 (full 9):
 garbage-first heap   total 119808K, used 74915K [0x0000000081600000, 0x0000000100000000)
  region size 1024K, 51 young (52224K), 5 survivors (5120K)
 Metaspace       used 74909K, committed 75648K, reserved 1179648K
  class space    used 10301K, committed 10624K, reserved 1048576K
}
Event: 653.791 GC heap after
{Heap after GC invocations=60 (full 10):
 garbage-first heap   total 92160K, used 25740K [0x0000000081600000, 0x0000000100000000)
  region size 1024K, 0 young (0K), 0 survivors (0K)
 Metaspace       used 74906K, committed 75648K, reserved 1179648K
  class space    used 10301K, committed 10624K, reserved 1048576K
}
Event: 654.275 GC heap before
{Heap before GC invocations=60 (full 10):
 garbage-first heap   total 92160K, used 76940K [0x0000000081600000, 0x0000000100000000)
  region size 1024K, 50 young (51200K), 0 survivors (0K)
 Metaspace       used 75201K, committed 75904K, reserved 1179648K
  class space    used 10337K, committed 10624K, reserved 1048576K
}
Event: 654.278 GC heap after
{Heap after GC invocations=61 (full 10):
 garbage-first heap   total 92160K, used 30438K [0x0000000081600000, 0x0000000100000000)
  region size 1024K, 5 young (5120K), 5 survivors (5120K)
 Metaspace       used 75201K, committed 75904K, reserved 1179648K
  class space    used 10337K, committed 10624K, reserved 1048576K
}
Event: 766.266 GC heap before
{Heap before GC invocations=62 (full 10):
 garbage-first heap   total 92160K, used 77542K [0x0000000081600000, 0x0000000100000000)
  region size 1024K, 51 young (52224K), 5 survivors (5120K)
 Metaspace       used 75316K, committed 75968K, reserved 1179648K
  class space    used 10345K, committed 10624K, reserved 1048576K
}
Event: 766.270 GC heap after
{Heap after GC invocations=63 (full 10):
 garbage-first heap   total 92160K, used 31415K [0x0000000081600000, 0x0000000100000000)
  region size 1024K, 2 young (2048K), 2 survivors (2048K)
 Metaspace       used 75316K, committed 75968K, reserved 1179648K
  class space    used 10345K, committed 10624K, reserved 1048576K
}
Event: 947.450 GC heap before
{Heap before GC invocations=63 (full 10):
 garbage-first heap   total 92160K, used 52919K [0x0000000081600000, 0x0000000100000000)
  region size 1024K, 24 young (24576K), 2 survivors (2048K)
 Metaspace       used 75329K, committed 76032K, reserved 1179648K
  class space    used 10347K, committed 10624K, reserved 1048576K
}

Dll operation events (13 events):
Event: 0.009 Loaded shared library C:\Program Files\Java\jdk-20\bin\java.dll
Event: 0.022 Loaded shared library C:\Program Files\Java\jdk-20\bin\jsvml.dll
Event: 0.204 Loaded shared library C:\Program Files\Java\jdk-20\bin\zip.dll
Event: 0.206 Loaded shared library C:\Program Files\Java\jdk-20\bin\instrument.dll
Event: 0.211 Loaded shared library C:\Program Files\Java\jdk-20\bin\net.dll
Event: 0.212 Loaded shared library C:\Program Files\Java\jdk-20\bin\nio.dll
Event: 0.214 Loaded shared library C:\Program Files\Java\jdk-20\bin\zip.dll
Event: 0.316 Loaded shared library C:\Program Files\Java\jdk-20\bin\jimage.dll
Event: 0.355 Loaded shared library C:\Program Files\Java\jdk-20\bin\management.dll
Event: 0.364 Loaded shared library C:\Program Files\Java\jdk-20\bin\management_ext.dll
Event: 0.562 Loaded shared library C:\Program Files\Java\jdk-20\bin\extnet.dll
Event: 0.583 Loaded shared library C:\Program Files\Java\jdk-20\bin\verify.dll
Event: 2.767 Loaded shared library C:\Program Files\Java\jdk-20\bin\sunmscapi.dll

Deoptimization events (20 events):
Event: 947.241 Thread 0x0000014fc79cf5a0 DEOPT PACKING pc=0x0000014fb9740bec sp=0x0000001b4abff0d0
Event: 947.241 Thread 0x0000014fc79cf5a0 DEOPT UNPACKING pc=0x0000014fb898a4c2 sp=0x0000001b4abfe570 mode 1
Event: 947.241 Thread 0x0000014fc79cf5a0 DEOPT PACKING pc=0x0000014fb99df974 sp=0x0000001b4abff110
Event: 947.241 Thread 0x0000014fc79cf5a0 DEOPT UNPACKING pc=0x0000014fb898a4c2 sp=0x0000001b4abfe610 mode 1
Event: 947.448 Thread 0x0000014fc65b1050 DEOPT PACKING pc=0x0000014fb963f0bc sp=0x0000001b480fe520
Event: 947.448 Thread 0x0000014fc65b1050 DEOPT UNPACKING pc=0x0000014fb898a4c2 sp=0x0000001b480fdaa8 mode 1
Event: 947.448 Thread 0x0000014fc65b1050 DEOPT PACKING pc=0x0000014fb9d1a994 sp=0x0000001b480fe900
Event: 947.448 Thread 0x0000014fc65b1050 DEOPT UNPACKING pc=0x0000014fb898a4c2 sp=0x0000001b480fdfb8 mode 1
Event: 947.449 Thread 0x0000014fc79d3ab0 DEOPT PACKING pc=0x0000014fb9a1396c sp=0x0000001b4a7fece0
Event: 947.449 Thread 0x0000014fc79d3ab0 DEOPT UNPACKING pc=0x0000014fb898a4c2 sp=0x0000001b4a7fe270 mode 1
Event: 947.449 Thread 0x0000014fc79d3ab0 DEOPT PACKING pc=0x0000014fb974130c sp=0x0000001b4a7fee70
Event: 947.449 Thread 0x0000014fc79d3ab0 DEOPT UNPACKING pc=0x0000014fb898a4c2 sp=0x0000001b4a7fe3c8 mode 1
Event: 947.449 Thread 0x0000014fc79d3ab0 DEOPT PACKING pc=0x0000014fb9740bec sp=0x0000001b4a7fefa0
Event: 947.449 Thread 0x0000014fc79d3ab0 DEOPT UNPACKING pc=0x0000014fb898a4c2 sp=0x0000001b4a7fe440 mode 1
Event: 947.449 Thread 0x0000014fc79d3ab0 DEOPT PACKING pc=0x0000014fb99df974 sp=0x0000001b4a7fefe0
Event: 947.449 Thread 0x0000014fc79d3ab0 DEOPT UNPACKING pc=0x0000014fb898a4c2 sp=0x0000001b4a7fe4e0 mode 1
Event: 947.449 Thread 0x0000014fc65b3580 DEOPT PACKING pc=0x0000014fb9a1396c sp=0x0000001b493fee00
Event: 947.449 Thread 0x0000014fc65b3580 DEOPT UNPACKING pc=0x0000014fb898a4c2 sp=0x0000001b493fe3a8 mode 1
Event: 947.449 Thread 0x0000014fc65b3580 DEOPT PACKING pc=0x0000014fb99df904 sp=0x0000001b493ff060
Event: 947.449 Thread 0x0000014fc65b3580 DEOPT UNPACKING pc=0x0000014fb898a4c2 sp=0x0000001b493fe560 mode 1

Classes loaded (20 events):
Event: 269.459 Loading class java/util/stream/LongStream
Event: 269.459 Loading class java/util/stream/LongStream done
Event: 269.459 Loading class java/util/stream/DoubleStream
Event: 269.459 Loading class java/util/stream/DoubleStream done
Event: 287.118 Loading class java/io/PrintWriter$1
Event: 287.118 Loading class jdk/internal/access/JavaIOPrintWriterAccess
Event: 287.118 Loading class jdk/internal/access/JavaIOPrintWriterAccess done
Event: 287.118 Loading class java/io/PrintWriter$1 done
Event: 287.118 Loading class java/lang/Throwable$WrappedPrintWriter
Event: 287.118 Loading class java/lang/Throwable$WrappedPrintWriter done
Event: 330.129 Loading class java/time/DurationEditor
Event: 330.129 Loading class java/time/DurationEditor done
Event: 344.506 Loading class java/lang/invoke/MethodHandleImpl$CountingWrapper$1
Event: 344.507 Loading class java/lang/invoke/MethodHandleImpl$CountingWrapper$1 done
Event: 423.041 Loading class java/time/DurationEditor
Event: 423.041 Loading class java/time/DurationEditor done
Event: 531.858 Loading class java/time/DurationEditor
Event: 531.858 Loading class java/time/DurationEditor done
Event: 615.520 Loading class jdk/internal/reflect/AccessorUtils
Event: 615.520 Loading class jdk/internal/reflect/AccessorUtils done

Classes unloaded (20 events):
Event: 572.352 Thread 0x0000014fc1011620 Unloading class 0x000000080198c000 'java/lang/invoke/LambdaForm$MH+0x000000080198c000'
Event: 572.352 Thread 0x0000014fc1011620 Unloading class 0x0000000801a00800 'java/lang/invoke/LambdaForm$MH+0x0000000801a00800'
Event: 572.352 Thread 0x0000014fc1011620 Unloading class 0x0000000801498000 'org/apache/catalina/loader/JdbcLeakPrevention'
Event: 611.462 Thread 0x0000014fc1011620 Unloading class 0x0000000801007400 'java/lang/invoke/LambdaForm$MH+0x0000000801007400'
Event: 611.462 Thread 0x0000014fc1011620 Unloading class 0x000000080198f000 'java/lang/invoke/LambdaForm$MH+0x000000080198f000'
Event: 611.462 Thread 0x0000014fc1011620 Unloading class 0x00000008019b0800 'java/lang/invoke/LambdaForm$MH+0x00000008019b0800'
Event: 611.462 Thread 0x0000014fc1011620 Unloading class 0x00000008019b2400 'java/lang/invoke/LambdaForm$MH+0x00000008019b2400'
Event: 611.462 Thread 0x0000014fc1011620 Unloading class 0x00000008019b3c00 'java/lang/invoke/LambdaForm$BMH+0x00000008019b3c00'
Event: 611.462 Thread 0x0000014fc1011620 Unloading class 0x000000080198d000 'java/lang/invoke/LambdaForm$MH+0x000000080198d000'
Event: 611.462 Thread 0x0000014fc1011620 Unloading class 0x000000080152b800 'org/apache/catalina/loader/JdbcLeakPrevention'
Event: 653.763 Thread 0x0000014fc1011620 Unloading class 0x00000008010dcc00 'org/apache/catalina/loader/JdbcLeakPrevention'
Event: 654.302 Thread 0x0000014fc1011620 Unloading class 0x00000008010ddc00 'jdk/internal/reflect/GeneratedSerializationConstructorAccessor28'
Event: 654.302 Thread 0x0000014fc1011620 Unloading class 0x00000008010df000 'jdk/internal/reflect/GeneratedSerializationConstructorAccessor27'
Event: 654.302 Thread 0x0000014fc1011620 Unloading class 0x00000008010e0800 'jdk/internal/reflect/GeneratedSerializationConstructorAccessor26'
Event: 654.302 Thread 0x0000014fc1011620 Unloading class 0x0000000801975800 'java/lang/invoke/LambdaForm$MH+0x0000000801975800'
Event: 654.302 Thread 0x0000014fc1011620 Unloading class 0x0000000801975000 'java/lang/invoke/LambdaForm$MH+0x0000000801975000'
Event: 654.302 Thread 0x0000014fc1011620 Unloading class 0x000000080196c400 'java/lang/invoke/LambdaForm$MH+0x000000080196c400'
Event: 654.302 Thread 0x0000014fc1011620 Unloading class 0x000000080149a800 'java/lang/invoke/LambdaForm$MH+0x000000080149a800'
Event: 654.302 Thread 0x0000014fc1011620 Unloading class 0x000000080149a400 'java/lang/invoke/LambdaForm$MH+0x000000080149a400'
Event: 654.302 Thread 0x0000014fc1011620 Unloading class 0x000000080143c400 'jdk/internal/reflect/GeneratedSerializationConstructorAccessor25'

Classes redefined (0 events):
No events

Internal exceptions (20 events):
Event: 611.824 Thread 0x0000014fc65b1af0 Exception <a 'java/lang/NoClassDefFoundError'{0x000000008521d1a0}: org/jooq/DSLContext> (0x000000008521d1a0) 
thrown [s\open\src\hotspot\share\oops\constantPool.cpp, line 848]
Event: 611.826 Thread 0x0000014fc65b1af0 Exception <a 'java/lang/NoClassDefFoundError'{0x000000008522c3f8}: org/springframework/batch/core/repository/JobRepository> (0x000000008522c3f8) 
thrown [s\open\src\hotspot\share\oops\constantPool.cpp, line 848]
Event: 611.826 Thread 0x0000014fc65b1af0 Exception <a 'java/lang/NoClassDefFoundError'{0x000000008522ca50}: org/quartz/Scheduler> (0x000000008522ca50) 
thrown [s\open\src\hotspot\share\oops\constantPool.cpp, line 848]
Event: 611.827 Thread 0x0000014fc65b1af0 Exception <a 'java/lang/NoClassDefFoundError'{0x000000008522d0d0}: org/springframework/session/jdbc/JdbcIndexedSessionRepository> (0x000000008522d0d0) 
thrown [s\open\src\hotspot\share\oops\constantPool.cpp, line 848]
Event: 611.875 Thread 0x0000014fc65b1af0 Exception <a 'java/io/FileNotFoundException'{0x0000000084c7f6d0}> (0x0000000084c7f6d0) 
thrown [s\open\src\hotspot\share\prims\jni.cpp, line 519]
Event: 611.903 Thread 0x0000014fc65b1af0 Exception <a 'java/io/FileNotFoundException'{0x0000000084750080}> (0x0000000084750080) 
thrown [s\open\src\hotspot\share\prims\jni.cpp, line 519]
Event: 615.520 Thread 0x0000014fc79ceb00 Exception <a 'java/lang/NullPointerException'{0x0000000086493d18}> (0x0000000086493d18) 
thrown [s\open\src\hotspot\share\interpreter\linkResolver.cpp, line 1373]
Event: 622.770 Thread 0x0000014fc79cfaf0 Exception <a 'java/lang/NullPointerException'{0x0000000086280b00}> (0x0000000086280b00) 
thrown [s\open\src\hotspot\share\interpreter\linkResolver.cpp, line 1373]
Event: 653.531 Thread 0x0000014fc79d3ab0 Exception <a 'java/lang/InterruptedException'{0x0000000085eff5c8}: sleep interrupted> (0x0000000085eff5c8) 
thrown [s\open\src\hotspot\share\prims\jvm.cpp, line 3086]
Event: 653.808 Thread 0x0000014fc79d1580 Exception <a 'sun/nio/fs/WindowsException'{0x0000000086f873b8}> (0x0000000086f873b8) 
thrown [s\open\src\hotspot\share\prims\jni.cpp, line 519]
Event: 654.059 Thread 0x0000014fc79d1580 Exception <a 'java/lang/NoClassDefFoundError'{0x00000000859c38e8}: org/flywaydb/core/Flyway> (0x00000000859c38e8) 
thrown [s\open\src\hotspot\share\oops\constantPool.cpp, line 848]
Event: 654.060 Thread 0x0000014fc79d1580 Exception <a 'java/lang/NoClassDefFoundError'{0x00000000859c3f48}: liquibase/integration/spring/SpringLiquibase> (0x00000000859c3f48) 
thrown [s\open\src\hotspot\share\oops\constantPool.cpp, line 848]
Event: 654.065 Thread 0x0000014fc79d1580 Exception <a 'java/lang/NoClassDefFoundError'{0x000000008581bfa0}: org/jooq/DSLContext> (0x000000008581bfa0) 
thrown [s\open\src\hotspot\share\oops\constantPool.cpp, line 848]
Event: 654.067 Thread 0x0000014fc79d1580 Exception <a 'java/lang/NoClassDefFoundError'{0x000000008582b1d8}: org/springframework/batch/core/repository/JobRepository> (0x000000008582b1d8) 
thrown [s\open\src\hotspot\share\oops\constantPool.cpp, line 848]
Event: 654.069 Thread 0x0000014fc79d1580 Exception <a 'java/lang/NoClassDefFoundError'{0x000000008582b830}: org/quartz/Scheduler> (0x000000008582b830) 
thrown [s\open\src\hotspot\share\oops\constantPool.cpp, line 848]
Event: 654.070 Thread 0x0000014fc79d1580 Exception <a 'java/lang/NoClassDefFoundError'{0x000000008582beb0}: org/springframework/session/jdbc/JdbcIndexedSessionRepository> (0x000000008582beb0) 
thrown [s\open\src\hotspot\share\oops\constantPool.cpp, line 848]
Event: 654.114 Thread 0x0000014fc79d1580 Exception <a 'java/io/FileNotFoundException'{0x000000008527d8a0}> (0x000000008527d8a0) 
thrown [s\open\src\hotspot\share\prims\jni.cpp, line 519]
Event: 654.140 Thread 0x0000014fc79d1580 Exception <a 'java/io/FileNotFoundException'{0x0000000084d54260}> (0x0000000084d54260) 
thrown [s\open\src\hotspot\share\prims\jni.cpp, line 519]
Event: 901.095 Thread 0x0000014fc60eb600 Exception <a 'java/lang/NoSuchMethodError'{0x0000000086002648}: static [B.<clinit>()V> (0x0000000086002648) 
thrown [s\open\src\hotspot\share\prims\jni.cpp, line 1105]
Event: 947.241 Thread 0x0000014fc79cfaf0 Exception <a 'java/lang/InterruptedException'{0x0000000085bec510}: sleep interrupted> (0x0000000085bec510) 
thrown [s\open\src\hotspot\share\prims\jvm.cpp, line 3086]

VM Operations (20 events):
Event: 938.829 Executing VM operation: get/set locals done
Event: 938.830 Executing VM operation: get/set locals
Event: 938.830 Executing VM operation: get/set locals done
Event: 938.830 Executing VM operation: get/set locals
Event: 938.831 Executing VM operation: get/set locals done
Event: 938.831 Executing VM operation: get/set locals
Event: 938.831 Executing VM operation: get/set locals done
Event: 938.832 Executing VM operation: get/set locals
Event: 938.832 Executing VM operation: get/set locals done
Event: 938.832 Executing VM operation: get/set locals
Event: 938.832 Executing VM operation: get/set locals done
Event: 938.833 Executing VM operation: get/set locals
Event: 938.833 Executing VM operation: get/set locals done
Event: 938.833 Executing VM operation: get/set locals
Event: 938.833 Executing VM operation: get/set locals done
Event: 938.834 Executing VM operation: get/set locals
Event: 938.834 Executing VM operation: get/set locals done
Event: 942.882 Executing VM operation: Cleanup
Event: 942.882 Executing VM operation: Cleanup done
Event: 947.450 Executing VM operation: G1CollectFull

Events (20 events):
Event: 659.409 Thread 0x0000014fc79d0040 Thread exited: 0x0000014fc79d0040
Event: 939.914 Thread 0x0000014fc65b1050 Thread added: 0x0000014fc65b1050
Event: 939.915 Thread 0x0000014fc79d5a90 Thread exited: 0x0000014fc79d5a90
Event: 939.926 Thread 0x0000014fc65b05b0 Thread exited: 0x0000014fc65b05b0
Event: 942.234 Thread 0x0000014fc65b3580 Thread exited: 0x0000014fc65b3580
Event: 942.235 Thread 0x0000014fc79d0ae0 Thread exited: 0x0000014fc79d0ae0
Event: 942.235 Thread 0x0000014fc79d2570 Thread exited: 0x0000014fc79d2570
Event: 942.235 Thread 0x0000014fc79d4aa0 Thread exited: 0x0000014fc79d4aa0
Event: 942.235 Thread 0x0000014fc79d2ac0 Thread exited: 0x0000014fc79d2ac0
Event: 942.235 Thread 0x0000014fc79d4550 Thread exited: 0x0000014fc79d4550
Event: 942.235 Thread 0x0000014fc79d1ad0 Thread exited: 0x0000014fc79d1ad0
Event: 942.235 Thread 0x0000014fc79ce060 Thread exited: 0x0000014fc79ce060
Event: 942.235 Thread 0x0000014fc79d1030 Thread exited: 0x0000014fc79d1030
Event: 942.236 Thread 0x0000014fc79d3560 Thread exited: 0x0000014fc79d3560
Event: 947.241 Thread 0x0000014fc79cfaf0 Thread exited: 0x0000014fc79cfaf0
Event: 947.241 Thread 0x0000014fc79ceb00 Thread exited: 0x0000014fc79ceb00
Event: 947.241 Thread 0x0000014fc79cf5a0 Thread exited: 0x0000014fc79cf5a0
Event: 947.449 Thread 0x0000014fc65b3580 Thread added: 0x0000014fc65b3580
Event: 947.449 Thread 0x0000014fc79d3ab0 Thread exited: 0x0000014fc79d3ab0
Event: 947.449 Thread 0x0000014fc65b3580 Thread exited: 0x0000014fc65b3580


Dynamic libraries:
0x00007ff6f27b0000 - 0x00007ff6f27c0000 	C:\Program Files\Java\jdk-20\bin\javaw.exe
0x00007ffc0da50000 - 0x00007ffc0dc67000 	C:\WINDOWS\SYSTEM32\ntdll.dll
0x00007ffc0c890000 - 0x00007ffc0c954000 	C:\WINDOWS\System32\KERNEL32.DLL
0x00007ffc0b020000 - 0x00007ffc0b3c6000 	C:\WINDOWS\System32\KERNELBASE.dll
0x00007ffc0ad90000 - 0x00007ffc0aea1000 	C:\WINDOWS\System32\ucrtbase.dll
0x00007ffbfade0000 - 0x00007ffbfadfb000 	C:\Program Files\Java\jdk-20\bin\VCRUNTIME140.dll
0x00007ffbfa7f0000 - 0x00007ffbfa809000 	C:\Program Files\Java\jdk-20\bin\jli.dll
0x00007ffc0d340000 - 0x00007ffc0d3f3000 	C:\WINDOWS\System32\ADVAPI32.dll
0x00007ffc0ba80000 - 0x00007ffc0bb27000 	C:\WINDOWS\System32\msvcrt.dll
0x00007ffc0bf20000 - 0x00007ffc0bfc8000 	C:\WINDOWS\System32\sechost.dll
0x00007ffc0b3d0000 - 0x00007ffc0b3f8000 	C:\WINDOWS\System32\bcrypt.dll
0x00007ffc0caf0000 - 0x00007ffc0cc07000 	C:\WINDOWS\System32\RPCRT4.dll
0x00007ffc0b8c0000 - 0x00007ffc0ba6e000 	C:\WINDOWS\System32\USER32.dll
0x00007ffbeb2c0000 - 0x00007ffbeb553000 	C:\WINDOWS\WinSxS\amd64_microsoft.windows.common-controls_6595b64144ccf1df_6.0.22621.2506_none_270c5ae97388e100\COMCTL32.dll
0x00007ffc0b480000 - 0x00007ffc0b4a6000 	C:\WINDOWS\System32\win32u.dll
0x00007ffc0d930000 - 0x00007ffc0d959000 	C:\WINDOWS\System32\GDI32.dll
0x00007ffc0b4b0000 - 0x00007ffc0b5c8000 	C:\WINDOWS\System32\gdi32full.dll
0x00007ffc0b5d0000 - 0x00007ffc0b66a000 	C:\WINDOWS\System32\msvcp_win.dll
0x00007ffbfd1d0000 - 0x00007ffbfd1da000 	C:\WINDOWS\SYSTEM32\VERSION.dll
0x00007ffc0d400000 - 0x00007ffc0d431000 	C:\WINDOWS\System32\IMM32.DLL
0x00007ffc062b0000 - 0x00007ffc062bc000 	C:\Program Files\Java\jdk-20\bin\vcruntime140_1.dll
0x00007ffbf0700000 - 0x00007ffbf078e000 	C:\Program Files\Java\jdk-20\bin\msvcp140.dll
0x00007ffbc7790000 - 0x00007ffbc8427000 	C:\Program Files\Java\jdk-20\bin\server\jvm.dll
0x00007ffc062e0000 - 0x00007ffc062e9000 	C:\WINDOWS\SYSTEM32\WSOCK32.dll
0x00007ffc046b0000 - 0x00007ffc046e4000 	C:\WINDOWS\SYSTEM32\WINMM.dll
0x00007ffc0c960000 - 0x00007ffc0c9d1000 	C:\WINDOWS\System32\WS2_32.dll
0x00007ffc09dd0000 - 0x00007ffc09de8000 	C:\WINDOWS\SYSTEM32\kernel.appcore.dll
0x00007ffbfaf20000 - 0x00007ffbfaf2a000 	C:\Program Files\Java\jdk-20\bin\jimage.dll
0x00007ffbe53e0000 - 0x00007ffbe5613000 	C:\WINDOWS\SYSTEM32\DBGHELP.DLL
0x00007ffc0bb90000 - 0x00007ffc0bf19000 	C:\WINDOWS\System32\combase.dll
0x00007ffc0c9e0000 - 0x00007ffc0cab7000 	C:\WINDOWS\System32\OLEAUT32.dll
0x00007ffbe5380000 - 0x00007ffbe53b2000 	C:\WINDOWS\SYSTEM32\dbgcore.DLL
0x00007ffc0b400000 - 0x00007ffc0b47a000 	C:\WINDOWS\System32\bcryptPrimitives.dll
0x00007ffbf7850000 - 0x00007ffbf788c000 	C:\Program Files\Java\jdk-20\bin\jdwp.dll
0x00007ffbfad50000 - 0x00007ffbfad5e000 	C:\Program Files\Java\jdk-20\bin\instrument.dll
0x00007ffbf7820000 - 0x00007ffbf7846000 	C:\Program Files\Java\jdk-20\bin\java.dll
0x00007ffbe3e70000 - 0x00007ffbe3f47000 	C:\Program Files\Java\jdk-20\bin\jsvml.dll
0x00007ffc0c030000 - 0x00007ffc0c88b000 	C:\WINDOWS\System32\SHELL32.dll
0x00007ffc08cf0000 - 0x00007ffc095e6000 	C:\WINDOWS\SYSTEM32\windows.storage.dll
0x00007ffc08bb0000 - 0x00007ffc08cee000 	C:\WINDOWS\SYSTEM32\wintypes.dll
0x00007ffc0cc10000 - 0x00007ffc0cd03000 	C:\WINDOWS\System32\SHCORE.dll
0x00007ffc0bfd0000 - 0x00007ffc0c02e000 	C:\WINDOWS\System32\shlwapi.dll
0x00007ffc0acc0000 - 0x00007ffc0ace6000 	C:\WINDOWS\SYSTEM32\profapi.dll
0x00007ffbfacd0000 - 0x00007ffbfacdc000 	C:\Program Files\Java\jdk-20\bin\dt_socket.dll
0x00007ffc09850000 - 0x00007ffc0987d000 	C:\WINDOWS\SYSTEM32\IPHLPAPI.DLL
0x00007ffc0a250000 - 0x00007ffc0a2b9000 	C:\WINDOWS\system32\mswsock.dll
0x00007ffc098c0000 - 0x00007ffc099b9000 	C:\WINDOWS\SYSTEM32\DNSAPI.dll
0x00007ffc0cac0000 - 0x00007ffc0cac9000 	C:\WINDOWS\System32\NSI.dll
0x00007ffbfbd40000 - 0x00007ffbfbd4a000 	C:\Windows\System32\rasadhlp.dll
0x00007ffc032b0000 - 0x00007ffc03333000 	C:\WINDOWS\System32\fwpuclnt.dll
0x00007ffbf7440000 - 0x00007ffbf7458000 	C:\Program Files\Java\jdk-20\bin\zip.dll
0x00007ffbf06e0000 - 0x00007ffbf06f3000 	C:\Program Files\Java\jdk-20\bin\net.dll
0x00007ffc04a20000 - 0x00007ffc04b57000 	C:\WINDOWS\SYSTEM32\WINHTTP.dll
0x00007ffbf06c0000 - 0x00007ffbf06d6000 	C:\Program Files\Java\jdk-20\bin\nio.dll
0x00007ffbfaca0000 - 0x00007ffbfacaa000 	C:\Program Files\Java\jdk-20\bin\management.dll
0x00007ffbfa7d0000 - 0x00007ffbfa7db000 	C:\Program Files\Java\jdk-20\bin\management_ext.dll
0x00007ffc0ba70000 - 0x00007ffc0ba78000 	C:\WINDOWS\System32\PSAPI.DLL
0x00007ffb958c0000 - 0x00007ffb958d7000 	C:\WINDOWS\system32\napinsp.dll
0x00007ffb9d450000 - 0x00007ffb9d46b000 	C:\WINDOWS\system32\pnrpnsp.dll
0x00007ffb9d470000 - 0x00007ffb9d481000 	C:\WINDOWS\System32\winrnr.dll
0x00007ffbddc30000 - 0x00007ffbddc45000 	C:\WINDOWS\system32\wshbth.dll
0x00007ffc056a0000 - 0x00007ffc056c1000 	C:\WINDOWS\system32\nlansp_c.dll
0x00007ffc0a4a0000 - 0x00007ffc0a4bb000 	C:\WINDOWS\SYSTEM32\CRYPTSP.dll
0x00007ffc09d30000 - 0x00007ffc09d65000 	C:\WINDOWS\system32\rsaenh.dll
0x00007ffc0a340000 - 0x00007ffc0a36c000 	C:\WINDOWS\SYSTEM32\USERENV.dll
0x00007ffc0a4c0000 - 0x00007ffc0a4cc000 	C:\WINDOWS\SYSTEM32\CRYPTBASE.dll
0x00007ffc04c30000 - 0x00007ffc04c49000 	C:\WINDOWS\SYSTEM32\dhcpcsvc6.DLL
0x00007ffc04bb0000 - 0x00007ffc04bcf000 	C:\WINDOWS\SYSTEM32\dhcpcsvc.DLL
0x00007ffbf9c30000 - 0x00007ffbf9c37000 	C:\Program Files\Java\jdk-20\bin\extnet.dll
0x00007ffbf74d0000 - 0x00007ffbf74e0000 	C:\Program Files\Java\jdk-20\bin\verify.dll
0x00007ffbf6f20000 - 0x00007ffbf6f2e000 	C:\Program Files\Java\jdk-20\bin\sunmscapi.dll
0x00007ffc0aeb0000 - 0x00007ffc0b016000 	C:\WINDOWS\System32\CRYPT32.dll
0x00007ffc0a640000 - 0x00007ffc0a66e000 	C:\WINDOWS\SYSTEM32\ncrypt.dll
0x00007ffc0a600000 - 0x00007ffc0a637000 	C:\WINDOWS\SYSTEM32\NTASN1.dll
0x00007ffbf6e00000 - 0x00007ffbf6e08000 	C:\WINDOWS\system32\wshunix.dll

dbghelp: loaded successfully - version: 4.0.5 - missing functions: none
symbol engine: initialized successfully - sym options: 0x614 - pdb path: .;C:\Program Files\Java\jdk-20\bin;C:\WINDOWS\SYSTEM32;C:\WINDOWS\WinSxS\amd64_microsoft.windows.common-controls_6595b64144ccf1df_6.0.22621.2506_none_270c5ae97388e100;C:\Program Files\Java\jdk-20\bin\server

VM Arguments:
jvm_args: -XX:+ShowCodeDetailsInExceptionMessages -agentlib:jdwp=transport=dt_socket,suspend=y,address=localhost:52970 -Dcom.sun.management.jmxremote -Dcom.sun.management.jmxremote.port=52969 -Dcom.sun.management.jmxremote.authenticate=false -Dcom.sun.management.jmxremote.ssl=false -Djava.rmi.server.hostname=localhost -Dspring.jmx.enabled=true -Dmanagement.endpoints.jmx.exposure.include=* -Dspring.application.admin.enabled=true -XX:TieredStopAtLevel=1 -Dspring.boot.project.name=helpdesk -javaagent:C:\sts-4.20.0.RELEASE\configuration\org.eclipse.osgi\262\0\.cp\lib\javaagent-shaded.jar -Dfile.encoding=UTF-8 -Dstdout.encoding=UTF-8 -Dstderr.encoding=UTF-8 
java_command: com.Daniel.helpdesk.HelpdeskApplication --spring.output.ansi.enabled=always
java_class_path (initial): C:\projeto\helpdesk\target\classes;C:\Users\User\.m2\repository\org\springframework\boot\spring-boot-starter-data-jpa\3.1.3\spring-boot-starter-data-jpa-3.1.3.jar;C:\Users\User\.m2\repository\org\springframework\boot\spring-boot-starter-aop\3.1.3\spring-boot-starter-aop-3.1.3.jar;C:\Users\User\.m2\repository\org\springframework\spring-aop\6.0.11\spring-aop-6.0.11.jar;C:\Users\User\.m2\repository\org\aspectj\aspectjweaver\1.9.20\aspectjweaver-1.9.20.jar;C:\Users\User\.m2\repository\org\springframework\boot\spring-boot-starter-jdbc\3.1.3\spring-boot-starter-jdbc-3.1.3.jar;C:\Users\User\.m2\repository\com\zaxxer\HikariCP\5.0.1\HikariCP-5.0.1.jar;C:\Users\User\.m2\repository\org\springframework\spring-jdbc\6.0.11\spring-jdbc-6.0.11.jar;C:\Users\User\.m2\repository\org\hibernate\orm\hibernate-core\6.2.7.Final\hibernate-core-6.2.7.Final.jar;C:\Users\User\.m2\repository\jakarta\persistence\jakarta.persistence-api\3.1.0\jakarta.persistence-api-3.1.0.jar;C:\Users\User\.m2\repository\jakarta\transaction\jakarta.transaction-api\2.0.1\jakarta.transaction-api-2.0.1.jar;C:\Users\User\.m2\repository\org\jboss\logging\jboss-logging\3.5.3.Final\jboss-logging-3.5.3.Final.jar;C:\Users\User\.m2\repository\org\hibernate\common\hibernate-commons-annotations\6.0.6.Final\hibernate-commons-annotations-6.0.6.Final.jar;C:\Users\User\.m2\repository\io\smallrye\jandex\3.0.5\jandex-3.0.5.jar;C:\Users\User\.m2\repository\com\fasterxml\classmate\1.5.1\classmate-1.5.1.jar;C:\Users\User\.m2\repository\net\bytebuddy\byte-buddy\1.14.6\byte-buddy-1.14.6.jar;C:\Users\User\.m2\repository\org\glassfish\jaxb\jaxb-runtime\4.0.3\jaxb-runtime-4.0.3.jar;C:\Users\User\.m2\repository\org\glassfish\jaxb\jaxb-core\4.0.3\jaxb-core-4.0.3.jar;C:\Users\User\.m2\repository\org\eclipse\angus\angus-activation\2.0.1\angus-activation-2.0.1.jar;C:\Users\User\.m2\repository\org\glassfish\jaxb\txw2\4.0.3\txw2-4.0.3.jar;C:\Users\User\.m2\repository\com\sun\istack\istack-commons-runtime\4.1.2\istack-commons-runtime-4.1.2.jar;C:\Users\User\.m2\repository\jakarta\inject\jakarta.inject-api\2.0.1\jakarta.inject-api-2.0.1.jar;C:\Users\User\.m2\repository\org\antlr\antlr4-runtime\4.10.1\antlr4-runtime-4.10.1.jar;C:\Users\User\.m2\repository\org\springframework\data\spring-data-jpa\3.1.3\spring-data-jpa-3.1.3.jar;C:\Users\User\.m2\repository\org\springframework\data\spring-data-commons\3.1.3\spring-data-commons-3.1.3.jar;C:\Users\User\.m2\repository\org\springframework\spring-orm\6.0.11\spring-orm-6.0.11.jar;C:\Users\User\.m2\repository\org\springframework\spring-context\6.0.11\spring-context-6.0.11.jar;C:\Users\User\.m2\repository\org\springframework\spring-tx\6.0.11\spring-tx-6.0.11.jar;C:\Users\User\.m2\repository\org\springframework\spring-beans\6.0.11\spring-beans-6.0.11.jar;C:\Users\User\.m2\repository\jakarta\annotation\jakarta.annotation-api\2.1.1\jakarta.annotation-api-2.1.1.jar;C:\Users\User\.m2\repository\org\slf4j\slf4j-api\2.0.7\slf4j-api-2.0.7.jar;C:\Users\User\.m2\repository\org\springframework\spring-aspects\6.0.11\spring-aspects-6.0.11.jar;C:\Users\User\.m2\repository\org\projectlombok\lombok\1.18.28\lombok-1.18.28.jar;C:\Users\User\.m2\repository\org\springframework\boot\spring-boot-starter-validation\3.1.3\spring-boot-starter-validation-3.1.3.jar;C:\Users\User\.m2\repository\org\springframework\boot\spring-boot-starter\3.1.3\spring-boot-starter-3.1.3.jar;C:\Users\User\.m2\repository\org\springframework\boot\spring-boot-starter-logging\3.1.3\spring-boot-starter-logging-3.1.3.jar;C:\Users\User\.m2\repository\ch\qos\logback\logback-classic\1.4.11\logback-classic-1.4.11.jar;C:\Users\User\.m2\repository\ch\qos\logback\logback-core\1.4.11\logback-core-1.4.11.jar;C:\Users\User\.m2\repository\org\apache\logging\log4j\log4j-to-slf4j\2.20.0\log4j-to-slf4j-2.20.0.jar;C:\Users\User\.m2\repository\org\apache\logging\log4j\log4j-api\2.20.0\log4j-api-2.20.0.jar;C:\Users\User\.m2\repository\org\slf4j\jul-to-slf4j\2.0.7\jul-to-slf4j-2.0.7.jar;C:\Users\User\.m2\repository\org\yaml\snakeyaml\1.33\snakeyaml-1.33.jar;C:\Users\User\.m2\repository\org\apache\tomcat\embed\tomcat-embed-el\10.1.12\tomcat-embed-el-10.1.12.jar;C:\Users\User\.m2\repository\org\hibernate\validator\hibernate-validator\8.0.1.Final\hibernate-validator-8.0.1.Final.jar;C:\Users\User\.m2\repository\jakarta\validation\jakarta.validation-api\3.0.2\jakarta.validation-api-3.0.2.jar;C:\Users\User\.m2\repository\org\springframework\boot\spring-boot-starter-web\3.1.3\spring-boot-starter-web-3.1.3.jar;C:\Users\User\.m2\repository\org\springframework\boot\spring-boot-starter-json\3.1.3\spring-boot-starter-json-3.1.3.jar;C:\Users\User\.m2\repository\com\fasterxml\jackson\core\jackson-databind\2.15.2\jackson-databind-2.15.2.jar;C:\Users\User\.m2\repository\com\fasterxml\jackson\core\jackson-annotations\2.15.2\jackson-annotations-2.15.2.jar;C:\Users\User\.m2\repository\com\fasterxml\jackson\core\jackson-core\2.15.2\jackson-core-2.15.2.jar;C:\Users\User\.m2\repository\com\fasterxml\jackson\datatype\jackson-datatype-jdk8\2.15.2\jackson-datatype-jdk8-2.15.2.jar;C:\Users\User\.m2\repository\com\fasterxml\jackson\datatype\jackson-datatype-jsr310\2.15.2\jackson-datatype-jsr310-2.15.2.jar;C:\Users\User\.m2\repository\com\fasterxml\jackson\module\jackson-module-parameter-names\2.15.2\jackson-module-parameter-names-2.15.2.jar;C:\Users\User\.m2\repository\org\springframework\boot\spring-boot-starter-tomcat\3.1.3\spring-boot-starter-tomcat-3.1.3.jar;C:\Users\User\.m2\repository\org\apache\tomcat\embed\tomcat-embed-core\10.1.12\tomcat-embed-core-10.1.12.jar;C:\Users\User\.m2\repository\org\apache\tomcat\embed\tomcat-embed-websocket\10.1.12\tomcat-embed-websocket-10.1.12.jar;C:\Users\User\.m2\repository\org\springframework\spring-web\6.0.11\spring-web-6.0.11.jar;C:\Users\User\.m2\repository\io\micrometer\micrometer-observation\1.11.3\micrometer-observation-1.11.3.jar;C:\Users\User\.m2\repository\io\micrometer\micrometer-commons\1.11.3\micrometer-commons-1.11.3.jar;C:\Users\User\.m2\repository\org\springframework\spring-webmvc\6.0.11\spring-webmvc-6.0.11.jar;C:\Users\User\.m2\repository\org\springframework\spring-expression\6.0.11\spring-expression-6.0.11.jar;C:\Users\User\.m2\repository\org\springframework\boot\spring-boot-devtools\3.1.3\spring-boot-devtools-3.1.3.jar;C:\Users\User\.m2\repository\org\springframework\boot\spring-boot\3.1.3\spring-boot-3.1.3.jar;C:\Users\User\.m2\repository\org\springframework\boot\spring-boot-autoconfigure\3.1.3\spring-boot-autoconfigure-3.1.3.jar;C:\Users\User\.m2\repository\com\h2database\h2\2.1.214\h2-2.1.214.jar;C:\Users\User\.m2\repository\com\mysql\mysql-connector-j\8.0.33\mysql-connector-j-8.0.33.jar;C:\Users\User\.m2\repository\jakarta\xml\bind\jakarta.xml.bind-api\4.0.0\jakarta.xml.bind-api-4.0.0.jar;C:\Users\User\.m2\repository\jakarta\activation\jakarta.activation-api\2.1.2\jakarta.activation-api-2.1.2.jar;C:\Users\User\.m2\repository\org\springframework\spring-core\6.0.11\spring-core-6.0.11.jar;C:\Users\User\.m2\repository\org\springframework\spring-jcl\6.0.11\spring-jcl-6.0.11.jar
Launcher Type: SUN_STANDARD

[Global flags]
     intx CICompilerCount                          = 4                                         {product} {ergonomic}
     uint ConcGCThreads                            = 2                                         {product} {ergonomic}
     uint G1ConcRefinementThreads                  = 8                                         {product} {ergonomic}
   size_t G1HeapRegionSize                         = 1048576                                   {product} {ergonomic}
    uintx GCDrainStackTargetSize                   = 64                                        {product} {ergonomic}
   size_t InitialHeapSize                          = 134217728                                 {product} {ergonomic}
     bool ManagementServer                         = true                                      {product} {command line}
   size_t MarkStackSize                            = 4194304                                   {product} {ergonomic}
   size_t MaxHeapSize                              = 2124414976                                {product} {ergonomic}
   size_t MaxNewSize                               = 1274019840                                {product} {ergonomic}
   size_t MinHeapDeltaBytes                        = 1048576                                   {product} {ergonomic}
   size_t MinHeapSize                              = 8388608                                   {product} {ergonomic}
    uintx NonProfiledCodeHeapSize                  = 0                                      {pd product} {ergonomic}
     bool ProfileInterpreter                       = false                                  {pd product} {command line}
    uintx ProfiledCodeHeapSize                     = 0                                      {pd product} {ergonomic}
     bool ShowCodeDetailsInExceptionMessages       = true                                   {manageable} {command line}
   size_t SoftMaxHeapSize                          = 2124414976                             {manageable} {ergonomic}
     intx TieredStopAtLevel                        = 1                                         {product} {command line}
     bool UseCompressedClassPointers               = true                           {product lp64_product} {ergonomic}
     bool UseCompressedOops                        = true                           {product lp64_product} {ergonomic}
     bool UseG1GC                                  = true                                      {product} {ergonomic}
     bool UseLargePagesIndividualAllocation        = false                                  {pd product} {ergonomic}

Logging:
Log output configuration:
 #0: stdout all=warning uptime,level,tags foldmultilines=false
 #1: stderr all=off uptime,level,tags foldmultilines=false

Environment Variables:
JAVA_HOME=C:\Program Files\Java\jdk-20
PATH=C:/sts-4.20.0.RELEASE//plugins/org.eclipse.justj.openjdk.hotspot.jre.full.win32.x86_64_17.0.8.v20230831-1047/jre/bin/server;C:/sts-4.20.0.RELEASE//plugins/org.eclipse.justj.openjdk.hotspot.jre.full.win32.x86_64_17.0.8.v20230831-1047/jre/bin;C:\Program Files\Common Files\Oracle\Java\javapath;C:\Program Files\Java\jdk-20\bin;C:\WINDOWS\system32;C:\WINDOWS;C:\WINDOWS\System32\Wbem;C:\WINDOWS\System32\WindowsPowerShell\v1.0\;C:\WINDOWS\System32\OpenSSH\;C:\Program Files\nodejs\;C:\Program Files\Git\cmd;C:\Program Files\Microsoft SQL Server\Client SDK\ODBC\170\Tools\Binn\;C:\apache-maven-3.9.1\bin;C:\Program Files (x86)\Microsoft SQL Server\150\Tools\Binn\;C:\Program Files\Microsoft SQL Server\150\Tools\Binn\;C:\Program Files (x86)\Microsoft SQL Server\150\DTS\Binn\;C:\Program Files\Microsoft SQL Server\150\DTS\Binn\;C:\Program Files (x86)\Microsoft SQL Server\160\DTS\Binn\;C:\Program Files\Azure Data Studio\bin;C:\Users\User\AppData\Local\Microsoft\WindowsApps;;C:\Users\User\AppData\Local\Programs\Microsoft VS Code\bin;C:\Users\User\AppData\Roaming\npm;C:\Program Files\Azure Data Studio\bin;C:\Program Files\Azure Data Studio\bin;C:\sts-4.20.0.RELEASE;
USERNAME=User
OS=Windows_NT
PROCESSOR_IDENTIFIER=Intel64 Family 6 Model 142 Stepping 10, GenuineIntel
TMP=C:\Users\User\AppData\Local\Temp
TEMP=C:\Users\User\AppData\Local\Temp




---------------  S Y S T E M  ---------------

OS:
 Windows 11 , 64 bit Build 22621 (10.0.22621.3085)
OS uptime: 0 days 2:57 hours

CPU: total 8 (initial active 8) (4 cores per cpu, 2 threads per core) family 6 model 142 stepping 10 microcode 0xea, cx8, cmov, fxsr, ht, mmx, 3dnowpref, sse, sse2, sse3, ssse3, sse4.1, sse4.2, popcnt, lzcnt, tsc, tscinvbit, avx, avx2, aes, erms, clmul, bmi1, bmi2, adx, fma, vzeroupper, clflush, clflushopt, rdtscp, f16c

Memory: 4k page, system-wide physical 8101M (1911M free)
TotalPageFile size 24485M (AvailPageFile size 15326M)
current process WorkingSet (physical memory assigned to process): 270M, peak: 296M
current process commit charge ("private bytes"): 324M, peak: 351M

vm_info: Java HotSpot(TM) 64-Bit Server VM (20+36-2344) for windows-amd64 JRE (20+36-2344), built on 2023-02-10T19:30:15Z by "mach5one" with MS VC++ 17.1 (VS2022)

END.
