#
# A fatal error has been detected by the Java Runtime Environment:
#
#  EXCEPTION_ACCESS_VIOLATION (0xc0000005) at pc=0x0000027cc4be34af, pid=3468, tid=15528
#
# JRE version: Java(TM) SE Runtime Environment (20.0+36) (build 20+36-2344)
# Java VM: Java HotSpot(TM) 64-Bit Server VM (20+36-2344, mixed mode, emulated-client, sharing, tiered, compressed oops, compressed class ptrs, g1 gc, windows-amd64)
# Problematic frame:
# v  ~BufferBlob::MethodHandles adapters 0x0000027cc4be34af
#
# No core dump will be written. Minidumps are not enabled by default on client versions of Windows
#
# If you would like to submit a bug report, please visit:
#   https://bugreport.java.com/bugreport/crash.jsp
#

---------------  S U M M A R Y ------------

Command Line: -XX:+ShowCodeDetailsInExceptionMessages -agentlib:jdwp=transport=dt_socket,suspend=y,address=localhost:61704 -Dcom.sun.management.jmxremote -Dcom.sun.management.jmxremote.port=61703 -Dcom.sun.management.jmxremote.authenticate=false -Dcom.sun.management.jmxremote.ssl=false -Djava.rmi.server.hostname=localhost -Dspring.jmx.enabled=true -Dmanagement.endpoints.jmx.exposure.include=* -Dspring.application.admin.enabled=true -XX:TieredStopAtLevel=1 -Dspring.boot.project.name=helpdesk -javaagent:C:\sts-4.20.0.RELEASE\configuration\org.eclipse.osgi\262\0\.cp\lib\javaagent-shaded.jar -Dfile.encoding=UTF-8 -Dstdout.encoding=UTF-8 -Dstderr.encoding=UTF-8 com.Daniel.helpdesk.HelpdeskApplication --spring.output.ansi.enabled=always

Host: Intel(R) Core(TM) i5-8250U CPU @ 1.60GHz, 8 cores, 7G,  Windows 11 , 64 bit Build 22621 (10.0.22621.3085)
Time: Fri Feb 23 00:43:20 2024 Hora Padrão de Caracas elapsed time: 2557.733032 seconds (0d 0h 42m 37s)

---------------  T H R E A D  ---------------

Current thread (0x0000027cd4f2bb90):  JavaThread "restartedMain" [_thread_in_Java, id=15528, stack(0x000000ee0f600000,0x000000ee0f700000)]

Stack: [0x000000ee0f600000,0x000000ee0f700000],  sp=0x000000ee0f6fdeb8,  free space=1015k
Native frames: (J=compiled Java code, j=interpreted, Vv=VM code, C=native code)
C  0x0000027cc4be34af


siginfo: EXCEPTION_ACCESS_VIOLATION (0xc0000005), reading address 0xffffffffffffffff


Registers:
RAX=0x0000027cc4bae6ca, RBX=0x84b6d42800000000, RCX=0x000000ee0f6fdec0, RDX=0x0000000000000002
RSP=0x000000ee0f6fdeb8, RBP=0x000000ee0f6fdf08, RSI=0x0000027cd51f9028, RDI=0x0000027cd4dc5110
R8 =0x0000000000000004, R9 =0x0000000000000004, R10=0x00007ffe9d7c6a60, R11=0x00000008000b8e90
R12=0x0000000000000000, R13=0x000000ee0f6fdeb8, R14=0x000000ee0f6fdf28, R15=0x0000027cd4f2bb90
RIP=0x0000027cc4be34af, EFLAGS=0x0000000000010246


Register to memory mapping:

RIP=0x0000027cc4be34af is at begin+71 in a stub
MethodHandle::interpreter_entry::_linkToSpecial [0x0000027cc4be3468, 0x0000027cc4be34b7] (79 bytes)
RAX=0x0000027cc4bae6ca is at code_begin+3018 in an Interpreter codelet
return entry points  [0x0000027cc4badb00, 0x0000027cc4baf888]  7560 bytes
RBX=0x84b6d42800000000 is an unknown value
RCX=0x000000ee0f6fdec0 is pointing into the stack for thread: 0x0000027cd4f2bb90
RDX=0x0000000000000002 is an unknown value
RSP=0x000000ee0f6fdeb8 is pointing into the stack for thread: 0x0000027cd4f2bb90
RBP=0x000000ee0f6fdf08 is pointing into the stack for thread: 0x0000027cd4f2bb90
RSI=0x0000027cd51f9028 points into unknown readable memory: 0x88001a00ba7a63c6 | c6 63 7a ba 00 1a 00 88
RDI=0x0000027cd4dc5110 points into unknown readable memory: 0x0000001800000070 | 70 00 00 00 18 00 00 00
R8 =0x0000000000000004 is an unknown value
R9 =0x0000000000000004 is an unknown value
R10=0x00007ffe9d7c6a60 jvm.dll
R11={method} {0x00000008000b8e98} 'newInvokeSpecial' '(Ljava/lang/Object;)Ljava/lang/Object;' in 'java/lang/invoke/DirectMethodHandle$Holder'
R12=0x0 is NULL
R13=0x000000ee0f6fdeb8 is pointing into the stack for thread: 0x0000027cd4f2bb90
R14=0x000000ee0f6fdf28 is pointing into the stack for thread: 0x0000027cd4f2bb90
R15=0x0000027cd4f2bb90 is a thread


Top of Stack: (sp=0x000000ee0f6fdeb8)
0x000000ee0f6fdeb8:   0000027cc4bae6ca 000000ee0f6fdec0
0x000000ee0f6fdec8:   0000000800722977 000000ee0f6fdf28
0x000000ee0f6fded8:   00000008000b4350 000000ee0f6fef38
0x000000ee0f6fdee8:   0000000081a544b0 00000008000b8e90
0x000000ee0f6fdef8:   000000ee0f6fdeb8 000000ee0f6fdf30
0x000000ee0f6fdf08:   000000ee0f6fef38 0000027cc4fbd1f5
0x000000ee0f6fdf18:   0000000084b6d330 0000000084b6d3d8
0x000000ee0f6fdf28:   0000000084b6d390 0000000084b6d140
0x000000ee0f6fdf38:   00007ffe9d177cce 000000ee0f6fef38
0x000000ee0f6fdf48:   0000027cc54d596c 0000027cd389ad60
0x000000ee0f6fdf58:   0000027cd4867680 0000000000000000
0x000000ee0f6fdf68:   00007ffe9d1777f1 0000027cd1e34c30
0x000000ee0f6fdf78:   00007ffec60f2b68 0000027cd5225cc0
0x000000ee0f6fdf88:   0000027cd4867680 0000027cd1e34c30
0x000000ee0f6fdf98:   00007ffe9d158ade 0000027cd4f2bb90
0x000000ee0f6fdfa8:   0000000081a525a0 0000000083416d10
0x000000ee0f6fdfb8:   0000000084b6cff8 0000000084b6cff8
0x000000ee0f6fdfc8:   0000000084b6d140 0000000084b6d3c0
0x000000ee0f6fdfd8:   0000000084b6d198 0000000083416d10
0x000000ee0f6fdfe8:   0000000000000001 000000ee0f6fef38
0x000000ee0f6fdff8:   0000000000000000 0000000000000000
0x000000ee0f6fe008:   0000000000000000 0000000084b6d390
0x000000ee0f6fe018:   0000027cc4fbff3c 0000000000000000
0x000000ee0f6fe028:   0000000000000000 0000000000000000
0x000000ee0f6fe038:   0000027cbb30b000 0000027cd4f2bb90
0x000000ee0f6fe048:   0000000000000000 0000000084b6d140
0x000000ee0f6fe058:   0000000000000000 0000000084b6cff8
0x000000ee0f6fe068:   0000000084b6d3c0 0000000084b6d140
0x000000ee0f6fe078:   0000000000000000 00000000834fe000
0x000000ee0f6fe088:   0000027cc4fbc87c 000000ee0f6fef38
0x000000ee0f6fe098:   0000027cc4fb3994 0000000000000000
0x000000ee0f6fe0a8:   0000027cc4f23909 000000ee0f6fef38 

Instructions: (pc=0x0000027cc4be34af)
0x0000027cc4be33af:   8b 5b 28 8b 5b 24 48 8b 5b 10 48 85 db 0f 84 10
0x0000027cc4be33bf:   00 00 00 41 80 bf 08 05 00 00 00 74 03 ff 63 38
0x0000027cc4be33cf:   ff 63 50 e9 a9 16 00 00 66 0f 1f 84 00 00 00 00
0x0000027cc4be33df:   00 48 8b 53 08 0f b7 52 2c 48 8b 0c d4 58 5b 50
0x0000027cc4be33ef:   44 8b 51 08 49 bb 00 00 00 00 08 00 00 00 4d 03
0x0000027cc4be33ff:   d3 4c 8b 5b 10 4b 8b 9c da c0 01 00 00 48 85 db
0x0000027cc4be340f:   0f 84 10 00 00 00 41 80 bf 08 05 00 00 00 74 03
0x0000027cc4be341f:   ff 63 38 ff 63 50 e9 56 16 00 00 66 66 66 0f 1f
0x0000027cc4be342f:   84 00 00 00 00 00 66 66 66 90 0f 1f 80 00 00 00
0x0000027cc4be343f:   00 58 5b 50 8b 5b 24 48 8b 5b 10 48 85 db 0f 84
0x0000027cc4be344f:   10 00 00 00 41 80 bf 08 05 00 00 00 74 03 ff 63
0x0000027cc4be345f:   38 ff 63 50 e9 18 16 00 00 66 66 66 0f 1f 84 00
0x0000027cc4be346f:   00 00 00 00 66 66 66 90 66 0f 1f 84 00 00 00 00
0x0000027cc4be347f:   00 48 8b 53 08 0f b7 52 2c 48 8b 0c d4 58 5b 50
0x0000027cc4be348f:   48 3b 01 8b 5b 24 48 8b 5b 10 48 85 db 0f 84 10
0x0000027cc4be349f:   00 00 00 41 80 bf 08 05 00 00 00 74 03 ff 63 38
0x0000027cc4be34af:   ff 63 50 e9 c9 15 00 00 66 0f 1f 84 00 00 00 00
0x0000027cc4be34bf:   00 48 8b 53 08 0f b7 52 2c 48 8b 0c d4 58 5b 50
0x0000027cc4be34cf:   44 8b 51 08 49 bb 00 00 00 00 08 00 00 00 4d 03
0x0000027cc4be34df:   d3 8b 43 18 48 8b 40 10 48 8b 5b 10 45 8b 9a a0
0x0000027cc4be34ef:   00 00 00 4f 8d 9c da c0 01 00 00 4d 8d 14 da 49
0x0000027cc4be34ff:   8b 1b 48 3b c3 74 15 48 85 db 0f 84 32 00 00 00
0x0000027cc4be350f:   49 83 c3 10 49 8b 1b 48 3b c3 75 eb 45 8b 5b 08
0x0000027cc4be351f:   4b 8b 1c 1a 48 85 db 0f 84 10 00 00 00 41 80 bf
0x0000027cc4be352f:   08 05 00 00 00 74 03 ff 63 38 ff 63 50 e9 3f 15
0x0000027cc4be353f:   00 00 e9 3a 12 00 00 f4 00 00 00 00 00 00 00 00
0x0000027cc4be354f:   00 00 00 00 00 00 00 00 00 00 00 00 00 00 00 00
0x0000027cc4be355f:   00 00 00 00 00 00 00 00 00 00 00 00 00 00 00 00
0x0000027cc4be356f:   00 00 00 00 00 00 00 00 00 00 00 00 00 00 00 00
0x0000027cc4be357f:   00 00 00 00 00 00 00 00 00 00 00 00 00 00 00 00
0x0000027cc4be358f:   00 00 00 00 00 00 00 00 00 00 00 00 00 00 00 00
0x0000027cc4be359f:   00 00 00 00 00 00 00 00 00 00 00 00 00 00 00 00 


Stack slot to memory mapping:
stack at sp + 0 slots: 0x0000027cc4bae6ca is at code_begin+3018 in an Interpreter codelet
return entry points  [0x0000027cc4badb00, 0x0000027cc4baf888]  7560 bytes
stack at sp + 1 slots: 0x000000ee0f6fdec0 is pointing into the stack for thread: 0x0000027cd4f2bb90
stack at sp + 2 slots: 0x0000000800722977 is pointing into metadata
stack at sp + 3 slots: 0x000000ee0f6fdf28 is pointing into the stack for thread: 0x0000027cd4f2bb90
stack at sp + 4 slots: 0x00000008000b4350 is pointing into metadata
stack at sp + 5 slots: 0x000000ee0f6fef38 is pointing into the stack for thread: 0x0000027cd4f2bb90
stack at sp + 6 slots: 0x0000000081a544b0 is an oop: java.lang.Class 
{0x0000000081a544b0} - klass: 'java/lang/Class'
 - ---- fields (total size 14 words):
 - private volatile transient 'classRedefinedCount' 'I' @12  0 (0x00000000)
 - abstract internal 'klass' 'J' @16  34360475432 (0x00000008000b3f28)
 - abstract internal 'array_klass' 'J' @24  0 (0x0000000000000000)
 - abstract internal 'oop_size' 'I' @32  14 (0x0000000e)
 - abstract internal 'static_oop_field_count' 'I' @36  0 (0x00000000)
 - private volatile transient 'cachedConstructor' 'Ljava/lang/reflect/Constructor;' @40  NULL (0x00000000)
 - private transient 'name' 'Ljava/lang/String;' @44  NULL (0x00000000)
 - private transient 'module' 'Ljava/lang/Module;' @48  a 'java/lang/Module'{0x0000000081a45be8} (0x81a45be8)
 - private final 'classLoader' 'Ljava/lang/ClassLoader;' @52  NULL (0x00000000)
 - private transient 'classData' 'Ljava/lang/Object;' @56  NULL (0x00000000)
 - private transient 'packageName' 'Ljava/lang/String;' @60  NULL (0x00000000)
 - private final 'componentType' 'Ljava/lang/Class;' @64  NULL (0x00000000)
 - private volatile transient 'reflectionData' 'Ljava/lang/ref/SoftReference;' @68  NULL (0x00000000)
 - private volatile transient 'genericInfo' 'Lsun/reflect/generics/repository/ClassRepository;' @72  NULL (0x00000000)
 - private volatile transient 'enumConstants' '[Ljava/lang/Object;' @76  NULL (0x00000000)
 - private volatile transient 'enumConstantDirectory' 'Ljava/util/Map;' @80  NULL (0x00000000)
 - private volatile transient 'annotationData' 'Ljava/lang/Class$AnnotationData;' @84  NULL (0x00000000)
 - private volatile transient 'annotationType' 'Lsun/reflect/annotation/AnnotationType;' @88  NULL (0x00000000)
 - transient 'classValueMap' 'Ljava/lang/ClassValue$ClassValueMap;' @92  NULL (0x00000000)
 - abstract internal 'protection_domain' 'Ljava/lang/Object;' @96  NULL (0x00000000)
 - abstract internal 'signers_name' 'Ljava/lang/Object;' @100  NULL (0x00000000)
 - abstract internal 'source_file' 'Ljava/lang/Object;' @104  NULL (0x00000000)
 - signature: Ljava/lang/invoke/DirectMethodHandle$Holder;
 - ---- static fields (0):
stack at sp + 7 slots: {method} {0x00000008000b8e98} 'newInvokeSpecial' '(Ljava/lang/Object;)Ljava/lang/Object;' in 'java/lang/invoke/DirectMethodHandle$Holder'

MethodHandle::interpreter_entry::_linkToSpecial [0x0000027cc4be3468, 0x0000027cc4be34b7] (79 bytes)
[MachCode]
  0x0000027cc4be3468: 6666 660f | 1f84 0000 | 0000 0066 | 6666 9066 | 0f1f 8400 | 0000 0000 | 488b 5308 | 0fb7 522c 
  0x0000027cc4be3488: 488b 0cd4 | 585b 5048 | 3b01 8b5b | 2448 8b5b | 1048 85db | 0f84 1000 | 0000 4180 | bf08 0500 
  0x0000027cc4be34a8: 0000 7403 | ff63 38ff | 6350 e9c9 | 
[/MachCode]

---------------  P R O C E S S  ---------------

Threads class SMR info:
_java_thread_list=0x0000027cd52f1c90, length=28, elements={
0x0000027ccdb0ec10, 0x0000027ccdb0fa10, 0x0000027ccdb14010, 0x0000027ccdb14e10,
0x0000027ccdb17360, 0x0000027ccdb224a0, 0x0000027ccdb27710, 0x0000027ccdb214b0,
0x0000027cd1e854c0, 0x0000027cd1e88250, 0x0000027cd1e8ab40, 0x0000027ccdb20a10,
0x0000027ccdb20f60, 0x0000027ccdb1f4d0, 0x0000027ccdb1fa20, 0x0000027ccdb204c0,
0x0000027ccdb21f50, 0x0000027cd2f8af10, 0x0000027cd2f8bf00, 0x0000027cd4f2c0e0,
0x0000027cd2f8b460, 0x0000027cd4f2f600, 0x0000027cd4f2d620, 0x0000027cd4f2bb90,
0x0000027cd4f2b0f0, 0x0000027cd4f315e0, 0x0000027cd4f2cb80, 0x0000027cd4f325d0
}

Java Threads: ( => current thread )
  0x0000027ccdb0ec10 JavaThread "Reference Handler" daemon [_thread_blocked, id=12516, stack(0x000000ee0fe00000,0x000000ee0ff00000)]
  0x0000027ccdb0fa10 JavaThread "Finalizer" daemon [_thread_blocked, id=4240, stack(0x000000ee0ff00000,0x000000ee10000000)]
  0x0000027ccdb14010 JavaThread "Signal Dispatcher" daemon [_thread_blocked, id=17604, stack(0x000000ee10000000,0x000000ee10100000)]
  0x0000027ccdb14e10 JavaThread "Attach Listener" daemon [_thread_blocked, id=12888, stack(0x000000ee10100000,0x000000ee10200000)]
  0x0000027ccdb17360 JavaThread "Service Thread" daemon [_thread_blocked, id=18224, stack(0x000000ee10200000,0x000000ee10300000)]
  0x0000027ccdb224a0 JavaThread "Monitor Deflation Thread" daemon [_thread_blocked, id=9864, stack(0x000000ee10300000,0x000000ee10400000)]
  0x0000027ccdb27710 JavaThread "C1 CompilerThread0" daemon [_thread_blocked, id=13076, stack(0x000000ee10400000,0x000000ee10500000)]
  0x0000027ccdb214b0 JavaThread "Common-Cleaner" daemon [_thread_blocked, id=10896, stack(0x000000ee10500000,0x000000ee10600000)]
  0x0000027cd1e854c0 JavaThread "JDWP Transport Listener: dt_socket" daemon [_thread_blocked, id=6472, stack(0x000000ee10900000,0x000000ee10a00000)]
  0x0000027cd1e88250 JavaThread "JDWP Event Helper Thread" daemon [_thread_blocked, id=17036, stack(0x000000ee10a00000,0x000000ee10b00000)]
  0x0000027cd1e8ab40 JavaThread "JDWP Command Reader" daemon [_thread_blocked, id=15880, stack(0x000000ee10b00000,0x000000ee10c00000)]
  0x0000027ccdb20a10 JavaThread "Notification Thread" daemon [_thread_blocked, id=13652, stack(0x000000ee10c00000,0x000000ee10d00000)]
  0x0000027ccdb20f60 JavaThread "RMI TCP Accept-0" daemon [_thread_in_native, id=14708, stack(0x000000ee10d00000,0x000000ee10e00000)]
  0x0000027ccdb1f4d0 JavaThread "RMI TCP Accept-61703" daemon [_thread_in_native, id=12276, stack(0x000000ee10e00000,0x000000ee10f00000)]
  0x0000027ccdb1fa20 JavaThread "RMI TCP Accept-0" daemon [_thread_in_native, id=14784, stack(0x000000ee10f00000,0x000000ee11000000)]
  0x0000027ccdb204c0 JavaThread "RMI Scheduler(0)" daemon [_thread_blocked, id=15612, stack(0x000000ee11900000,0x000000ee11a00000)]
  0x0000027ccdb21f50 JavaThread "JMX server connection timeout 38" daemon [_thread_blocked, id=3484, stack(0x000000ee11b00000,0x000000ee11c00000)]
  0x0000027cd2f8af10 JavaThread "mysql-cj-abandoned-connection-cleanup" daemon [_thread_blocked, id=13344, stack(0x000000ee11e00000,0x000000ee11f00000)]
  0x0000027cd2f8bf00 JavaThread "Live Reload Server" daemon [_thread_in_native, id=1868, stack(0x000000ee12700000,0x000000ee12800000)]
  0x0000027cd4f2c0e0 JavaThread "DestroyJavaVM" [_thread_blocked, id=10324, stack(0x000000ee0f700000,0x000000ee0f800000)]
  0x0000027cd2f8b460 JavaThread "File Watcher" daemon [_thread_blocked, id=6740, stack(0x000000ee10600000,0x000000ee10700000)]
  0x0000027cd4f2f600 JavaThread "RMI TCP Connection(idle)" daemon [_thread_blocked, id=19236, stack(0x000000ee12e00000,0x000000ee12f00000)]
  0x0000027cd4f2d620 JavaThread "Thread-55" [_thread_blocked, id=16880, stack(0x000000ee0f400000,0x000000ee0f500000)]
=>0x0000027cd4f2bb90 JavaThread "restartedMain" [_thread_in_Java, id=15528, stack(0x000000ee0f600000,0x000000ee0f700000)]
  0x0000027cd4f2b0f0 JavaThread "HikariPool-15 housekeeper" daemon [_thread_blocked, id=7536, stack(0x000000ee10700000,0x000000ee10800000)]
  0x0000027cd4f315e0 JavaThread "Catalina-utility-1" [_thread_blocked, id=7548, stack(0x000000ee10800000,0x000000ee10900000)]
  0x0000027cd4f2cb80 JavaThread "Catalina-utility-2" [_thread_blocked, id=11964, stack(0x000000ee11800000,0x000000ee11900000)]
  0x0000027cd4f325d0 JavaThread "container-1" [_thread_blocked, id=1936, stack(0x000000ee11a00000,0x000000ee11b00000)]

Other Threads:
  0x0000027ccdaf05c0 VMThread "VM Thread" [stack: 0x000000ee0fd00000,0x000000ee0fe00000] [id=14916] _threads_hazard_ptr=0x0000027cd52f1c90
  0x0000027cd2818ae0 WatcherThread "VM Periodic Task Thread" [stack: 0x000000ee11000000,0x000000ee11100000] [id=9004]
  0x0000027cbb37c560 WorkerThread "GC Thread#0" [stack: 0x000000ee0f800000,0x000000ee0f900000] [id=10404]
  0x0000027cd28884d0 WorkerThread "GC Thread#1" [stack: 0x000000ee11100000,0x000000ee11200000] [id=12792]
  0x0000027cd28887a0 WorkerThread "GC Thread#2" [stack: 0x000000ee11200000,0x000000ee11300000] [id=19044]
  0x0000027cd2887440 WorkerThread "GC Thread#3" [stack: 0x000000ee11300000,0x000000ee11400000] [id=17472]
  0x0000027cd28a2130 WorkerThread "GC Thread#4" [stack: 0x000000ee11400000,0x000000ee11500000] [id=19224]
  0x0000027cd28a2400 WorkerThread "GC Thread#5" [stack: 0x000000ee11500000,0x000000ee11600000] [id=6580]
  0x0000027cd28a5ae0 WorkerThread "GC Thread#6" [stack: 0x000000ee11600000,0x000000ee11700000] [id=3220]
  0x0000027cd28a4fa0 WorkerThread "GC Thread#7" [stack: 0x000000ee11700000,0x000000ee11800000] [id=3480]
  0x0000027cbb38daf0 ConcurrentGCThread "G1 Main Marker" [stack: 0x000000ee0f900000,0x000000ee0fa00000] [id=14272]
  0x0000027cbb38e520 WorkerThread "G1 Conc#0" [stack: 0x000000ee0fa00000,0x000000ee0fb00000] [id=18124]
  0x0000027cd28a5db0 WorkerThread "G1 Conc#1" [stack: 0x000000ee11f00000,0x000000ee12000000] [id=17556]
  0x0000027cbb3ce450 ConcurrentGCThread "G1 Refine#0" [stack: 0x000000ee0fb00000,0x000000ee0fc00000] [id=8264]
  0x0000027ccd9a2160 ConcurrentGCThread "G1 Service" [stack: 0x000000ee0fc00000,0x000000ee0fd00000] [id=18876]

Threads with active compile tasks:

VM state: synchronizing (normal execution)

VM Mutex/Monitor currently owned by a thread:  ([mutex/lock_event])
[0x0000027cbb31b120] Threads_lock - owner thread: 0x0000027ccdaf05c0

Heap address: 0x0000000081600000, size: 2026 MB, Compressed Oops mode: 32-bit

CDS archive(s) mapped at: [0x0000000800000000-0x0000000800c60000-0x0000000800c60000), size 12976128, SharedBaseAddress: 0x0000000800000000, ArchiveRelocationMode: 0.
Compressed class space mapped at: 0x0000000801000000-0x0000000841000000, reserved size: 1073741824
Narrow klass base: 0x0000000800000000, Narrow klass shift: 0, Narrow klass range: 0x100000000

GC Precious Log:
 CardTable entry size: 512
 Card Set container configuration: InlinePtr #cards 5 size 8 Array Of Cards #cards 12 size 40 Howl #buckets 4 coarsen threshold 1843 Howl Bitmap #cards 512 size 80 coarsen threshold 460 Card regions per heap region 1 cards per card region 2048
 CPUs: 8 total, 8 available
 Memory: 8101M
 Large Page Support: Disabled
 NUMA Support: Disabled
 Compressed Oops: Enabled (32-bit)
 Heap Region Size: 1M
 Heap Min Capacity: 8M
 Heap Initial Capacity: 128M
 Heap Max Capacity: 2026M
 Pre-touch: Disabled
 Parallel Workers: 8
 Concurrent Workers: 2
 Concurrent Refinement Workers: 8
 Periodic GC: Disabled

Heap:
 garbage-first heap   total 81920K, used 58115K [0x0000000081600000, 0x0000000100000000)
  region size 1024K, 37 young (37888K), 6 survivors (6144K)
 Metaspace       used 74303K, committed 76544K, reserved 1179648K
  class space    used 10277K, committed 10944K, reserved 1048576K

Heap Regions: E=young(eden), S=young(survivor), O=old, HS=humongous(starts), HC=humongous(continues), CS=collection set, F=free, OA=open archive, CA=closed archive, TAMS=top-at-mark-start, PB=parsable bottom
|   0|0x0000000081600000, 0x0000000081700000, 0x0000000081700000|100%|HS|  |TAMS 0x0000000081600000| PB 0x0000000081600000| Complete 
|   1|0x0000000081700000, 0x00000000817ffff0, 0x0000000081800000| 99%| O|  |TAMS 0x0000000081700000| PB 0x0000000081700000| Untracked 
|   2|0x0000000081800000, 0x0000000081900000, 0x0000000081900000|100%| O|  |TAMS 0x0000000081800000| PB 0x0000000081800000| Untracked 
|   3|0x0000000081900000, 0x0000000081a00000, 0x0000000081a00000|100%| O|  |TAMS 0x0000000081900000| PB 0x0000000081900000| Untracked 
|   4|0x0000000081a00000, 0x0000000081b00000, 0x0000000081b00000|100%| O|  |TAMS 0x0000000081a00000| PB 0x0000000081a00000| Untracked 
|   5|0x0000000081b00000, 0x0000000081c00000, 0x0000000081c00000|100%| O|  |TAMS 0x0000000081b00000| PB 0x0000000081b00000| Untracked 
|   6|0x0000000081c00000, 0x0000000081cffff0, 0x0000000081d00000| 99%| O|  |TAMS 0x0000000081c00000| PB 0x0000000081c00000| Untracked 
|   7|0x0000000081d00000, 0x0000000081dfffa0, 0x0000000081e00000| 99%| O|  |TAMS 0x0000000081d00000| PB 0x0000000081d00000| Untracked 
|   8|0x0000000081e00000, 0x0000000081efffe0, 0x0000000081f00000| 99%| O|  |TAMS 0x0000000081e00000| PB 0x0000000081e00000| Untracked 
|   9|0x0000000081f00000, 0x0000000081ffffe8, 0x0000000082000000| 99%| O|  |TAMS 0x0000000081f00000| PB 0x0000000081f00000| Untracked 
|  10|0x0000000082000000, 0x00000000820fff98, 0x0000000082100000| 99%| O|  |TAMS 0x0000000082000000| PB 0x0000000082000000| Untracked 
|  11|0x0000000082100000, 0x00000000821fffe8, 0x0000000082200000| 99%| O|  |TAMS 0x0000000082100000| PB 0x0000000082100000| Untracked 
|  12|0x0000000082200000, 0x0000000082300000, 0x0000000082300000|100%| O|  |TAMS 0x0000000082200000| PB 0x0000000082200000| Untracked 
|  13|0x0000000082300000, 0x0000000082400000, 0x0000000082400000|100%| O|  |TAMS 0x0000000082300000| PB 0x0000000082300000| Untracked 
|  14|0x0000000082400000, 0x00000000824ffff0, 0x0000000082500000| 99%| O|  |TAMS 0x0000000082400000| PB 0x0000000082400000| Untracked 
|  15|0x0000000082500000, 0x00000000825ffff8, 0x0000000082600000| 99%| O|  |TAMS 0x0000000082500000| PB 0x0000000082500000| Untracked 
|  16|0x0000000082600000, 0x00000000826fffe8, 0x0000000082700000| 99%| O|  |TAMS 0x0000000082600000| PB 0x0000000082600000| Untracked 
|  17|0x0000000082700000, 0x0000000082800000, 0x0000000082800000|100%| O|  |TAMS 0x0000000082700000| PB 0x0000000082700000| Untracked 
|  18|0x0000000082800000, 0x0000000082900000, 0x0000000082900000|100%| O|  |TAMS 0x0000000082800000| PB 0x0000000082800000| Untracked 
|  19|0x0000000082900000, 0x000000008294df48, 0x0000000082a00000| 30%| O|  |TAMS 0x0000000082900000| PB 0x0000000082900000| Untracked 
|  20|0x0000000082a00000, 0x0000000082ab4bd0, 0x0000000082b00000| 70%| O|  |TAMS 0x0000000082a00000| PB 0x0000000082a00000| Untracked 
|  21|0x0000000082b00000, 0x0000000082b8d2d8, 0x0000000082c00000| 55%| O|  |TAMS 0x0000000082b00000| PB 0x0000000082b00000| Untracked 
|  22|0x0000000082c00000, 0x0000000082c81f40, 0x0000000082d00000| 50%| O|  |TAMS 0x0000000082c00000| PB 0x0000000082c00000| Untracked 
|  23|0x0000000082d00000, 0x0000000082d38000, 0x0000000082e00000| 21%| O|  |TAMS 0x0000000082d00000| PB 0x0000000082d00000| Complete 
|  24|0x0000000082e00000, 0x0000000082e00000, 0x0000000082f00000|  0%| F|  |TAMS 0x0000000082e00000| PB 0x0000000082e00000| Untracked 
|  25|0x0000000082f00000, 0x0000000082f00000, 0x0000000083000000|  0%| F|  |TAMS 0x0000000082f00000| PB 0x0000000082f00000| Untracked 
|  26|0x0000000083000000, 0x0000000083000000, 0x0000000083100000|  0%| F|  |TAMS 0x0000000083000000| PB 0x0000000083000000| Untracked 
|  27|0x0000000083100000, 0x0000000083100000, 0x0000000083200000|  0%| F|  |TAMS 0x0000000083100000| PB 0x0000000083100000| Untracked 
|  28|0x0000000083200000, 0x00000000832773d0, 0x0000000083300000| 46%| S|CS|TAMS 0x0000000083200000| PB 0x0000000083200000| Complete 
|  29|0x0000000083300000, 0x0000000083400000, 0x0000000083400000|100%| S|CS|TAMS 0x0000000083300000| PB 0x0000000083300000| Complete 
|  30|0x0000000083400000, 0x0000000083500000, 0x0000000083500000|100%| S|CS|TAMS 0x0000000083400000| PB 0x0000000083400000| Complete 
|  31|0x0000000083500000, 0x0000000083600000, 0x0000000083600000|100%| S|CS|TAMS 0x0000000083500000| PB 0x0000000083500000| Complete 
|  32|0x0000000083600000, 0x0000000083700000, 0x0000000083700000|100%| S|CS|TAMS 0x0000000083600000| PB 0x0000000083600000| Complete 
|  33|0x0000000083700000, 0x0000000083800000, 0x0000000083800000|100%| S|CS|TAMS 0x0000000083700000| PB 0x0000000083700000| Complete 
|  34|0x0000000083800000, 0x0000000083800000, 0x0000000083900000|  0%| F|  |TAMS 0x0000000083800000| PB 0x0000000083800000| Untracked 
|  35|0x0000000083900000, 0x0000000083900000, 0x0000000083a00000|  0%| F|  |TAMS 0x0000000083900000| PB 0x0000000083900000| Untracked 
|  36|0x0000000083a00000, 0x0000000083a00000, 0x0000000083b00000|  0%| F|  |TAMS 0x0000000083a00000| PB 0x0000000083a00000| Untracked 
|  37|0x0000000083b00000, 0x0000000083b00000, 0x0000000083c00000|  0%| F|  |TAMS 0x0000000083b00000| PB 0x0000000083b00000| Untracked 
|  38|0x0000000083c00000, 0x0000000083c00000, 0x0000000083d00000|  0%| F|  |TAMS 0x0000000083c00000| PB 0x0000000083c00000| Untracked 
|  39|0x0000000083d00000, 0x0000000083d00000, 0x0000000083e00000|  0%| F|  |TAMS 0x0000000083d00000| PB 0x0000000083d00000| Untracked 
|  40|0x0000000083e00000, 0x0000000083e00000, 0x0000000083f00000|  0%| F|  |TAMS 0x0000000083e00000| PB 0x0000000083e00000| Untracked 
|  41|0x0000000083f00000, 0x0000000083f00000, 0x0000000084000000|  0%| F|  |TAMS 0x0000000083f00000| PB 0x0000000083f00000| Untracked 
|  42|0x0000000084000000, 0x0000000084000000, 0x0000000084100000|  0%| F|  |TAMS 0x0000000084000000| PB 0x0000000084000000| Untracked 
|  43|0x0000000084100000, 0x0000000084100000, 0x0000000084200000|  0%| F|  |TAMS 0x0000000084100000| PB 0x0000000084100000| Untracked 
|  44|0x0000000084200000, 0x0000000084200000, 0x0000000084300000|  0%| F|  |TAMS 0x0000000084200000| PB 0x0000000084200000| Untracked 
|  45|0x0000000084300000, 0x0000000084300000, 0x0000000084400000|  0%| F|  |TAMS 0x0000000084300000| PB 0x0000000084300000| Untracked 
|  46|0x0000000084400000, 0x0000000084400000, 0x0000000084500000|  0%| F|  |TAMS 0x0000000084400000| PB 0x0000000084400000| Untracked 
|  47|0x0000000084500000, 0x0000000084500000, 0x0000000084600000|  0%| F|  |TAMS 0x0000000084500000| PB 0x0000000084500000| Untracked 
|  48|0x0000000084600000, 0x0000000084600000, 0x0000000084700000|  0%| F|  |TAMS 0x0000000084600000| PB 0x0000000084600000| Untracked 
|  49|0x0000000084700000, 0x00000000847cb0c0, 0x0000000084800000| 79%| E|  |TAMS 0x0000000084700000| PB 0x0000000084700000| Complete 
|  50|0x0000000084800000, 0x0000000084900000, 0x0000000084900000|100%| E|CS|TAMS 0x0000000084800000| PB 0x0000000084800000| Complete 
|  51|0x0000000084900000, 0x0000000084a00000, 0x0000000084a00000|100%| E|CS|TAMS 0x0000000084900000| PB 0x0000000084900000| Complete 
|  52|0x0000000084a00000, 0x0000000084b00000, 0x0000000084b00000|100%| E|CS|TAMS 0x0000000084a00000| PB 0x0000000084a00000| Complete 
|  53|0x0000000084b00000, 0x0000000084c00000, 0x0000000084c00000|100%| E|CS|TAMS 0x0000000084b00000| PB 0x0000000084b00000| Complete 
|  54|0x0000000084c00000, 0x0000000084d00000, 0x0000000084d00000|100%| E|CS|TAMS 0x0000000084c00000| PB 0x0000000084c00000| Complete 
|  55|0x0000000084d00000, 0x0000000084e00000, 0x0000000084e00000|100%| E|CS|TAMS 0x0000000084d00000| PB 0x0000000084d00000| Complete 
|  56|0x0000000084e00000, 0x0000000084f00000, 0x0000000084f00000|100%| E|CS|TAMS 0x0000000084e00000| PB 0x0000000084e00000| Complete 
|  57|0x0000000084f00000, 0x0000000085000000, 0x0000000085000000|100%| E|CS|TAMS 0x0000000084f00000| PB 0x0000000084f00000| Complete 
|  58|0x0000000085000000, 0x0000000085100000, 0x0000000085100000|100%| E|CS|TAMS 0x0000000085000000| PB 0x0000000085000000| Complete 
|  59|0x0000000085100000, 0x0000000085200000, 0x0000000085200000|100%| E|CS|TAMS 0x0000000085100000| PB 0x0000000085100000| Complete 
|  60|0x0000000085200000, 0x0000000085300000, 0x0000000085300000|100%| E|CS|TAMS 0x0000000085200000| PB 0x0000000085200000| Complete 
|  61|0x0000000085300000, 0x0000000085400000, 0x0000000085400000|100%| E|CS|TAMS 0x0000000085300000| PB 0x0000000085300000| Complete 
|  62|0x0000000085400000, 0x0000000085500000, 0x0000000085500000|100%| E|CS|TAMS 0x0000000085400000| PB 0x0000000085400000| Complete 
|  63|0x0000000085500000, 0x0000000085600000, 0x0000000085600000|100%| E|CS|TAMS 0x0000000085500000| PB 0x0000000085500000| Complete 
|  64|0x0000000085600000, 0x0000000085700000, 0x0000000085700000|100%| E|CS|TAMS 0x0000000085600000| PB 0x0000000085600000| Complete 
|  65|0x0000000085700000, 0x0000000085800000, 0x0000000085800000|100%| E|CS|TAMS 0x0000000085700000| PB 0x0000000085700000| Complete 
|  66|0x0000000085800000, 0x0000000085900000, 0x0000000085900000|100%| E|CS|TAMS 0x0000000085800000| PB 0x0000000085800000| Complete 
|  67|0x0000000085900000, 0x0000000085a00000, 0x0000000085a00000|100%| E|CS|TAMS 0x0000000085900000| PB 0x0000000085900000| Complete 
|  68|0x0000000085a00000, 0x0000000085b00000, 0x0000000085b00000|100%| E|CS|TAMS 0x0000000085a00000| PB 0x0000000085a00000| Complete 
|  69|0x0000000085b00000, 0x0000000085c00000, 0x0000000085c00000|100%| E|CS|TAMS 0x0000000085b00000| PB 0x0000000085b00000| Complete 
|  70|0x0000000085c00000, 0x0000000085d00000, 0x0000000085d00000|100%| E|CS|TAMS 0x0000000085c00000| PB 0x0000000085c00000| Complete 
|  71|0x0000000085d00000, 0x0000000085e00000, 0x0000000085e00000|100%| E|CS|TAMS 0x0000000085d00000| PB 0x0000000085d00000| Complete 
|  72|0x0000000085e00000, 0x0000000085f00000, 0x0000000085f00000|100%| E|CS|TAMS 0x0000000085e00000| PB 0x0000000085e00000| Complete 
|  73|0x0000000085f00000, 0x0000000086000000, 0x0000000086000000|100%| E|CS|TAMS 0x0000000085f00000| PB 0x0000000085f00000| Complete 
|  74|0x0000000086000000, 0x0000000086100000, 0x0000000086100000|100%| E|CS|TAMS 0x0000000086000000| PB 0x0000000086000000| Complete 
|  75|0x0000000086100000, 0x0000000086200000, 0x0000000086200000|100%| E|CS|TAMS 0x0000000086100000| PB 0x0000000086100000| Complete 
|  76|0x0000000086200000, 0x0000000086300000, 0x0000000086300000|100%| E|CS|TAMS 0x0000000086200000| PB 0x0000000086200000| Complete 
|  77|0x0000000086300000, 0x0000000086400000, 0x0000000086400000|100%| E|CS|TAMS 0x0000000086300000| PB 0x0000000086300000| Complete 
|  78|0x0000000086400000, 0x0000000086500000, 0x0000000086500000|100%| E|CS|TAMS 0x0000000086400000| PB 0x0000000086400000| Complete 
|  79|0x0000000086500000, 0x0000000086600000, 0x0000000086600000|100%| E|CS|TAMS 0x0000000086500000| PB 0x0000000086500000| Complete 

Card table byte_map: [0x0000027cc8880000,0x0000027cc8c80000] _byte_map_base: 0x0000027cc8475000

Marking Bits: (CMBitMap*) 0x0000027cbb37cb90
 Bits: [0x0000027cc9080000, 0x0000027ccb028000)

Polling page: 0x0000027cbb3d0000

Metaspace:

Usage:
  Non-class:     62.53 MB used.
      Class:     10.04 MB used.
       Both:     72.56 MB used.

Virtual space:
  Non-class space:      128.00 MB reserved,      64.06 MB ( 50%) committed,  2 nodes.
      Class space:        1.00 GB reserved,      10.69 MB (  1%) committed,  1 nodes.
             Both:        1.12 GB reserved,      74.75 MB (  6%) committed. 

Chunk freelists:
   Non-Class:  4.46 MB
       Class:  1.51 MB
        Both:  5.97 MB

MaxMetaspaceSize: unlimited
CompressedClassSpaceSize: 1.00 GB
Initial GC threshold: 21.00 MB
Current GC threshold: 126.56 MB
CDS: on
MetaspaceReclaimPolicy: balanced
 - commit_granule_bytes: 65536.
 - commit_granule_words: 8192.
 - virtual_space_node_default_size: 8388608.
 - enlarge_chunks_in_place: 1.
 - new_chunks_are_fully_committed: 0.
 - uncommit_free_chunks: 1.
 - use_allocation_guard: 0.


Internal statistics:

num_allocs_failed_limit: 6.
num_arena_births: 2132.
num_arena_deaths: 1214.
num_vsnodes_births: 3.
num_vsnodes_deaths: 0.
num_space_committed: 1225.
num_space_uncommitted: 19.
num_chunks_returned_to_freelist: 2150.
num_chunks_taken_from_freelist: 5962.
num_chunk_merges: 357.
num_chunk_splits: 3259.
num_chunks_enlarged: 2329.
num_inconsistent_stats: 0.

CodeCache: size=49152Kb used=20710Kb max_used=21831Kb free=28441Kb
 bounds [0x0000027cc4b90000, 0x0000027cc6130000, 0x0000027cc7b90000]
 total_blobs=10843 nmethods=10116 adapters=650
 compilation: enabled
              stopped_count=0, restarted_count=0
 full_count=0

Compilation events (20 events):
Event: 2457.966 Thread 0x0000027cd367dab0 14273   !   1       jdk.internal.loader.AbstractClassLoaderValue$Memoizer::get (175 bytes)
Event: 2457.967 Thread 0x0000027cd367dab0 nmethod 14273 0x0000027cc602fa10 code [0x0000027cc602fc40, 0x0000027cc60303f0]
Event: 2458.038 Thread 0x0000027cd367dab0 14274       1       java.lang.reflect.Proxy::getLoader (20 bytes)
Event: 2458.038 Thread 0x0000027cd36849f0 14275       1       java.lang.reflect.Proxy$$Lambda$37/0x000000080103f850::<init> (10 bytes)
Event: 2458.038 Thread 0x0000027ccdb27710 14276       1       java.lang.reflect.Proxy$$Lambda$37/0x000000080103f850::run (8 bytes)
Event: 2458.039 Thread 0x0000027cd36849f0 nmethod 14275 0x0000027cc59f9690 code [0x0000027cc59f9820, 0x0000027cc59f9938]
Event: 2458.039 Thread 0x0000027ccdb27710 nmethod 14276 0x0000027cc5b76090 code [0x0000027cc5b76200, 0x0000027cc5b762d0]
Event: 2458.039 Thread 0x0000027cd367dab0 nmethod 14274 0x0000027cc602f390 code [0x0000027cc602f560, 0x0000027cc602f7e0]
Event: 2458.089 Thread 0x0000027cd36849f0 14277   !   1       org.springframework.orm.jpa.EntityManagerFactoryUtils::doGetTransactionalEntityManager (291 bytes)
Event: 2458.092 Thread 0x0000027cd36849f0 nmethod 14277 0x0000027cc602d610 code [0x0000027cc602d9c0, 0x0000027cc602e8e8]
Event: 2458.119 Thread 0x0000027cd367dab0 14278       1       org.springframework.data.repository.util.ReactiveWrapperConverters::supports (22 bytes)
Event: 2458.119 Thread 0x0000027cd367dab0 nmethod 14278 0x0000027cc5b7f590 code [0x0000027cc5b7f700, 0x0000027cc5b7f7a8]
Event: 2458.121 Thread 0x0000027cd36849f0 14279       1       org.springframework.data.jpa.repository.query.AbstractJpaQuery::getQueryMethod (5 bytes)
Event: 2458.121 Thread 0x0000027cd36849f0 nmethod 14279 0x0000027cc5b94710 code [0x0000027cc5b94880, 0x0000027cc5b94948]
Event: 2461.407 Thread 0x0000027ccdb27710 14280       1       java.lang.ClassValue$ClassValueMap::findReplacement (177 bytes)
Event: 2461.409 Thread 0x0000027ccdb27710 nmethod 14280 0x0000027cc602ca90 code [0x0000027cc602cc40, 0x0000027cc602d1e8]
Event: 2497.623 Thread 0x0000027ccdb27710 14281       1       org.apache.catalina.webresources.AbstractFileResourceSet::gc (1 bytes)
Event: 2497.623 Thread 0x0000027ccdb27710 nmethod 14281 0x0000027cc5b99b10 code [0x0000027cc5b99c80, 0x0000027cc5b99d48]
Event: 2518.815 Thread 0x0000027ccdb27710 14282       1       java.io.DataInputStream::readInt (68 bytes)
Event: 2518.815 Thread 0x0000027ccdb27710 nmethod 14282 0x0000027cc602c510 code [0x0000027cc602c6e0, 0x0000027cc602c920]

GC Heap History (20 events):
Event: 1697.285 GC heap before
{Heap before GC invocations=65 (full 10):
 garbage-first heap   total 81920K, used 68798K [0x0000000081600000, 0x0000000100000000)
  region size 1024K, 42 young (43008K), 4 survivors (4096K)
 Metaspace       used 76308K, committed 77120K, reserved 1179648K
  class space    used 10466K, committed 10816K, reserved 1048576K
}
Event: 1697.293 GC heap after
{Heap after GC invocations=66 (full 10):
 garbage-first heap   total 81920K, used 32483K [0x0000000081600000, 0x0000000100000000)
  region size 1024K, 3 young (3072K), 3 survivors (3072K)
 Metaspace       used 76308K, committed 77120K, reserved 1179648K
  class space    used 10466K, committed 10816K, reserved 1048576K
}
Event: 1855.678 GC heap before
{Heap before GC invocations=66 (full 10):
 garbage-first heap   total 81920K, used 52963K [0x0000000081600000, 0x0000000100000000)
  region size 1024K, 25 young (25600K), 3 survivors (3072K)
 Metaspace       used 76489K, committed 77248K, reserved 1179648K
  class space    used 10485K, committed 10816K, reserved 1048576K
}
Event: 1855.774 GC heap after
{Heap after GC invocations=67 (full 11):
 garbage-first heap   total 81920K, used 26095K [0x0000000081600000, 0x0000000100000000)
  region size 1024K, 0 young (0K), 0 survivors (0K)
 Metaspace       used 76466K, committed 77248K, reserved 1179648K
  class space    used 10481K, committed 10816K, reserved 1048576K
}
Event: 1856.635 GC heap before
{Heap before GC invocations=67 (full 11):
 garbage-first heap   total 81920K, used 68079K [0x0000000081600000, 0x0000000100000000)
  region size 1024K, 42 young (43008K), 0 survivors (0K)
 Metaspace       used 76618K, committed 77440K, reserved 1179648K
  class space    used 10503K, committed 10880K, reserved 1048576K
}
Event: 1856.640 GC heap after
{Heap after GC invocations=68 (full 11):
 garbage-first heap   total 81920K, used 30191K [0x0000000081600000, 0x0000000100000000)
  region size 1024K, 4 young (4096K), 4 survivors (4096K)
 Metaspace       used 76618K, committed 77440K, reserved 1179648K
  class space    used 10503K, committed 10880K, reserved 1048576K
}
Event: 1857.180 GC heap before
{Heap before GC invocations=69 (full 11):
 garbage-first heap   total 81920K, used 69103K [0x0000000081600000, 0x0000000100000000)
  region size 1024K, 42 young (43008K), 4 survivors (4096K)
 Metaspace       used 76843K, committed 77632K, reserved 1179648K
  class space    used 10516K, committed 10880K, reserved 1048576K
}
Event: 1857.188 GC heap after
{Heap after GC invocations=70 (full 11):
 garbage-first heap   total 81920K, used 32780K [0x0000000081600000, 0x0000000100000000)
  region size 1024K, 3 young (3072K), 3 survivors (3072K)
 Metaspace       used 76843K, committed 77632K, reserved 1179648K
  class space    used 10516K, committed 10880K, reserved 1048576K
}
Event: 1917.185 GC heap before
{Heap before GC invocations=70 (full 11):
 garbage-first heap   total 81920K, used 43020K [0x0000000081600000, 0x0000000100000000)
  region size 1024K, 15 young (15360K), 3 survivors (3072K)
 Metaspace       used 76922K, committed 77760K, reserved 1179648K
  class space    used 10529K, committed 10880K, reserved 1048576K
}
Event: 1917.275 GC heap after
{Heap after GC invocations=71 (full 12):
 garbage-first heap   total 81920K, used 26186K [0x0000000081600000, 0x0000000100000000)
  region size 1024K, 0 young (0K), 0 survivors (0K)
 Metaspace       used 76880K, committed 77760K, reserved 1179648K
  class space    used 10522K, committed 10880K, reserved 1048576K
}
Event: 1918.165 GC heap before
{Heap before GC invocations=71 (full 12):
 garbage-first heap   total 81920K, used 68170K [0x0000000081600000, 0x0000000100000000)
  region size 1024K, 42 young (43008K), 0 survivors (0K)
 Metaspace       used 77030K, committed 77824K, reserved 1179648K
  class space    used 10544K, committed 10880K, reserved 1048576K
}
Event: 1918.171 GC heap after
{Heap after GC invocations=72 (full 12):
 garbage-first heap   total 81920K, used 30282K [0x0000000081600000, 0x0000000100000000)
  region size 1024K, 4 young (4096K), 4 survivors (4096K)
 Metaspace       used 77030K, committed 77824K, reserved 1179648K
  class space    used 10544K, committed 10880K, reserved 1048576K
}
Event: 1918.711 GC heap before
{Heap before GC invocations=73 (full 12):
 garbage-first heap   total 81920K, used 69194K [0x0000000081600000, 0x0000000100000000)
  region size 1024K, 42 young (43008K), 4 survivors (4096K)
 Metaspace       used 77262K, committed 78080K, reserved 1179648K
  class space    used 10558K, committed 10944K, reserved 1048576K
}
Event: 1918.719 GC heap after
{Heap after GC invocations=74 (full 12):
 garbage-first heap   total 81920K, used 33040K [0x0000000081600000, 0x0000000100000000)
  region size 1024K, 3 young (3072K), 3 survivors (3072K)
 Metaspace       used 77262K, committed 78080K, reserved 1179648K
  class space    used 10558K, committed 10944K, reserved 1048576K
}
Event: 2363.248 GC heap before
{Heap before GC invocations=74 (full 12):
 garbage-first heap   total 81920K, used 69904K [0x0000000081600000, 0x0000000100000000)
  region size 1024K, 39 young (39936K), 3 survivors (3072K)
 Metaspace       used 77321K, committed 78144K, reserved 1179648K
  class space    used 10567K, committed 10944K, reserved 1048576K
}
Event: 2363.253 GC heap after
{Heap after GC invocations=75 (full 12):
 garbage-first heap   total 81920K, used 33050K [0x0000000081600000, 0x0000000100000000)
  region size 1024K, 1 young (1024K), 1 survivors (1024K)
 Metaspace       used 77321K, committed 78144K, reserved 1179648K
  class space    used 10567K, committed 10944K, reserved 1048576K
}
Event: 2450.014 GC heap before
{Heap before GC invocations=75 (full 12):
 garbage-first heap   total 81920K, used 40218K [0x0000000081600000, 0x0000000100000000)
  region size 1024K, 9 young (9216K), 1 survivors (1024K)
 Metaspace       used 77324K, committed 78144K, reserved 1179648K
  class space    used 10568K, committed 10944K, reserved 1048576K
}
Event: 2450.112 GC heap after
{Heap after GC invocations=76 (full 13):
 garbage-first heap   total 81920K, used 21798K [0x0000000081600000, 0x0000000100000000)
  region size 1024K, 0 young (0K), 0 survivors (0K)
 Metaspace       used 73764K, committed 76544K, reserved 1179648K
  class space    used 10206K, committed 10944K, reserved 1048576K
}
Event: 2457.771 GC heap before
{Heap before GC invocations=76 (full 13):
 garbage-first heap   total 81920K, used 67878K [0x0000000081600000, 0x0000000100000000)
  region size 1024K, 46 young (47104K), 0 survivors (0K)
 Metaspace       used 74030K, committed 76544K, reserved 1179648K
  class space    used 10257K, committed 10944K, reserved 1048576K
}
Event: 2457.779 GC heap after
{Heap after GC invocations=77 (full 13):
 garbage-first heap   total 81920K, used 27395K [0x0000000081600000, 0x0000000100000000)
  region size 1024K, 6 young (6144K), 6 survivors (6144K)
 Metaspace       used 74030K, committed 76544K, reserved 1179648K
  class space    used 10257K, committed 10944K, reserved 1048576K
}

Dll operation events (13 events):
Event: 0.020 Loaded shared library C:\Program Files\Java\jdk-20\bin\java.dll
Event: 0.032 Loaded shared library C:\Program Files\Java\jdk-20\bin\jsvml.dll
Event: 0.229 Loaded shared library C:\Program Files\Java\jdk-20\bin\zip.dll
Event: 0.232 Loaded shared library C:\Program Files\Java\jdk-20\bin\instrument.dll
Event: 0.236 Loaded shared library C:\Program Files\Java\jdk-20\bin\net.dll
Event: 0.238 Loaded shared library C:\Program Files\Java\jdk-20\bin\nio.dll
Event: 0.241 Loaded shared library C:\Program Files\Java\jdk-20\bin\zip.dll
Event: 0.386 Loaded shared library C:\Program Files\Java\jdk-20\bin\jimage.dll
Event: 0.436 Loaded shared library C:\Program Files\Java\jdk-20\bin\management.dll
Event: 0.446 Loaded shared library C:\Program Files\Java\jdk-20\bin\management_ext.dll
Event: 0.727 Loaded shared library C:\Program Files\Java\jdk-20\bin\extnet.dll
Event: 0.752 Loaded shared library C:\Program Files\Java\jdk-20\bin\verify.dll
Event: 5.011 Loaded shared library C:\Program Files\Java\jdk-20\bin\sunmscapi.dll

Deoptimization events (20 events):
Event: 2518.821 Thread 0x0000027cd4f2f600 DEOPT PACKING pc=0x0000027cc55cb714 sp=0x000000ee12efd020
Event: 2518.821 Thread 0x0000027cd4f2f600 DEOPT UNPACKING pc=0x0000027cc4bfa4c2 sp=0x000000ee12efc570 mode 1
Event: 2518.821 Thread 0x0000027cd4f2f600 DEOPT PACKING pc=0x0000027cc5ba841c sp=0x000000ee12efd130
Event: 2518.821 Thread 0x0000027cd4f2f600 DEOPT UNPACKING pc=0x0000027cc4bfa4c2 sp=0x000000ee12efc658 mode 1
Event: 2518.821 Thread 0x0000027cd4f2f600 DEOPT PACKING pc=0x0000027cc55cb714 sp=0x000000ee12efd020
Event: 2518.821 Thread 0x0000027cd4f2f600 DEOPT UNPACKING pc=0x0000027cc4bfa4c2 sp=0x000000ee12efc570 mode 1
Event: 2518.821 Thread 0x0000027cd4f2f600 DEOPT PACKING pc=0x0000027cc5ba841c sp=0x000000ee12efd130
Event: 2518.821 Thread 0x0000027cd4f2f600 DEOPT UNPACKING pc=0x0000027cc4bfa4c2 sp=0x000000ee12efc658 mode 1
Event: 2518.821 Thread 0x0000027cd4f2f600 DEOPT PACKING pc=0x0000027cc55cb714 sp=0x000000ee12efd000
Event: 2518.821 Thread 0x0000027cd4f2f600 DEOPT UNPACKING pc=0x0000027cc4bfa4c2 sp=0x000000ee12efc550 mode 1
Event: 2518.821 Thread 0x0000027cd4f2f600 DEOPT PACKING pc=0x0000027cc5f096ec sp=0x000000ee12efd110
Event: 2518.821 Thread 0x0000027cd4f2f600 DEOPT UNPACKING pc=0x0000027cc4bfa4c2 sp=0x000000ee12efc650 mode 1
Event: 2518.821 Thread 0x0000027cd4f2f600 DEOPT PACKING pc=0x0000027cc55cb714 sp=0x000000ee12efd060
Event: 2518.821 Thread 0x0000027cd4f2f600 DEOPT UNPACKING pc=0x0000027cc4bfa4c2 sp=0x000000ee12efc5c8 mode 1
Event: 2518.821 Thread 0x0000027cd4f2f600 DEOPT PACKING pc=0x0000027cc55cb714 sp=0x000000ee12efd000
Event: 2518.821 Thread 0x0000027cd4f2f600 DEOPT UNPACKING pc=0x0000027cc4bfa4c2 sp=0x000000ee12efc550 mode 1
Event: 2518.821 Thread 0x0000027cd4f2f600 DEOPT PACKING pc=0x0000027cc5f096ec sp=0x000000ee12efd110
Event: 2518.821 Thread 0x0000027cd4f2f600 DEOPT UNPACKING pc=0x0000027cc4bfa4c2 sp=0x000000ee12efc650 mode 1
Event: 2518.821 Thread 0x0000027cd4f2f600 DEOPT PACKING pc=0x0000027cc55cb714 sp=0x000000ee12efd060
Event: 2518.821 Thread 0x0000027cd4f2f600 DEOPT UNPACKING pc=0x0000027cc4bfa4c2 sp=0x000000ee12efc5c8 mode 1

Classes loaded (20 events):
Event: 728.373 Loading class sun/reflect/annotation/TypeNotPresentExceptionProxy
Event: 728.381 Loading class sun/reflect/annotation/TypeNotPresentExceptionProxy done
Event: 728.404 Loading class java/time/DurationEditor
Event: 728.404 Loading class java/time/DurationEditor done
Event: 1048.092 Loading class java/time/DurationEditor
Event: 1048.092 Loading class java/time/DurationEditor done
Event: 1110.839 Loading class java/lang/invoke/MethodHandleImpl$CountingWrapper$1
Event: 1110.847 Loading class java/lang/invoke/MethodHandleImpl$CountingWrapper$1 done
Event: 1190.385 Loading class java/time/DurationEditor
Event: 1190.385 Loading class java/time/DurationEditor done
Event: 1290.099 Loading class java/time/DurationEditor
Event: 1290.099 Loading class java/time/DurationEditor done
Event: 1608.143 Loading class java/time/DurationEditor
Event: 1608.143 Loading class java/time/DurationEditor done
Event: 1697.113 Loading class java/time/DurationEditor
Event: 1697.113 Loading class java/time/DurationEditor done
Event: 1857.021 Loading class java/time/DurationEditor
Event: 1857.021 Loading class java/time/DurationEditor done
Event: 1918.542 Loading class java/time/DurationEditor
Event: 1918.542 Loading class java/time/DurationEditor done

Classes unloaded (20 events):
Event: 2450.054 Thread 0x0000027ccdaf05c0 Unloading class 0x00000008011b4800 'com/Daniel/helpdesk/domain/Cliente'
Event: 2450.054 Thread 0x0000027ccdaf05c0 Unloading class 0x00000008011b8c80 'com/Daniel/helpdesk/domain/Pessoa'
Event: 2450.054 Thread 0x0000027ccdaf05c0 Unloading class 0x00000008011b8a90 'com/Daniel/helpdesk/repositories/ClienteRepository'
Event: 2450.054 Thread 0x0000027ccdaf05c0 Unloading class 0x00000008011b8800 'com/Daniel/helpdesk/domain/Chamado'
Event: 2450.054 Thread 0x0000027ccdaf05c0 Unloading class 0x0000000801339430 'com/Daniel/helpdesk/repositories/ChamadoRepository'
Event: 2450.054 Thread 0x0000027ccdaf05c0 Unloading class 0x0000000801339208 'com/Daniel/helpdesk/service/TecnicoService'
Event: 2450.054 Thread 0x0000027ccdaf05c0 Unloading class 0x0000000801339000 'com/Daniel/helpdesk/service/DBService'
Event: 2450.054 Thread 0x0000027ccdaf05c0 Unloading class 0x000000080138a440 'com/Daniel/helpdesk/service/ClienteService'
Event: 2450.054 Thread 0x0000027ccdaf05c0 Unloading class 0x000000080138a218 'com/Daniel/helpdesk/controller/TecnicoController'
Event: 2450.054 Thread 0x0000027ccdaf05c0 Unloading class 0x000000080138a000 'com/Daniel/helpdesk/controller/exceptions/ControllerExceptionHendler'
Event: 2450.054 Thread 0x0000027ccdaf05c0 Unloading class 0x00000008013b2c00 'com/Daniel/helpdesk/controller/ClienteController'
Event: 2450.054 Thread 0x0000027ccdaf05c0 Unloading class 0x00000008013b29f8 'com/Daniel/helpdesk/config/TestConfig'
Event: 2450.054 Thread 0x0000027ccdaf05c0 Unloading class 0x00000008013b2800 'com/Daniel/helpdesk/HelpdeskApplication'
Event: 2450.054 Thread 0x0000027ccdaf05c0 Unloading class 0x0000000801864000 'java/lang/invoke/LambdaForm$MH+0x0000000801864000'
Event: 2450.054 Thread 0x0000027ccdaf05c0 Unloading class 0x00000008017b9000 'java/lang/invoke/LambdaForm$MH+0x00000008017b9000'
Event: 2450.054 Thread 0x0000027ccdaf05c0 Unloading class 0x0000000801101c00 'java/lang/invoke/LambdaForm$MH+0x0000000801101c00'
Event: 2450.054 Thread 0x0000027ccdaf05c0 Unloading class 0x0000000801389000 'java/lang/invoke/LambdaForm$MH+0x0000000801389000'
Event: 2450.054 Thread 0x0000027ccdaf05c0 Unloading class 0x00000008013bac00 'java/lang/invoke/LambdaForm$MH+0x00000008013bac00'
Event: 2450.054 Thread 0x0000027ccdaf05c0 Unloading class 0x0000000801940000 'java/lang/invoke/LambdaForm$MH+0x0000000801940000'
Event: 2457.818 Thread 0x0000027ccdaf05c0 Unloading class 0x0000000801ac9800 'jdk/internal/reflect/GeneratedSerializationConstructorAccessor157'

Classes redefined (11 events):
Event: 29.964 Thread 0x0000027ccdaf05c0 redefined class name=com.Daniel.helpdesk.controller.exceptions.ControllerExceptionHendler, count=1
Event: 1854.725 Thread 0x0000027ccdaf05c0 redefined class name=com.Daniel.helpdesk.domain.Pessoa, count=1
Event: 1854.726 Thread 0x0000027ccdaf05c0 redefined class name=com.Daniel.helpdesk.domain.Pessoa, count=1
Event: 1854.726 Thread 0x0000027ccdaf05c0 redefined class name=com.Daniel.helpdesk.domain.Pessoa, count=1
Event: 1854.726 Thread 0x0000027ccdaf05c0 redefined class name=com.Daniel.helpdesk.domain.Pessoa, count=1
Event: 1854.726 Thread 0x0000027ccdaf05c0 redefined class name=com.Daniel.helpdesk.domain.Pessoa, count=1
Event: 1854.726 Thread 0x0000027ccdaf05c0 redefined class name=com.Daniel.helpdesk.domain.Pessoa, count=1
Event: 1854.726 Thread 0x0000027ccdaf05c0 redefined class name=com.Daniel.helpdesk.domain.Pessoa, count=1
Event: 1854.726 Thread 0x0000027ccdaf05c0 redefined class name=com.Daniel.helpdesk.domain.Pessoa, count=1
Event: 1854.726 Thread 0x0000027ccdaf05c0 redefined class name=com.Daniel.helpdesk.domain.Pessoa, count=1
Event: 1854.726 Thread 0x0000027ccdaf05c0 redefined class name=com.Daniel.helpdesk.domain.Pessoa, count=1

Internal exceptions (20 events):
Event: 1917.885 Thread 0x0000027cd2f8b9b0 Exception <a 'java/lang/NoClassDefFoundError'{0x0000000084e3a678}: org/quartz/Scheduler> (0x0000000084e3a678) 
thrown [s\open\src\hotspot\share\oops\constantPool.cpp, line 848]
Event: 1917.887 Thread 0x0000027cd2f8b9b0 Exception <a 'java/lang/NoClassDefFoundError'{0x0000000084e3acf8}: org/springframework/session/jdbc/JdbcIndexedSessionRepository> (0x0000000084e3acf8) 
thrown [s\open\src\hotspot\share\oops\constantPool.cpp, line 848]
Event: 1917.978 Thread 0x0000027cd2f8b9b0 Exception <a 'java/io/FileNotFoundException'{0x000000008488d398}> (0x000000008488d398) 
thrown [s\open\src\hotspot\share\prims\jni.cpp, line 519]
Event: 1918.031 Thread 0x0000027cd2f8b9b0 Exception <a 'java/io/FileNotFoundException'{0x000000008435d678}> (0x000000008435d678) 
thrown [s\open\src\hotspot\share\prims\jni.cpp, line 519]
Event: 1918.543 Thread 0x0000027cd2f8b9b0 Exception <a 'java/lang/NoSuchMethodError'{0x00000000849b6568}: 'void java.lang.invoke.DelegatingMethodHandle$Holder.reinvoke_L(java.lang.Object, java.lang.Object, int)'> (0x00000000849b6568) 
thrown [s\open\src\hotspot\share\interpreter\linkResolver.cpp, line 773]
Event: 1918.780 Thread 0x0000027cd4f2f600 Exception <a 'java/lang/NoSuchMethodError'{0x00000000862b43e0}: static [B.<clinit>()V> (0x00000000862b43e0) 
thrown [s\open\src\hotspot\share\prims\jni.cpp, line 1105]
Event: 2449.789 Thread 0x0000027cd2f8c9a0 Exception <a 'java/lang/InterruptedException'{0x0000000085e36990}: sleep interrupted> (0x0000000085e36990) 
thrown [s\open\src\hotspot\share\prims\jvm.cpp, line 3086]
Event: 2450.155 Thread 0x0000027cd4f2bb90 Exception <a 'sun/nio/fs/WindowsException'{0x00000000865c0018}> (0x00000000865c0018) 
thrown [s\open\src\hotspot\share\prims\jni.cpp, line 519]
Event: 2450.708 Thread 0x0000027cd4f2bb90 Exception <a 'java/lang/NoClassDefFoundError'{0x0000000084d16230}: org/flywaydb/core/Flyway> (0x0000000084d16230) 
thrown [s\open\src\hotspot\share\oops\constantPool.cpp, line 848]
Event: 2457.404 Thread 0x0000027cd4f2bb90 Exception <a 'java/lang/NoClassDefFoundError'{0x0000000084d16890}: liquibase/integration/spring/SpringLiquibase> (0x0000000084d16890) 
thrown [s\open\src\hotspot\share\oops\constantPool.cpp, line 848]
Event: 2457.413 Thread 0x0000027cd4f2bb90 Exception <a 'java/lang/NoClassDefFoundError'{0x0000000084dc12b8}: org/jooq/DSLContext> (0x0000000084dc12b8) 
thrown [s\open\src\hotspot\share\oops\constantPool.cpp, line 848]
Event: 2457.416 Thread 0x0000027cd4f2bb90 Exception <a 'java/lang/NoClassDefFoundError'{0x0000000084dd04f0}: org/springframework/batch/core/repository/JobRepository> (0x0000000084dd04f0) 
thrown [s\open\src\hotspot\share\oops\constantPool.cpp, line 848]
Event: 2457.419 Thread 0x0000027cd4f2bb90 Exception <a 'java/lang/NoClassDefFoundError'{0x0000000084dd0b48}: org/quartz/Scheduler> (0x0000000084dd0b48) 
thrown [s\open\src\hotspot\share\oops\constantPool.cpp, line 848]
Event: 2457.420 Thread 0x0000027cd4f2bb90 Exception <a 'java/lang/NoClassDefFoundError'{0x0000000084dd11c8}: org/springframework/session/jdbc/JdbcIndexedSessionRepository> (0x0000000084dd11c8) 
thrown [s\open\src\hotspot\share\oops\constantPool.cpp, line 848]
Event: 2457.465 Thread 0x0000027cd4f2bb90 Exception <a 'java/lang/NoSuchMethodError'{0x0000000084a5d5d0}: 'void java.lang.invoke.DelegatingMethodHandle$Holder.reinvoke_L(java.lang.Object, java.lang.Object, int)'> (0x0000000084a5d5d0) 
thrown [s\open\src\hotspot\share\interpreter\linkResolver.cpp, line 773]
Event: 2457.507 Thread 0x0000027cd4f2bb90 Exception <a 'java/lang/NoSuchMethodError'{0x00000000848eba48}: 'int java.lang.invoke.DirectMethodHandle$Holder.invokeVirtual(java.lang.Object, java.lang.Object, java.lang.Object, java.lang.Object)'> (0x00000000848eba48) 
thrown [s\open\src\hotspot\share\interpreter\linkResolver.cpp, line 773]
Event: 2457.507 Thread 0x0000027cd4f2bb90 Exception <a 'java/lang/NoSuchMethodError'{0x00000000848ef360}: 'int java.lang.invoke.DelegatingMethodHandle$Holder.reinvoke_L(java.lang.Object, java.lang.Object, java.lang.Object, java.lang.Object)'> (0x00000000848ef360) 
thrown [s\open\src\hotspot\share\interpreter\linkResolver.cpp, line 773]
Event: 2457.543 Thread 0x0000027cd4f2bb90 Exception <a 'java/io/FileNotFoundException'{0x0000000084543260}> (0x0000000084543260) 
thrown [s\open\src\hotspot\share\prims\jni.cpp, line 519]
Event: 2457.602 Thread 0x0000027cd4f2bb90 Exception <a 'java/io/FileNotFoundException'{0x0000000084029118}> (0x0000000084029118) 
thrown [s\open\src\hotspot\share\prims\jni.cpp, line 519]
Event: 2518.821 Thread 0x0000027cd4f2f600 Exception <a 'java/lang/NoSuchMethodError'{0x0000000084846828}: static [B.<clinit>()V> (0x0000000084846828) 
thrown [s\open\src\hotspot\share\prims\jni.cpp, line 1105]

VM Operations (20 events):
Event: 2457.817 Executing VM operation: G1PauseRemark
Event: 2457.838 Executing VM operation: G1PauseRemark done
Event: 2457.856 Executing VM operation: G1PauseCleanup
Event: 2457.857 Executing VM operation: G1PauseCleanup done
Event: 2458.863 Executing VM operation: Cleanup
Event: 2458.863 Executing VM operation: Cleanup done
Event: 2463.434 Executing VM operation: get/set locals
Event: 2463.434 Executing VM operation: get/set locals done
Event: 2463.586 Executing VM operation: GetObjectMonitorUsage
Event: 2463.586 Executing VM operation: GetObjectMonitorUsage done
Event: 2463.587 Executing VM operation: GetObjectMonitorUsage
Event: 2463.587 Executing VM operation: GetObjectMonitorUsage done
Event: 2463.588 Executing VM operation: GetObjectMonitorUsage
Event: 2463.588 Executing VM operation: GetObjectMonitorUsage done
Event: 2463.589 Executing VM operation: GetObjectMonitorUsage
Event: 2463.589 Executing VM operation: GetObjectMonitorUsage done
Event: 2499.014 Executing VM operation: ChangeSingleStep
Event: 2499.014 Executing VM operation: ChangeSingleStep done
Event: 2499.015 Executing VM operation: ChangeSingleStep
Event: 2499.015 Executing VM operation: ChangeSingleStep done

Events (20 events):
Event: 2450.077 Thread 0x0000027ccdaf05c0 flushing nmethod 0x0000027cc4d48110
Event: 2450.077 Thread 0x0000027ccdaf05c0 flushing nmethod 0x0000027cc4d39390
Event: 2450.077 Thread 0x0000027ccdaf05c0 flushing nmethod 0x0000027cc4d36c10
Event: 2450.077 Thread 0x0000027ccdaf05c0 flushing nmethod 0x0000027cc4d2c210
Event: 2450.077 Thread 0x0000027ccdaf05c0 flushing nmethod 0x0000027cc4cd8890
Event: 2450.113 Thread 0x0000027cd4f2cb80 Thread added: 0x0000027cd4f2cb80
Event: 2450.113 Thread 0x0000027cd4f2cb80 Thread exited: 0x0000027cd4f2cb80
Event: 2450.114 Thread 0x0000027cd4f2bb90 Thread added: 0x0000027cd4f2bb90
Event: 2450.239 Thread 0x0000027cd4f2e0c0 Thread added: 0x0000027cd4f2e0c0
Event: 2450.323 Thread 0x0000027cd4f2e0c0 Thread exited: 0x0000027cd4f2e0c0
Event: 2457.588 Thread 0x0000027cd4f2b0f0 Thread added: 0x0000027cd4f2b0f0
Event: 2457.603 Thread 0x0000027cd4f315e0 Thread added: 0x0000027cd4f315e0
Event: 2457.603 Thread 0x0000027cd4f2cb80 Thread added: 0x0000027cd4f2cb80
Event: 2457.603 Thread 0x0000027cd4f325d0 Thread added: 0x0000027cd4f325d0
Event: 2457.698 Thread 0x0000027cd4f2c630 Thread added: 0x0000027cd4f2c630
Event: 2457.864 Thread 0x0000027cd36849f0 Thread added: 0x0000027cd36849f0
Event: 2457.867 Thread 0x0000027cd367dab0 Thread added: 0x0000027cd367dab0
Event: 2461.407 Thread 0x0000027cd367dab0 Thread exited: 0x0000027cd367dab0
Event: 2462.867 Thread 0x0000027cd4f2c630 Thread exited: 0x0000027cd4f2c630
Event: 2466.410 Thread 0x0000027cd36849f0 Thread exited: 0x0000027cd36849f0


Dynamic libraries:
0x00007ff6e7b10000 - 0x00007ff6e7b20000 	C:\Program Files\Java\jdk-20\bin\javaw.exe
0x00007ffeedfd0000 - 0x00007ffeee1e7000 	C:\WINDOWS\SYSTEM32\ntdll.dll
0x00007ffeecb10000 - 0x00007ffeecbd4000 	C:\WINDOWS\System32\KERNEL32.DLL
0x00007ffeeb970000 - 0x00007ffeebd16000 	C:\WINDOWS\System32\KERNELBASE.dll
0x00007ffeeb730000 - 0x00007ffeeb841000 	C:\WINDOWS\System32\ucrtbase.dll
0x00007ffedaa40000 - 0x00007ffedaa59000 	C:\Program Files\Java\jdk-20\bin\jli.dll
0x00007ffeecbe0000 - 0x00007ffeecc93000 	C:\WINDOWS\System32\ADVAPI32.dll
0x00007ffec78c0000 - 0x00007ffec78db000 	C:\Program Files\Java\jdk-20\bin\VCRUNTIME140.dll
0x00007ffeec220000 - 0x00007ffeec2c7000 	C:\WINDOWS\System32\msvcrt.dll
0x00007ffeeccc0000 - 0x00007ffeecd68000 	C:\WINDOWS\System32\sechost.dll
0x00007ffeeb310000 - 0x00007ffeeb338000 	C:\WINDOWS\System32\bcrypt.dll
0x00007ffeed0e0000 - 0x00007ffeed1f7000 	C:\WINDOWS\System32\RPCRT4.dll
0x00007ffeec830000 - 0x00007ffeec9de000 	C:\WINDOWS\System32\USER32.dll
0x00007ffeeb850000 - 0x00007ffeeb876000 	C:\WINDOWS\System32\win32u.dll
0x00007ffeec4a0000 - 0x00007ffeec4c9000 	C:\WINDOWS\System32\GDI32.dll
0x00007ffecb5c0000 - 0x00007ffecb853000 	C:\WINDOWS\WinSxS\amd64_microsoft.windows.common-controls_6595b64144ccf1df_6.0.22621.2506_none_270c5ae97388e100\COMCTL32.dll
0x00007ffeeb3e0000 - 0x00007ffeeb4f8000 	C:\WINDOWS\System32\gdi32full.dll
0x00007ffeeb340000 - 0x00007ffeeb3da000 	C:\WINDOWS\System32\msvcp_win.dll
0x00007ffee3730000 - 0x00007ffee373a000 	C:\WINDOWS\SYSTEM32\VERSION.dll
0x00007ffeec3e0000 - 0x00007ffeec411000 	C:\WINDOWS\System32\IMM32.DLL
0x00007ffee6710000 - 0x00007ffee671c000 	C:\Program Files\Java\jdk-20\bin\vcruntime140_1.dll
0x00007ffeb1080000 - 0x00007ffeb110e000 	C:\Program Files\Java\jdk-20\bin\msvcp140.dll
0x00007ffe9cbf0000 - 0x00007ffe9d887000 	C:\Program Files\Java\jdk-20\bin\server\jvm.dll
0x00007ffee86a0000 - 0x00007ffee86a9000 	C:\WINDOWS\SYSTEM32\WSOCK32.dll
0x00007ffee4620000 - 0x00007ffee4654000 	C:\WINDOWS\SYSTEM32\WINMM.dll
0x00007ffeec420000 - 0x00007ffeec491000 	C:\WINDOWS\System32\WS2_32.dll
0x00007ffeea350000 - 0x00007ffeea368000 	C:\WINDOWS\SYSTEM32\kernel.appcore.dll
0x00007ffee5380000 - 0x00007ffee538a000 	C:\Program Files\Java\jdk-20\bin\jimage.dll
0x00007ffec5380000 - 0x00007ffec55b3000 	C:\WINDOWS\SYSTEM32\DBGHELP.DLL
0x00007ffeebe90000 - 0x00007ffeec219000 	C:\WINDOWS\System32\combase.dll
0x00007ffeecfa0000 - 0x00007ffeed077000 	C:\WINDOWS\System32\OLEAUT32.dll
0x00007ffec5290000 - 0x00007ffec52c2000 	C:\WINDOWS\SYSTEM32\dbgcore.DLL
0x00007ffeeb8f0000 - 0x00007ffeeb96a000 	C:\WINDOWS\System32\bcryptPrimitives.dll
0x00007ffec60c0000 - 0x00007ffec60fc000 	C:\Program Files\Java\jdk-20\bin\jdwp.dll
0x00007ffee4750000 - 0x00007ffee475e000 	C:\Program Files\Java\jdk-20\bin\instrument.dll
0x00007ffec7580000 - 0x00007ffec75a6000 	C:\Program Files\Java\jdk-20\bin\java.dll
0x00007ffeb0730000 - 0x00007ffeb0807000 	C:\Program Files\Java\jdk-20\bin\jsvml.dll
0x00007ffeed290000 - 0x00007ffeedaeb000 	C:\WINDOWS\System32\SHELL32.dll
0x00007ffee9270000 - 0x00007ffee9b66000 	C:\WINDOWS\SYSTEM32\windows.storage.dll
0x00007ffee9130000 - 0x00007ffee926e000 	C:\WINDOWS\SYSTEM32\wintypes.dll
0x00007ffeec730000 - 0x00007ffeec823000 	C:\WINDOWS\System32\SHCORE.dll
0x00007ffeecf40000 - 0x00007ffeecf9e000 	C:\WINDOWS\System32\shlwapi.dll
0x00007ffeeb240000 - 0x00007ffeeb266000 	C:\WINDOWS\SYSTEM32\profapi.dll
0x00007ffedd0b0000 - 0x00007ffedd0bc000 	C:\Program Files\Java\jdk-20\bin\dt_socket.dll
0x00007ffee9dd0000 - 0x00007ffee9dfd000 	C:\WINDOWS\SYSTEM32\IPHLPAPI.DLL
0x00007ffeea7d0000 - 0x00007ffeea839000 	C:\WINDOWS\system32\mswsock.dll
0x00007ffee9e40000 - 0x00007ffee9f39000 	C:\WINDOWS\SYSTEM32\DNSAPI.dll
0x00007ffeecf30000 - 0x00007ffeecf39000 	C:\WINDOWS\System32\NSI.dll
0x00007ffedc310000 - 0x00007ffedc31a000 	C:\Windows\System32\rasadhlp.dll
0x00007ffee3830000 - 0x00007ffee38b3000 	C:\WINDOWS\System32\fwpuclnt.dll
0x00007ffec31e0000 - 0x00007ffec31f8000 	C:\Program Files\Java\jdk-20\bin\zip.dll
0x00007ffec2c30000 - 0x00007ffec2c43000 	C:\Program Files\Java\jdk-20\bin\net.dll
0x00007ffee4fa0000 - 0x00007ffee50d7000 	C:\WINDOWS\SYSTEM32\WINHTTP.dll
0x00007ffec2c10000 - 0x00007ffec2c26000 	C:\Program Files\Java\jdk-20\bin\nio.dll
0x00007ffedcb30000 - 0x00007ffedcb3a000 	C:\Program Files\Java\jdk-20\bin\management.dll
0x00007ffedc320000 - 0x00007ffedc32b000 	C:\Program Files\Java\jdk-20\bin\management_ext.dll
0x00007ffeec3d0000 - 0x00007ffeec3d8000 	C:\WINDOWS\System32\PSAPI.DLL
0x00007ffee6340000 - 0x00007ffee6357000 	C:\WINDOWS\system32\napinsp.dll
0x00007ffee47e0000 - 0x00007ffee47fb000 	C:\WINDOWS\system32\pnrpnsp.dll
0x00007ffee47c0000 - 0x00007ffee47d1000 	C:\WINDOWS\System32\winrnr.dll
0x00007ffebfba0000 - 0x00007ffebfbb5000 	C:\WINDOWS\system32\wshbth.dll
0x00007ffe96bd0000 - 0x00007ffe96bf1000 	C:\WINDOWS\system32\nlansp_c.dll
0x00007ffeeaa20000 - 0x00007ffeeaa3b000 	C:\WINDOWS\SYSTEM32\CRYPTSP.dll
0x00007ffeea2b0000 - 0x00007ffeea2e5000 	C:\WINDOWS\system32\rsaenh.dll
0x00007ffeea8c0000 - 0x00007ffeea8ec000 	C:\WINDOWS\SYSTEM32\USERENV.dll
0x00007ffeeaa40000 - 0x00007ffeeaa4c000 	C:\WINDOWS\SYSTEM32\CRYPTBASE.dll
0x00007ffee5160000 - 0x00007ffee5179000 	C:\WINDOWS\SYSTEM32\dhcpcsvc6.DLL
0x00007ffee5100000 - 0x00007ffee511f000 	C:\WINDOWS\SYSTEM32\dhcpcsvc.DLL
0x00007ffedb230000 - 0x00007ffedb237000 	C:\Program Files\Java\jdk-20\bin\extnet.dll
0x00007ffed9610000 - 0x00007ffed9620000 	C:\Program Files\Java\jdk-20\bin\verify.dll
0x00007ffedc780000 - 0x00007ffedc78e000 	C:\Program Files\Java\jdk-20\bin\sunmscapi.dll
0x00007ffeeb500000 - 0x00007ffeeb666000 	C:\WINDOWS\System32\CRYPT32.dll
0x00007ffeeabc0000 - 0x00007ffeeabee000 	C:\WINDOWS\SYSTEM32\ncrypt.dll
0x00007ffeeab80000 - 0x00007ffeeabb7000 	C:\WINDOWS\SYSTEM32\NTASN1.dll
0x00007ffee5c10000 - 0x00007ffee5c18000 	C:\WINDOWS\system32\wshunix.dll

dbghelp: loaded successfully - version: 4.0.5 - missing functions: none
symbol engine: initialized successfully - sym options: 0x614 - pdb path: .;C:\Program Files\Java\jdk-20\bin;C:\WINDOWS\SYSTEM32;C:\WINDOWS\WinSxS\amd64_microsoft.windows.common-controls_6595b64144ccf1df_6.0.22621.2506_none_270c5ae97388e100;C:\Program Files\Java\jdk-20\bin\server

VM Arguments:
jvm_args: -XX:+ShowCodeDetailsInExceptionMessages -agentlib:jdwp=transport=dt_socket,suspend=y,address=localhost:61704 -Dcom.sun.management.jmxremote -Dcom.sun.management.jmxremote.port=61703 -Dcom.sun.management.jmxremote.authenticate=false -Dcom.sun.management.jmxremote.ssl=false -Djava.rmi.server.hostname=localhost -Dspring.jmx.enabled=true -Dmanagement.endpoints.jmx.exposure.include=* -Dspring.application.admin.enabled=true -XX:TieredStopAtLevel=1 -Dspring.boot.project.name=helpdesk -javaagent:C:\sts-4.20.0.RELEASE\configuration\org.eclipse.osgi\262\0\.cp\lib\javaagent-shaded.jar -Dfile.encoding=UTF-8 -Dstdout.encoding=UTF-8 -Dstderr.encoding=UTF-8 
java_command: com.Daniel.helpdesk.HelpdeskApplication --spring.output.ansi.enabled=always
java_class_path (initial): C:\projeto\helpdesk\target\classes;C:\Users\User\.m2\repository\org\springframework\boot\spring-boot-starter-data-jpa\3.1.3\spring-boot-starter-data-jpa-3.1.3.jar;C:\Users\User\.m2\repository\org\springframework\boot\spring-boot-starter-aop\3.1.3\spring-boot-starter-aop-3.1.3.jar;C:\Users\User\.m2\repository\org\springframework\spring-aop\6.0.11\spring-aop-6.0.11.jar;C:\Users\User\.m2\repository\org\aspectj\aspectjweaver\1.9.20\aspectjweaver-1.9.20.jar;C:\Users\User\.m2\repository\org\springframework\boot\spring-boot-starter-jdbc\3.1.3\spring-boot-starter-jdbc-3.1.3.jar;C:\Users\User\.m2\repository\com\zaxxer\HikariCP\5.0.1\HikariCP-5.0.1.jar;C:\Users\User\.m2\repository\org\springframework\spring-jdbc\6.0.11\spring-jdbc-6.0.11.jar;C:\Users\User\.m2\repository\org\hibernate\orm\hibernate-core\6.2.7.Final\hibernate-core-6.2.7.Final.jar;C:\Users\User\.m2\repository\jakarta\persistence\jakarta.persistence-api\3.1.0\jakarta.persistence-api-3.1.0.jar;C:\Users\User\.m2\repository\jakarta\transaction\jakarta.transaction-api\2.0.1\jakarta.transaction-api-2.0.1.jar;C:\Users\User\.m2\repository\org\jboss\logging\jboss-logging\3.5.3.Final\jboss-logging-3.5.3.Final.jar;C:\Users\User\.m2\repository\org\hibernate\common\hibernate-commons-annotations\6.0.6.Final\hibernate-commons-annotations-6.0.6.Final.jar;C:\Users\User\.m2\repository\io\smallrye\jandex\3.0.5\jandex-3.0.5.jar;C:\Users\User\.m2\repository\com\fasterxml\classmate\1.5.1\classmate-1.5.1.jar;C:\Users\User\.m2\repository\net\bytebuddy\byte-buddy\1.14.6\byte-buddy-1.14.6.jar;C:\Users\User\.m2\repository\org\glassfish\jaxb\jaxb-runtime\4.0.3\jaxb-runtime-4.0.3.jar;C:\Users\User\.m2\repository\org\glassfish\jaxb\jaxb-core\4.0.3\jaxb-core-4.0.3.jar;C:\Users\User\.m2\repository\org\eclipse\angus\angus-activation\2.0.1\angus-activation-2.0.1.jar;C:\Users\User\.m2\repository\org\glassfish\jaxb\txw2\4.0.3\txw2-4.0.3.jar;C:\Users\User\.m2\repository\com\sun\istack\istack-commons-runtime\4.1.2\istack-commons-runtime-4.1.2.jar;C:\Users\User\.m2\repository\jakarta\inject\jakarta.inject-api\2.0.1\jakarta.inject-api-2.0.1.jar;C:\Users\User\.m2\repository\org\antlr\antlr4-runtime\4.10.1\antlr4-runtime-4.10.1.jar;C:\Users\User\.m2\repository\org\springframework\data\spring-data-jpa\3.1.3\spring-data-jpa-3.1.3.jar;C:\Users\User\.m2\repository\org\springframework\data\spring-data-commons\3.1.3\spring-data-commons-3.1.3.jar;C:\Users\User\.m2\repository\org\springframework\spring-orm\6.0.11\spring-orm-6.0.11.jar;C:\Users\User\.m2\repository\org\springframework\spring-context\6.0.11\spring-context-6.0.11.jar;C:\Users\User\.m2\repository\org\springframework\spring-tx\6.0.11\spring-tx-6.0.11.jar;C:\Users\User\.m2\repository\org\springframework\spring-beans\6.0.11\spring-beans-6.0.11.jar;C:\Users\User\.m2\repository\jakarta\annotation\jakarta.annotation-api\2.1.1\jakarta.annotation-api-2.1.1.jar;C:\Users\User\.m2\repository\org\slf4j\slf4j-api\2.0.7\slf4j-api-2.0.7.jar;C:\Users\User\.m2\repository\org\springframework\spring-aspects\6.0.11\spring-aspects-6.0.11.jar;C:\Users\User\.m2\repository\org\projectlombok\lombok\1.18.28\lombok-1.18.28.jar;C:\Users\User\.m2\repository\org\springframework\boot\spring-boot-starter-validation\3.1.3\spring-boot-starter-validation-3.1.3.jar;C:\Users\User\.m2\repository\org\springframework\boot\spring-boot-starter\3.1.3\spring-boot-starter-3.1.3.jar;C:\Users\User\.m2\repository\org\springframework\boot\spring-boot-starter-logging\3.1.3\spring-boot-starter-logging-3.1.3.jar;C:\Users\User\.m2\repository\ch\qos\logback\logback-classic\1.4.11\logback-classic-1.4.11.jar;C:\Users\User\.m2\repository\ch\qos\logback\logback-core\1.4.11\logback-core-1.4.11.jar;C:\Users\User\.m2\repository\org\apache\logging\log4j\log4j-to-slf4j\2.20.0\log4j-to-slf4j-2.20.0.jar;C:\Users\User\.m2\repository\org\apache\logging\log4j\log4j-api\2.20.0\log4j-api-2.20.0.jar;C:\Users\User\.m2\repository\org\slf4j\jul-to-slf4j\2.0.7\jul-to-slf4j-2.0.7.jar;C:\Users\User\.m2\repository\org\yaml\snakeyaml\1.33\snakeyaml-1.33.jar;C:\Users\User\.m2\repository\org\apache\tomcat\embed\tomcat-embed-el\10.1.12\tomcat-embed-el-10.1.12.jar;C:\Users\User\.m2\repository\org\hibernate\validator\hibernate-validator\8.0.1.Final\hibernate-validator-8.0.1.Final.jar;C:\Users\User\.m2\repository\jakarta\validation\jakarta.validation-api\3.0.2\jakarta.validation-api-3.0.2.jar;C:\Users\User\.m2\repository\org\springframework\boot\spring-boot-starter-web\3.1.3\spring-boot-starter-web-3.1.3.jar;C:\Users\User\.m2\repository\org\springframework\boot\spring-boot-starter-json\3.1.3\spring-boot-starter-json-3.1.3.jar;C:\Users\User\.m2\repository\com\fasterxml\jackson\core\jackson-databind\2.15.2\jackson-databind-2.15.2.jar;C:\Users\User\.m2\repository\com\fasterxml\jackson\core\jackson-annotations\2.15.2\jackson-annotations-2.15.2.jar;C:\Users\User\.m2\repository\com\fasterxml\jackson\core\jackson-core\2.15.2\jackson-core-2.15.2.jar;C:\Users\User\.m2\repository\com\fasterxml\jackson\datatype\jackson-datatype-jdk8\2.15.2\jackson-datatype-jdk8-2.15.2.jar;C:\Users\User\.m2\repository\com\fasterxml\jackson\datatype\jackson-datatype-jsr310\2.15.2\jackson-datatype-jsr310-2.15.2.jar;C:\Users\User\.m2\repository\com\fasterxml\jackson\module\jackson-module-parameter-names\2.15.2\jackson-module-parameter-names-2.15.2.jar;C:\Users\User\.m2\repository\org\springframework\boot\spring-boot-starter-tomcat\3.1.3\spring-boot-starter-tomcat-3.1.3.jar;C:\Users\User\.m2\repository\org\apache\tomcat\embed\tomcat-embed-core\10.1.12\tomcat-embed-core-10.1.12.jar;C:\Users\User\.m2\repository\org\apache\tomcat\embed\tomcat-embed-websocket\10.1.12\tomcat-embed-websocket-10.1.12.jar;C:\Users\User\.m2\repository\org\springframework\spring-web\6.0.11\spring-web-6.0.11.jar;C:\Users\User\.m2\repository\io\micrometer\micrometer-observation\1.11.3\micrometer-observation-1.11.3.jar;C:\Users\User\.m2\repository\io\micrometer\micrometer-commons\1.11.3\micrometer-commons-1.11.3.jar;C:\Users\User\.m2\repository\org\springframework\spring-webmvc\6.0.11\spring-webmvc-6.0.11.jar;C:\Users\User\.m2\repository\org\springframework\spring-expression\6.0.11\spring-expression-6.0.11.jar;C:\Users\User\.m2\repository\org\springframework\boot\spring-boot-devtools\3.1.3\spring-boot-devtools-3.1.3.jar;C:\Users\User\.m2\repository\org\springframework\boot\spring-boot\3.1.3\spring-boot-3.1.3.jar;C:\Users\User\.m2\repository\org\springframework\boot\spring-boot-autoconfigure\3.1.3\spring-boot-autoconfigure-3.1.3.jar;C:\Users\User\.m2\repository\com\h2database\h2\2.1.214\h2-2.1.214.jar;C:\Users\User\.m2\repository\com\mysql\mysql-connector-j\8.0.33\mysql-connector-j-8.0.33.jar;C:\Users\User\.m2\repository\jakarta\xml\bind\jakarta.xml.bind-api\4.0.0\jakarta.xml.bind-api-4.0.0.jar;C:\Users\User\.m2\repository\jakarta\activation\jakarta.activation-api\2.1.2\jakarta.activation-api-2.1.2.jar;C:\Users\User\.m2\repository\org\springframework\spring-core\6.0.11\spring-core-6.0.11.jar;C:\Users\User\.m2\repository\org\springframework\spring-jcl\6.0.11\spring-jcl-6.0.11.jar
Launcher Type: SUN_STANDARD

[Global flags]
     intx CICompilerCount                          = 4                                         {product} {ergonomic}
     uint ConcGCThreads                            = 2                                         {product} {ergonomic}
     uint G1ConcRefinementThreads                  = 8                                         {product} {ergonomic}
   size_t G1HeapRegionSize                         = 1048576                                   {product} {ergonomic}
    uintx GCDrainStackTargetSize                   = 64                                        {product} {ergonomic}
   size_t InitialHeapSize                          = 134217728                                 {product} {ergonomic}
     bool ManagementServer                         = true                                      {product} {command line}
   size_t MarkStackSize                            = 4194304                                   {product} {ergonomic}
   size_t MaxHeapSize                              = 2124414976                                {product} {ergonomic}
   size_t MaxNewSize                               = 1274019840                                {product} {ergonomic}
   size_t MinHeapDeltaBytes                        = 1048576                                   {product} {ergonomic}
   size_t MinHeapSize                              = 8388608                                   {product} {ergonomic}
    uintx NonProfiledCodeHeapSize                  = 0                                      {pd product} {ergonomic}
     bool ProfileInterpreter                       = false                                  {pd product} {command line}
    uintx ProfiledCodeHeapSize                     = 0                                      {pd product} {ergonomic}
     bool ShowCodeDetailsInExceptionMessages       = true                                   {manageable} {command line}
   size_t SoftMaxHeapSize                          = 2124414976                             {manageable} {ergonomic}
     intx TieredStopAtLevel                        = 1                                         {product} {command line}
     bool UseCompressedClassPointers               = true                           {product lp64_product} {ergonomic}
     bool UseCompressedOops                        = true                           {product lp64_product} {ergonomic}
     bool UseG1GC                                  = true                                      {product} {ergonomic}
     bool UseLargePagesIndividualAllocation        = false                                  {pd product} {ergonomic}

Logging:
Log output configuration:
 #0: stdout all=warning uptime,level,tags foldmultilines=false
 #1: stderr all=off uptime,level,tags foldmultilines=false

Environment Variables:
JAVA_HOME=C:\Program Files\Java\jdk-20
PATH=C:/sts-4.20.0.RELEASE//plugins/org.eclipse.justj.openjdk.hotspot.jre.full.win32.x86_64_17.0.8.v20230831-1047/jre/bin/server;C:/sts-4.20.0.RELEASE//plugins/org.eclipse.justj.openjdk.hotspot.jre.full.win32.x86_64_17.0.8.v20230831-1047/jre/bin;C:\Program Files\Common Files\Oracle\Java\javapath;C:\Program Files\Java\jdk-20\bin;C:\WINDOWS\system32;C:\WINDOWS;C:\WINDOWS\System32\Wbem;C:\WINDOWS\System32\WindowsPowerShell\v1.0\;C:\WINDOWS\System32\OpenSSH\;C:\Program Files\nodejs\;C:\Program Files\Git\cmd;C:\Program Files\Microsoft SQL Server\Client SDK\ODBC\170\Tools\Binn\;C:\apache-maven-3.9.1\bin;C:\Program Files (x86)\Microsoft SQL Server\150\Tools\Binn\;C:\Program Files\Microsoft SQL Server\150\Tools\Binn\;C:\Program Files (x86)\Microsoft SQL Server\150\DTS\Binn\;C:\Program Files\Microsoft SQL Server\150\DTS\Binn\;C:\Program Files (x86)\Microsoft SQL Server\160\DTS\Binn\;C:\Program Files\Azure Data Studio\bin;C:\Users\User\AppData\Local\Microsoft\WindowsApps;;C:\Users\User\AppData\Local\Programs\Microsoft VS Code\bin;C:\Users\User\AppData\Roaming\npm;C:\Program Files\Azure Data Studio\bin;C:\Program Files\Azure Data Studio\bin;C:\sts-4.20.0.RELEASE;
USERNAME=User
OS=Windows_NT
PROCESSOR_IDENTIFIER=Intel64 Family 6 Model 142 Stepping 10, GenuineIntel
TMP=C:\Users\User\AppData\Local\Temp
TEMP=C:\Users\User\AppData\Local\Temp




---------------  S Y S T E M  ---------------

OS:
 Windows 11 , 64 bit Build 22621 (10.0.22621.3085)
OS uptime: 4 days 13:36 hours

CPU: total 8 (initial active 8) (4 cores per cpu, 2 threads per core) family 6 model 142 stepping 10 microcode 0xea, cx8, cmov, fxsr, ht, mmx, 3dnowpref, sse, sse2, sse3, ssse3, sse4.1, sse4.2, popcnt, lzcnt, tsc, tscinvbit, avx, avx2, aes, erms, clmul, bmi1, bmi2, adx, fma, vzeroupper, clflush, clflushopt, rdtscp, f16c

Memory: 4k page, system-wide physical 8101M (1421M free)
TotalPageFile size 24485M (AvailPageFile size 14231M)
current process WorkingSet (physical memory assigned to process): 262M, peak: 264M
current process commit charge ("private bytes"): 303M, peak: 318M

vm_info: Java HotSpot(TM) 64-Bit Server VM (20+36-2344) for windows-amd64 JRE (20+36-2344), built on 2023-02-10T19:30:15Z by "mach5one" with MS VC++ 17.1 (VS2022)

END.
